#
# There is insufficient memory for the Java Runtime Environment to continue.
# Native memory allocation (mmap) failed to map 50331648 bytes for G1 virtual space
# Possible reasons:
#   The system is out of physical RAM or swap space
#   The process is running with CompressedOops enabled, and the Java Heap may be blocking the growth of the native heap
# Possible solutions:
#   Reduce memory load on the system
#   Increase physical memory or swap space
#   Check if swap backing store is full
#   Decrease Java heap size (-Xmx/-Xms)
#   Decrease number of Java threads
#   Decrease Java thread stack sizes (-Xss)
#   Set larger code cache with -XX:ReservedCodeCacheSize=
#   JVM is running with Unscaled Compressed Oops mode in which the Java heap is
#     placed in the first 4GB address space. The Java Heap base address is the
#     maximum limit for the native heap growth. Please use -XX:HeapBaseMinAddress
#     to set the Java Heap base and to place the Java Heap above 4GB virtual address.
# This output file may be truncated or incomplete.
#
#  Out of Memory Error (os_windows.cpp:3535), pid=112884, tid=113524
#
# JRE version: OpenJDK Runtime Environment Temurin-17.0.3+7 (17.0.3+7) (build 17.0.3+7)
# Java VM: OpenJDK 64-Bit Server VM Temurin-17.0.3+7 (17.0.3+7, mixed mode, tiered, compressed oops, compressed class ptrs, g1 gc, windows-amd64)
# No core dump will be written. Minidumps are not enabled by default on client versions of Windows
#

---------------  S U M M A R Y ------------

Command Line: -ea -Dfile.encoding=UTF-8 -XX:+ShowCodeDetailsInExceptionMessages org.eclipse.jdt.internal.junit.runner.RemoteTestRunner -version 3 -port 61861 -testLoaderClass org.eclipse.jdt.internal.junit4.runner.JUnit4TestLoader -loaderpluginname org.eclipse.jdt.junit4.runtime -test com.bmf.automation.runner.TestRunner:verify user can Reload his Card with valid kit number mapped to his credentials

Host: 11th Gen Intel(R) Core(TM) i3-1115G4 @ 3.00GHz, 4 cores, 7G,  Windows 11 , 64 bit Build 22000 (10.0.22000.708)
Time: Mon Aug 22 15:16:40 2022 India Standard Time elapsed time: 7.016252 seconds (0d 0h 0m 7s)

---------------  T H R E A D  ---------------

Current thread (0x00000193d3ce73b0):  VMThread "VM Thread" [stack: 0x0000007dc3400000,0x0000007dc3500000] [id=113524]

Stack: [0x0000007dc3400000,0x0000007dc3500000]
Native frames: (J=compiled Java code, j=interpreted, Vv=VM code, C=native code)
V  [jvm.dll+0x675efa]
V  [jvm.dll+0x830a24]
V  [jvm.dll+0x8321ce]
V  [jvm.dll+0x832833]
V  [jvm.dll+0x2454b5]
V  [jvm.dll+0x672de9]
V  [jvm.dll+0x667732]
V  [jvm.dll+0x3043ab]
V  [jvm.dll+0x30b8f6]
V  [jvm.dll+0x35b62e]
V  [jvm.dll+0x35b85f]
V  [jvm.dll+0x2db248]
V  [jvm.dll+0x2d94fc]
V  [jvm.dll+0x2d8acc]
V  [jvm.dll+0x31ca2b]
V  [jvm.dll+0x836cdb]
V  [jvm.dll+0x837a14]
V  [jvm.dll+0x837f2c]
V  [jvm.dll+0x838304]
V  [jvm.dll+0x8383d0]
V  [jvm.dll+0x7e0cfa]
V  [jvm.dll+0x674d85]
C  [ucrtbase.dll+0x26c0c]
C  [KERNEL32.DLL+0x154e0]
C  [ntdll.dll+0x485b]

VM_Operation (0x0000007dc2efc580): G1CollectForAllocation, mode: safepoint, requested by thread 0x00000193ba74cd10


---------------  P R O C E S S  ---------------

Threads class SMR info:
_java_thread_list=0x00000193d90c5730, length=25, elements={
0x00000193ba74cd10, 0x00000193d3d25090, 0x00000193d3d26770, 0x00000193d3d758d0,
0x00000193d3d77eb0, 0x00000193d3d78b20, 0x00000193d4818e70, 0x00000193d4819b90,
0x00000193d481a8f0, 0x00000193d482b580, 0x00000193d4989230, 0x00000193d49abb70,
0x00000193d4ca8c90, 0x00000193d68626e0, 0x00000193d7529850, 0x00000193d5d3dea0,
0x00000193d71ce7e0, 0x00000193d67d6290, 0x00000193d67d6760, 0x00000193d5ebc3b0,
0x00000193d5ebe090, 0x00000193d5ebd6f0, 0x00000193d5ebc880, 0x00000193d5ebbee0,
0x00000193d5ebdbc0
}

Java Threads: ( => current thread )
  0x00000193ba74cd10 JavaThread "Forwarding findElement on session 1aaced5ce2af019ba7a8320ea2574060 to remote" [_thread_blocked, id=108300, stack(0x0000007dc2e00000,0x0000007dc2f00000)]
  0x00000193d3d25090 JavaThread "Reference Handler" daemon [_thread_blocked, id=105908, stack(0x0000007dc3500000,0x0000007dc3600000)]
  0x00000193d3d26770 JavaThread "Finalizer" daemon [_thread_blocked, id=112540, stack(0x0000007dc3600000,0x0000007dc3700000)]
  0x00000193d3d758d0 JavaThread "Signal Dispatcher" daemon [_thread_blocked, id=111248, stack(0x0000007dc3700000,0x0000007dc3800000)]
  0x00000193d3d77eb0 JavaThread "Attach Listener" daemon [_thread_blocked, id=84076, stack(0x0000007dc3800000,0x0000007dc3900000)]
  0x00000193d3d78b20 JavaThread "Service Thread" daemon [_thread_blocked, id=95092, stack(0x0000007dc3900000,0x0000007dc3a00000)]
  0x00000193d4818e70 JavaThread "Monitor Deflation Thread" daemon [_thread_blocked, id=110672, stack(0x0000007dc3a00000,0x0000007dc3b00000)]
  0x00000193d4819b90 JavaThread "C2 CompilerThread0" daemon [_thread_blocked, id=113224, stack(0x0000007dc3b00000,0x0000007dc3c00000)]
  0x00000193d481a8f0 JavaThread "C1 CompilerThread0" daemon [_thread_blocked, id=109648, stack(0x0000007dc3c00000,0x0000007dc3d00000)]
  0x00000193d482b580 JavaThread "Sweeper thread" daemon [_thread_blocked, id=82492, stack(0x0000007dc3d00000,0x0000007dc3e00000)]
  0x00000193d4989230 JavaThread "Notification Thread" daemon [_thread_blocked, id=80460, stack(0x0000007dc3e00000,0x0000007dc3f00000)]
  0x00000193d49abb70 JavaThread "Common-Cleaner" daemon [_thread_blocked, id=104036, stack(0x0000007dc4000000,0x0000007dc4100000)]
  0x00000193d4ca8c90 JavaThread "ReaderThread" [_thread_in_native, id=84720, stack(0x0000007dc4200000,0x0000007dc4300000)]
  0x00000193d68626e0 JavaThread "ForkJoinPool.commonPool-worker-1" daemon [_thread_blocked, id=112888, stack(0x0000007dc4600000,0x0000007dc4700000)]
  0x00000193d7529850 JavaThread "AsyncHttpClient-1-1" daemon [_thread_blocked, id=111168, stack(0x0000007dc4100000,0x0000007dc4200000)]
  0x00000193d5d3dea0 JavaThread "Exec Default Executor" daemon [_thread_in_native, id=103564, stack(0x0000007dc4700000,0x0000007dc4800000)]
  0x00000193d71ce7e0 JavaThread "Driver Service Executor" daemon [_thread_blocked, id=89724, stack(0x0000007dc4800000,0x0000007dc4900000)]
  0x00000193d67d6290 JavaThread "Driver Service Executor" daemon [_thread_blocked, id=83288, stack(0x0000007dc4900000,0x0000007dc4a00000)]
  0x00000193d67d6760 JavaThread "UrlChecker-2" daemon [_thread_blocked, id=99008, stack(0x0000007dc4a00000,0x0000007dc4b00000)]
  0x00000193d5ebc3b0 JavaThread "Exec Stream Pumper" daemon [_thread_in_native, id=114420, stack(0x0000007dc4b00000,0x0000007dc4c00000)]
  0x00000193d5ebe090 JavaThread "Exec Stream Pumper" daemon [_thread_in_native, id=111716, stack(0x0000007dc4c00000,0x0000007dc4d00000)]
  0x00000193d5ebd6f0 JavaThread "Keep-Alive-Timer" daemon [_thread_blocked, id=76232, stack(0x0000007dc4e00000,0x0000007dc4f00000)]
  0x00000193d5ebc880 JavaThread "AsyncHttpClient-1-2" daemon [_thread_in_native, id=73880, stack(0x0000007dc4f00000,0x0000007dc5000000)]
  0x00000193d5ebbee0 JavaThread "AsyncHttpClient-1-3" daemon [_thread_in_native, id=106288, stack(0x0000007dc5100000,0x0000007dc5200000)]
  0x00000193d5ebdbc0 JavaThread "AsyncHttpClient-1-4" daemon [_thread_in_native, id=55668, stack(0x0000007dc5200000,0x0000007dc5300000)]

Other Threads:
=>0x00000193d3ce73b0 VMThread "VM Thread" [stack: 0x0000007dc3400000,0x0000007dc3500000] [id=113524]
  0x00000193ba7c9650 WatcherThread [stack: 0x0000007dc3f00000,0x0000007dc4000000] [id=108708]
  0x00000193ba7aa230 GCTaskThread "GC Thread#0" [stack: 0x0000007dc2f00000,0x0000007dc3000000] [id=94772]
  0x00000193d507c330 GCTaskThread "GC Thread#1" [stack: 0x0000007dc4300000,0x0000007dc4400000] [id=103228]
  0x00000193d53f4300 GCTaskThread "GC Thread#2" [stack: 0x0000007dc4400000,0x0000007dc4500000] [id=102524]
  0x00000193d53f45b0 GCTaskThread "GC Thread#3" [stack: 0x0000007dc4500000,0x0000007dc4600000] [id=75120]
  0x00000193ba7baa40 ConcurrentGCThread "G1 Main Marker" [stack: 0x0000007dc3000000,0x0000007dc3100000] [id=110244]
  0x00000193ba7bba90 ConcurrentGCThread "G1 Conc#0" [stack: 0x0000007dc3100000,0x0000007dc3200000] [id=110960]
  0x00000193ba816820 ConcurrentGCThread "G1 Refine#0" [stack: 0x0000007dc3200000,0x0000007dc3300000] [id=108940]
  0x00000193ba817c10 ConcurrentGCThread "G1 Service" [stack: 0x0000007dc3300000,0x0000007dc3400000] [id=81240]

Threads with active compile tasks:

VM state: at safepoint (normal execution)

VM Mutex/Monitor currently owned by a thread:  ([mutex/lock_event])
[0x00000193ba748fa0] Threads_lock - owner thread: 0x00000193d3ce73b0
[0x00000193ba749030] Heap_lock - owner thread: 0x00000193ba74cd10

Heap address: 0x0000000083200000, size: 1998 MB, Compressed Oops mode: 32-bit

CDS archive(s) not mapped
Compressed class space mapped at: 0x0000000100000000-0x0000000140000000, reserved size: 1073741824
Narrow klass base: 0x0000000000000000, Narrow klass shift: 3, Narrow klass range: 0x140000000

GC Precious Log:
 CPUs: 4 total, 4 available
 Memory: 7991M
 Large Page Support: Disabled
 NUMA Support: Disabled
 Compressed Oops: Enabled (32-bit)
 Heap Region Size: 1M
 Heap Min Capacity: 8M
 Heap Initial Capacity: 126M
 Heap Max Capacity: 1998M
 Pre-touch: Disabled
 Parallel Workers: 4
 Concurrent Workers: 1
 Concurrent Refinement Workers: 4
 Periodic GC: Disabled

Heap:
 garbage-first heap   total 30720K, used 17295K [0x0000000083200000, 0x0000000100000000)
  region size 1024K, 2 young (2048K), 2 survivors (2048K)
 Metaspace       used 35442K, committed 35712K, reserved 1081344K
  class space    used 4109K, committed 4224K, reserved 1048576K

Heap Regions: E=young(eden), S=young(survivor), O=old, HS=humongous(starts), HC=humongous(continues), CS=collection set, F=free, OA=open archive, CA=closed archive, TAMS=top-at-mark-start (previous, next)
|   0|0x0000000083200000, 0x0000000083300000, 0x0000000083300000|100%| O|  |TAMS 0x0000000083300000, 0x0000000083300000| Untracked 
|   1|0x0000000083300000, 0x0000000083400000, 0x0000000083400000|100%| O|  |TAMS 0x0000000083400000, 0x0000000083400000| Untracked 
|   2|0x0000000083400000, 0x0000000083500000, 0x0000000083500000|100%| O|  |TAMS 0x0000000083500000, 0x0000000083500000| Untracked 
|   3|0x0000000083500000, 0x0000000083600000, 0x0000000083600000|100%| O|  |TAMS 0x0000000083600000, 0x0000000083600000| Untracked 
|   4|0x0000000083600000, 0x000000008365ce00, 0x0000000083700000| 36%| O|  |TAMS 0x000000008365ce00, 0x000000008365ce00| Untracked 
|   5|0x0000000083700000, 0x0000000083800000, 0x0000000083800000|100%| O|  |TAMS 0x0000000083700000, 0x0000000083800000| Untracked 
|   6|0x0000000083800000, 0x0000000083900000, 0x0000000083900000|100%| O|  |TAMS 0x0000000083800000, 0x0000000083900000| Untracked 
|   7|0x0000000083900000, 0x0000000083992200, 0x0000000083a00000| 57%| O|  |TAMS 0x0000000083900000, 0x0000000083992200| Untracked 
|   8|0x0000000083a00000, 0x0000000083a00000, 0x0000000083b00000|  0%| F|  |TAMS 0x0000000083a00000, 0x0000000083a00000| Untracked 
|   9|0x0000000083b00000, 0x0000000083bf4cd0, 0x0000000083c00000| 95%| S|CS|TAMS 0x0000000083b00000, 0x0000000083b00000| Complete 
|  10|0x0000000083c00000, 0x0000000083d00000, 0x0000000083d00000|100%| S|CS|TAMS 0x0000000083c00000, 0x0000000083c00000| Complete 
|  11|0x0000000083d00000, 0x0000000083d00000, 0x0000000083e00000|  0%| F|  |TAMS 0x0000000083d00000, 0x0000000083d00000| Untracked 
|  12|0x0000000083e00000, 0x0000000083f00000, 0x0000000083f00000|100%| O|  |TAMS 0x0000000083e00000, 0x0000000083f00000| Untracked 
|  13|0x0000000083f00000, 0x0000000084000000, 0x0000000084000000|100%| O|  |TAMS 0x0000000083f00000, 0x0000000084000000| Untracked 
|  14|0x0000000084000000, 0x0000000084100000, 0x0000000084100000|100%| O|  |TAMS 0x0000000084000000, 0x0000000084100000| Untracked 
|  15|0x0000000084100000, 0x0000000084200000, 0x0000000084200000|100%|HS|  |TAMS 0x0000000084100000, 0x0000000084100000| Complete 
|  16|0x0000000084200000, 0x0000000084300000, 0x0000000084300000|100%|HC|  |TAMS 0x0000000084200000, 0x0000000084200000| Complete 
|  17|0x0000000084300000, 0x0000000084400000, 0x0000000084400000|100%|HC|  |TAMS 0x0000000084300000, 0x0000000084300000| Complete 
|  18|0x0000000084400000, 0x0000000084500000, 0x0000000084500000|100%|HC|  |TAMS 0x0000000084400000, 0x0000000084400000| Complete 
|  19|0x0000000084500000, 0x0000000084600000, 0x0000000084600000|100%|HC|  |TAMS 0x0000000084500000, 0x0000000084500000| Complete 
|  20|0x0000000084600000, 0x0000000084600000, 0x0000000084700000|  0%| F|  |TAMS 0x0000000084600000, 0x0000000084600000| Untracked 
|  21|0x0000000084700000, 0x0000000084700000, 0x0000000084800000|  0%| F|  |TAMS 0x0000000084700000, 0x0000000084700000| Untracked 
|  22|0x0000000084800000, 0x0000000084800000, 0x0000000084900000|  0%| F|  |TAMS 0x0000000084800000, 0x0000000084800000| Untracked 
|  23|0x0000000084900000, 0x0000000084900000, 0x0000000084a00000|  0%| F|  |TAMS 0x0000000084900000, 0x0000000084900000| Untracked 
|  24|0x0000000084a00000, 0x0000000084a00000, 0x0000000084b00000|  0%| F|  |TAMS 0x0000000084a00000, 0x0000000084a00000| Untracked 
|  25|0x0000000084b00000, 0x0000000084b00000, 0x0000000084c00000|  0%| F|  |TAMS 0x0000000084b00000, 0x0000000084b00000| Untracked 
| 101|0x0000000089700000, 0x0000000089700000, 0x0000000089800000|  0%| F|  |TAMS 0x0000000089700000, 0x0000000089700000| Untracked 
| 102|0x0000000089800000, 0x0000000089800000, 0x0000000089900000|  0%| F|  |TAMS 0x0000000089800000, 0x0000000089800000| Untracked 
| 103|0x0000000089900000, 0x0000000089900000, 0x0000000089a00000|  0%| F|  |TAMS 0x0000000089900000, 0x0000000089900000| Untracked 
| 125|0x000000008af00000, 0x000000008af00000, 0x000000008b000000|  0%| F|  |TAMS 0x000000008af00000, 0x000000008af00000| Untracked 

Card table byte_map: [0x00000193cd1f0000,0x00000193cd5e0000] _byte_map_base: 0x00000193ccdd7000

Marking Bits (Prev, Next): (CMBitMap*) 0x00000193ba7aa720, (CMBitMap*) 0x00000193ba7aa6e0
 Prev Bits: [0x00000193cf910000, 0x00000193d1848000)
 Next Bits: [0x00000193cd9d0000, 0x00000193cf908000)

Polling page: 0x00000193b86f0000

Metaspace:

Usage:
  Non-class:     30.60 MB used.
      Class:      4.01 MB used.
       Both:     34.61 MB used.

Virtual space:
  Non-class space:       32.00 MB reserved,      30.75 MB ( 96%) committed,  4 nodes.
      Class space:        1.00 GB reserved,       4.12 MB ( <1%) committed,  1 nodes.
             Both:        1.03 GB reserved,      34.88 MB (  3%) committed. 

Chunk freelists:
   Non-Class:  336.00 KB
       Class:  3.91 MB
        Both:  4.23 MB

MaxMetaspaceSize: unlimited
CompressedClassSpaceSize: 1.00 GB
Initial GC threshold: 21.00 MB
Current GC threshold: 35.12 MB
CDS: off
MetaspaceReclaimPolicy: balanced
 - commit_granule_bytes: 65536.
 - commit_granule_words: 8192.
 - virtual_space_node_default_size: 1048576.
 - enlarge_chunks_in_place: 1.
 - new_chunks_are_fully_committed: 0.
 - uncommit_free_chunks: 1.
 - use_allocation_guard: 0.
 - handle_deallocations: 1.


Internal statistics:

num_allocs_failed_limit: 3.
num_arena_births: 230.
num_arena_deaths: 0.
num_vsnodes_births: 5.
num_vsnodes_deaths: 0.
num_space_committed: 558.
num_space_uncommitted: 0.
num_chunks_returned_to_freelist: 3.
num_chunks_taken_from_freelist: 953.
num_chunk_merges: 0.
num_chunk_splits: 665.
num_chunks_enlarged: 538.
num_purges: 0.
num_inconsistent_stats: 0.

CodeHeap 'non-profiled nmethods': size=120000Kb used=1262Kb max_used=1262Kb free=118737Kb
 bounds [0x00000193c58d0000, 0x00000193c5b40000, 0x00000193cce00000]
CodeHeap 'profiled nmethods': size=120000Kb used=5608Kb max_used=5608Kb free=114391Kb
 bounds [0x00000193be3a0000, 0x00000193be920000, 0x00000193c58d0000]
CodeHeap 'non-nmethods': size=5760Kb used=1284Kb max_used=1341Kb free=4475Kb
 bounds [0x00000193bde00000, 0x00000193be070000, 0x00000193be3a0000]
 total_blobs=3384 nmethods=2797 adapters=499
 compilation: enabled
              stopped_count=0, restarted_count=0
 full_count=0

Compilation events (20 events):
Event: 6.997 Thread 0x00000193d481a8f0 2791       3       java.util.Collections$UnmodifiableMap$UnmodifiableEntrySet::lambda$entryConsumer$0 (15 bytes)
Event: 6.997 Thread 0x00000193d481a8f0 nmethod 2791 0x00000193be915f90 code [0x00000193be916180, 0x00000193be9166f8]
Event: 6.997 Thread 0x00000193d481a8f0 2792       3       org.openqa.selenium.json.JsonOutput$$Lambda$536/0x000000010035e558::test (12 bytes)
Event: 6.997 Thread 0x00000193d481a8f0 nmethod 2792 0x00000193be916910 code [0x00000193be916ae0, 0x00000193be917058]
Event: 6.997 Thread 0x00000193d481a8f0 2793       3       org.openqa.selenium.json.JsonOutput::lambda$write$32 (27 bytes)
Event: 6.997 Thread 0x00000193d481a8f0 nmethod 2793 0x00000193be917210 code [0x00000193be9173e0, 0x00000193be9177d8]
Event: 6.997 Thread 0x00000193d481a8f0 2796       3       io.netty.util.internal.ReferenceCountUpdater::isLiveNonVolatile (70 bytes)
Event: 6.997 Thread 0x00000193d481a8f0 nmethod 2796 0x00000193be917910 code [0x00000193be917ae0, 0x00000193be917f58]
Event: 7.007 Thread 0x00000193d481a8f0 2797       3       io.netty.util.AsciiString$1::hashCode (9 bytes)
Event: 7.008 Thread 0x00000193d481a8f0 nmethod 2797 0x00000193be918110 code [0x00000193be9182e0, 0x00000193be918818]
Event: 7.008 Thread 0x00000193d481a8f0 2798       3       io.netty.util.AsciiString$1::hashCode (5 bytes)
Event: 7.008 Thread 0x00000193d481a8f0 nmethod 2798 0x00000193be918990 code [0x00000193be918b60, 0x00000193be918f78]
Event: 7.008 Thread 0x00000193d481a8f0 2799       3       com.google.common.base.CharMatcher$JavaIsoControl::matches (25 bytes)
Event: 7.008 Thread 0x00000193d481a8f0 nmethod 2799 0x00000193be919090 code [0x00000193be919220, 0x00000193be9193f8]
Event: 7.008 Thread 0x00000193d481a8f0 2800       3       com.google.common.base.CharMatcher$IsNot::matches (14 bytes)
Event: 7.008 Thread 0x00000193d481a8f0 nmethod 2800 0x00000193be919490 code [0x00000193be919620, 0x00000193be919798]
Event: 7.008 Thread 0x00000193d481a8f0 2801       3       java.util.LinkedHashMap::<init> (10 bytes)
Event: 7.008 Thread 0x00000193d481a8f0 nmethod 2801 0x00000193be919810 code [0x00000193be9199c0, 0x00000193be919bf8]
Event: 7.009 Thread 0x00000193d481a8f0 2802       3       java.nio.Buffer::flip (20 bytes)
Event: 7.009 Thread 0x00000193d481a8f0 nmethod 2802 0x00000193be919d10 code [0x00000193be919ea0, 0x00000193be919fb8]

GC Heap History (15 events):
Event: 0.416 GC heap before
{Heap before GC invocations=0 (full 0):
 garbage-first heap   total 129024K, used 12288K [0x0000000083200000, 0x0000000100000000)
  region size 1024K, 13 young (13312K), 0 survivors (0K)
 Metaspace       used 10649K, committed 10816K, reserved 1064960K
  class space    used 1050K, committed 1152K, reserved 1048576K
}
Event: 0.419 GC heap after
{Heap after GC invocations=1 (full 0):
 garbage-first heap   total 129024K, used 4216K [0x0000000083200000, 0x0000000100000000)
  region size 1024K, 2 young (2048K), 2 survivors (2048K)
 Metaspace       used 10649K, committed 10816K, reserved 1064960K
  class space    used 1050K, committed 1152K, reserved 1048576K
}
Event: 0.654 GC heap before
{Heap before GC invocations=1 (full 0):
 garbage-first heap   total 129024K, used 18552K [0x0000000083200000, 0x0000000100000000)
  region size 1024K, 16 young (16384K), 2 survivors (2048K)
 Metaspace       used 14695K, committed 14912K, reserved 1064960K
  class space    used 1435K, committed 1536K, reserved 1048576K
}
Event: 0.656 GC heap after
{Heap after GC invocations=2 (full 0):
 garbage-first heap   total 129024K, used 5959K [0x0000000083200000, 0x0000000100000000)
  region size 1024K, 2 young (2048K), 2 survivors (2048K)
 Metaspace       used 14695K, committed 14912K, reserved 1064960K
  class space    used 1435K, committed 1536K, reserved 1048576K
}
Event: 1.086 GC heap before
{Heap before GC invocations=2 (full 0):
 garbage-first heap   total 129024K, used 25415K [0x0000000083200000, 0x0000000100000000)
  region size 1024K, 22 young (22528K), 2 survivors (2048K)
 Metaspace       used 21328K, committed 21504K, reserved 1073152K
  class space    used 2279K, committed 2368K, reserved 1048576K
}
Event: 1.089 GC heap after
{Heap after GC invocations=3 (full 0):
 garbage-first heap   total 129024K, used 7437K [0x0000000083200000, 0x0000000100000000)
  region size 1024K, 3 young (3072K), 3 survivors (3072K)
 Metaspace       used 21328K, committed 21504K, reserved 1073152K
  class space    used 2279K, committed 2368K, reserved 1048576K
}
Event: 1.577 GC heap before
{Heap before GC invocations=4 (full 0):
 garbage-first heap   total 30720K, used 21773K [0x0000000083200000, 0x0000000100000000)
  region size 1024K, 18 young (18432K), 3 survivors (3072K)
 Metaspace       used 25969K, committed 26176K, reserved 1073152K
  class space    used 2842K, committed 2944K, reserved 1048576K
}
Event: 1.581 GC heap after
{Heap after GC invocations=5 (full 0):
 garbage-first heap   total 30720K, used 9155K [0x0000000083200000, 0x0000000100000000)
  region size 1024K, 5 young (5120K), 5 survivors (5120K)
 Metaspace       used 25969K, committed 26176K, reserved 1073152K
  class space    used 2842K, committed 2944K, reserved 1048576K
}
Event: 2.049 GC heap before
{Heap before GC invocations=5 (full 0):
 garbage-first heap   total 30720K, used 18371K [0x0000000083200000, 0x0000000100000000)
  region size 1024K, 15 young (15360K), 5 survivors (5120K)
 Metaspace       used 29274K, committed 29440K, reserved 1081344K
  class space    used 3222K, committed 3328K, reserved 1048576K
}
Event: 2.054 GC heap after
{Heap after GC invocations=6 (full 0):
 garbage-first heap   total 30720K, used 10327K [0x0000000083200000, 0x0000000100000000)
  region size 1024K, 2 young (2048K), 2 survivors (2048K)
 Metaspace       used 29274K, committed 29440K, reserved 1081344K
  class space    used 3222K, committed 3328K, reserved 1048576K
}
Event: 2.290 GC heap before
{Heap before GC invocations=6 (full 0):
 garbage-first heap   total 30720K, used 19543K [0x0000000083200000, 0x0000000100000000)
  region size 1024K, 12 young (12288K), 2 survivors (2048K)
 Metaspace       used 31932K, committed 32192K, reserved 1081344K
  class space    used 3614K, committed 3712K, reserved 1048576K
}
Event: 2.292 GC heap after
{Heap after GC invocations=7 (full 0):
 garbage-first heap   total 30720K, used 10902K [0x0000000083200000, 0x0000000100000000)
  region size 1024K, 1 young (1024K), 1 survivors (1024K)
 Metaspace       used 31932K, committed 32192K, reserved 1081344K
  class space    used 3614K, committed 3712K, reserved 1048576K
}
Event: 2.397 GC heap before
{Heap before GC invocations=7 (full 0):
 garbage-first heap   total 30720K, used 16022K [0x0000000083200000, 0x0000000100000000)
  region size 1024K, 7 young (7168K), 1 survivors (1024K)
 Metaspace       used 33448K, committed 33728K, reserved 1081344K
  class space    used 3832K, committed 3968K, reserved 1048576K
}
Event: 2.400 GC heap after
{Heap after GC invocations=8 (full 0):
 garbage-first heap   total 30720K, used 11165K [0x0000000083200000, 0x0000000100000000)
  region size 1024K, 1 young (1024K), 1 survivors (1024K)
 Metaspace       used 33448K, committed 33728K, reserved 1081344K
  class space    used 3832K, committed 3968K, reserved 1048576K
}
Event: 7.009 GC heap before
{Heap before GC invocations=8 (full 0):
 garbage-first heap   total 30720K, used 24477K [0x0000000083200000, 0x0000000100000000)
  region size 1024K, 11 young (11264K), 1 survivors (1024K)
 Metaspace       used 35442K, committed 35712K, reserved 1081344K
  class space    used 4109K, committed 4224K, reserved 1048576K
}

Deoptimization events (20 events):
Event: 2.230 Thread 0x00000193ba74cd10 Uncommon trap: trap_request=0xffffff45 fr.pc=0x00000193c5971a04 relative=0x0000000000000084
Event: 2.230 Thread 0x00000193ba74cd10 Uncommon trap: reason=unstable_if action=reinterpret pc=0x00000193c5971a04 method=java.lang.CharacterDataLatin1.isWhitespace(I)Z @ 14 c2
Event: 2.230 Thread 0x00000193ba74cd10 DEOPT PACKING pc=0x00000193c5971a04 sp=0x0000007dc2efc950
Event: 2.230 Thread 0x00000193ba74cd10 DEOPT UNPACKING pc=0x00000193bde55c23 sp=0x0000007dc2efc8c0 mode 2
Event: 2.402 Thread 0x00000193d5ebc880 Uncommon trap: trap_request=0xffffffc6 fr.pc=0x00000193c59b2220 relative=0x00000000000007a0
Event: 2.402 Thread 0x00000193d5ebc880 Uncommon trap: reason=bimorphic_or_optimized_type_check action=maybe_recompile pc=0x00000193c59b2220 method=java.util.HashMap.putVal(ILjava/lang/Object;Ljava/lang/Object;ZZ)Ljava/lang/Object; @ 91 c2
Event: 2.403 Thread 0x00000193d5ebc880 DEOPT PACKING pc=0x00000193c59b2220 sp=0x0000007dc4ffef80
Event: 2.403 Thread 0x00000193d5ebc880 DEOPT UNPACKING pc=0x00000193bde55c23 sp=0x0000007dc4ffef30 mode 2
Event: 2.403 Thread 0x00000193d5ebc880 Uncommon trap: trap_request=0xffffffc6 fr.pc=0x00000193c59b2220 relative=0x00000000000007a0
Event: 2.403 Thread 0x00000193d5ebc880 Uncommon trap: reason=bimorphic_or_optimized_type_check action=maybe_recompile pc=0x00000193c59b2220 method=java.util.HashMap.putVal(ILjava/lang/Object;Ljava/lang/Object;ZZ)Ljava/lang/Object; @ 91 c2
Event: 2.403 Thread 0x00000193d5ebc880 DEOPT PACKING pc=0x00000193c59b2220 sp=0x0000007dc4ffef80
Event: 2.403 Thread 0x00000193d5ebc880 DEOPT UNPACKING pc=0x00000193bde55c23 sp=0x0000007dc4ffef30 mode 2
Event: 3.247 Thread 0x00000193d5ebbee0 Uncommon trap: trap_request=0xffffffc6 fr.pc=0x00000193c59b2220 relative=0x00000000000007a0
Event: 3.247 Thread 0x00000193d5ebbee0 Uncommon trap: reason=bimorphic_or_optimized_type_check action=maybe_recompile pc=0x00000193c59b2220 method=java.util.HashMap.putVal(ILjava/lang/Object;Ljava/lang/Object;ZZ)Ljava/lang/Object; @ 91 c2
Event: 3.247 Thread 0x00000193d5ebbee0 DEOPT PACKING pc=0x00000193c59b2220 sp=0x0000007dc51fe920
Event: 3.247 Thread 0x00000193d5ebbee0 DEOPT UNPACKING pc=0x00000193bde55c23 sp=0x0000007dc51fe8d0 mode 2
Event: 3.247 Thread 0x00000193d5ebbee0 Uncommon trap: trap_request=0xffffffc6 fr.pc=0x00000193c59b2220 relative=0x00000000000007a0
Event: 3.247 Thread 0x00000193d5ebbee0 Uncommon trap: reason=bimorphic_or_optimized_type_check action=maybe_recompile pc=0x00000193c59b2220 method=java.util.HashMap.putVal(ILjava/lang/Object;Ljava/lang/Object;ZZ)Ljava/lang/Object; @ 91 c2
Event: 3.247 Thread 0x00000193d5ebbee0 DEOPT PACKING pc=0x00000193c59b2220 sp=0x0000007dc51fe920
Event: 3.247 Thread 0x00000193d5ebbee0 DEOPT UNPACKING pc=0x00000193bde55c23 sp=0x0000007dc51fe8d0 mode 2

Classes unloaded (0 events):
No events

Classes redefined (0 events):
No events

Internal exceptions (20 events):
Event: 2.060 Thread 0x00000193ba74cd10 Exception <a 'java/lang/NoSuchMethodError'{0x000000008af437b0}: 'java.lang.Object java.lang.invoke.DirectMethodHandle$Holder.invokeInterface(java.lang.Object, java.lang.Object, java.lang.Object, java.lang.Object)'> (0x000000008af437b0) 
thrown [e:\jenkins\tmp\workspace\build\src\src\hotspot\share\interpreter\linkResolver.cpp, line 766]
Event: 2.062 Thread 0x00000193ba74cd10 Exception <a 'java/lang/NoSuchMethodError'{0x000000008af50060}: 'void java.lang.invoke.DirectMethodHandle$Holder.invokeInterface(java.lang.Object, java.lang.Object, java.lang.Object)'> (0x000000008af50060) 
thrown [e:\jenkins\tmp\workspace\build\src\src\hotspot\share\interpreter\linkResolver.cpp, line 766]
Event: 2.068 Thread 0x00000193ba74cd10 Exception <a 'java/lang/NoSuchMethodError'{0x000000008afa3160}: 'java.lang.Object java.lang.invoke.DirectMethodHandle$Holder.invokeVirtual(java.lang.Object, java.lang.Object, java.lang.Object)'> (0x000000008afa3160) 
thrown [e:\jenkins\tmp\workspace\build\src\src\hotspot\share\interpreter\linkResolver.cpp, line 766]
Event: 2.118 Thread 0x00000193d5d3dea0 Exception <a 'java/lang/NoSuchMethodError'{0x0000000089710170}: 'void java.lang.invoke.DirectMethodHandle$Holder.invokeStatic(java.lang.Object, long)'> (0x0000000089710170) 
thrown [e:\jenkins\tmp\workspace\build\src\src\hotspot\share\interpreter\linkResolver.cpp, line 766]
Event: 2.118 Thread 0x00000193d5d3dea0 Exception <a 'java/lang/NoSuchMethodError'{0x0000000089737bc0}: 'java.lang.Object java.lang.invoke.DirectMethodHandle$Holder.newInvokeSpecial(java.lang.Object, long)'> (0x0000000089737bc0) 
thrown [e:\jenkins\tmp\workspace\build\src\src\hotspot\share\interpreter\linkResolver.cpp, line 766]
Event: 2.120 Thread 0x00000193d5d3dea0 Exception <a 'java/lang/NoSuchMethodError'{0x0000000089741eb0}: 'java.lang.Object java.lang.invoke.DirectMethodHandle$Holder.invokeStaticInit(java.lang.Object, java.lang.Object, long, java.lang.Object)'> (0x0000000089741eb0) 
thrown [e:\jenkins\tmp\workspace\build\src\src\hotspot\share\interpreter\linkResolver.cpp, line 766]
Event: 2.120 Thread 0x00000193d5d3dea0 Exception <a 'java/lang/NoSuchMethodError'{0x0000000089748390}: 'java.lang.Object java.lang.invoke.DirectMethodHandle$Holder.newInvokeSpecial(java.lang.Object, java.lang.Object, long)'> (0x0000000089748390) 
thrown [e:\jenkins\tmp\workspace\build\src\src\hotspot\share\interpreter\linkResolver.cpp, line 766]
Event: 2.120 Thread 0x00000193d5d3dea0 Exception <a 'java/lang/NoSuchMethodError'{0x000000008974bf00}: 'java.lang.Object java.lang.invoke.Invokers$Holder.linkToTargetMethod(java.lang.Object, long, java.lang.Object)'> (0x000000008974bf00) 
thrown [e:\jenkins\tmp\workspace\build\src\src\hotspot\share\interpreter\linkResolver.cpp, line 766]
Event: 2.123 Thread 0x00000193d67d6760 Exception <a 'java/net/ConnectException'{0x000000008972a820}: Connection refused: no further information> (0x000000008972a820) 
thrown [e:\jenkins\tmp\workspace\build\src\src\hotspot\share\prims\jni.cpp, line 535]
Event: 2.123 Thread 0x00000193d67d6760 Exception <a 'java/net/SocketException'{0x000000008972ab58}: Socket is not connected: shutdown> (0x000000008972ab58) 
thrown [e:\jenkins\tmp\workspace\build\src\src\hotspot\share\prims\jni.cpp, line 535]
Event: 2.147 Thread 0x00000193d67d6760 Exception <a 'java/net/ConnectException'{0x000000008972bbc0}: Connection refused: no further information> (0x000000008972bbc0) 
thrown [e:\jenkins\tmp\workspace\build\src\src\hotspot\share\prims\jni.cpp, line 535]
Event: 2.147 Thread 0x00000193d67d6760 Exception <a 'java/net/SocketException'{0x000000008972bef8}: Socket is not connected: shutdown> (0x000000008972bef8) 
thrown [e:\jenkins\tmp\workspace\build\src\src\hotspot\share\prims\jni.cpp, line 535]
Event: 2.189 Thread 0x00000193ba74cd10 Exception <a 'java/lang/NoSuchMethodError'{0x00000000897f3788}: 'double java.lang.invoke.DirectMethodHandle$Holder.invokeVirtual(java.lang.Object, java.lang.Object)'> (0x00000000897f3788) 
thrown [e:\jenkins\tmp\workspace\build\src\src\hotspot\share\interpreter\linkResolver.cpp, line 766]
Event: 2.190 Thread 0x00000193ba74cd10 Exception <a 'java/lang/NoSuchMethodError'{0x00000000897f9fe8}: 'float java.lang.invoke.DirectMethodHandle$Holder.invokeVirtual(java.lang.Object, java.lang.Object)'> (0x00000000897f9fe8) 
thrown [e:\jenkins\tmp\workspace\build\src\src\hotspot\share\interpreter\linkResolver.cpp, line 766]
Event: 2.192 Thread 0x00000193ba74cd10 Exception <a 'java/lang/NoSuchMethodError'{0x0000000084b036f8}: 'long java.lang.invoke.DirectMethodHandle$Holder.invokeVirtual(java.lang.Object, java.lang.Object)'> (0x0000000084b036f8) 
thrown [e:\jenkins\tmp\workspace\build\src\src\hotspot\share\interpreter\linkResolver.cpp, line 766]
Event: 2.218 Thread 0x00000193ba74cd10 Exception <a 'java/lang/NoSuchMethodError'{0x0000000084a4b2e0}: 'void java.lang.invoke.DirectMethodHandle$Holder.invokeStatic(java.lang.Object, java.lang.Object, int)'> (0x0000000084a4b2e0) 
thrown [e:\jenkins\tmp\workspace\build\src\src\hotspot\share\interpreter\linkResolver.cpp, line 766]
Event: 2.249 Thread 0x00000193ba74cd10 Exception <a 'java/lang/NoSuchMethodError'{0x000000008481bba0}: 'int java.lang.invoke.DirectMethodHandle$Holder.invokeSpecialIFC(java.lang.Object, java.lang.Object, java.lang.Object)'> (0x000000008481bba0) 
thrown [e:\jenkins\tmp\workspace\build\src\src\hotspot\share\interpreter\linkResolver.cpp, line 766]
Event: 2.294 Thread 0x00000193ba74cd10 Exception <a 'java/lang/NoSuchMethodError'{0x000000008af26bd8}: 'void java.lang.invoke.DirectMethodHandle$Holder.invokeSpecial(java.lang.Object, java.lang.Object, java.lang.Object, java.lang.Object, java.lang.Object, java.lang.Object)'> (0x000000008af26bd8) 
thrown [e:\jenkins\tmp\workspace\build\src\src\hotspot\share\interpreter\linkResolver.cpp, line 766]
Event: 3.209 Thread 0x00000193ba74cd10 Exception <a 'java/lang/NoSuchMethodError'{0x000000008989f9f0}: 'java.lang.Object java.lang.invoke.DirectMethodHandle$Holder.invokeSpecialIFC(java.lang.Object, java.lang.Object, java.lang.Object)'> (0x000000008989f9f0) 
thrown [e:\jenkins\tmp\workspace\build\src\src\hotspot\share\interpreter\linkResolver.cpp, line 766]
Event: 3.218 Thread 0x00000193ba74cd10 Exception <a 'java/lang/ClassNotFoundException'{0x0000000089763010}: sun/util/logging/resources/spi/loggingProvider> (0x0000000089763010) 
thrown [e:\jenkins\tmp\workspace\build\src\src\hotspot\share\classfile\systemDictionary.cpp, line 256]

VM Operations (20 events):
Event: 1.581 Executing VM operation: G1CollectForAllocation done
Event: 1.764 Executing VM operation: HandshakeAllThreads
Event: 1.764 Executing VM operation: HandshakeAllThreads done
Event: 2.049 Executing VM operation: G1CollectForAllocation
Event: 2.054 Executing VM operation: G1CollectForAllocation done
Event: 2.179 Executing VM operation: HandshakeAllThreads
Event: 2.179 Executing VM operation: HandshakeAllThreads done
Event: 2.179 Executing VM operation: HandshakeAllThreads
Event: 2.179 Executing VM operation: HandshakeAllThreads done
Event: 2.181 Executing VM operation: HandshakeAllThreads
Event: 2.181 Executing VM operation: HandshakeAllThreads done
Event: 2.290 Executing VM operation: G1CollectForAllocation
Event: 2.292 Executing VM operation: G1CollectForAllocation done
Event: 2.397 Executing VM operation: G1TryInitiateConcMark
Event: 2.400 Executing VM operation: G1TryInitiateConcMark done
Event: 3.408 Executing VM operation: Cleanup
Event: 3.408 Executing VM operation: Cleanup done
Event: 4.409 Executing VM operation: Cleanup
Event: 4.409 Executing VM operation: Cleanup done
Event: 7.009 Executing VM operation: G1CollectForAllocation

Events (20 events):
Event: 3.252 loading class java/util/concurrent/locks/ReentrantReadWriteLock$ReadLock
Event: 3.252 loading class java/util/concurrent/locks/ReentrantReadWriteLock$ReadLock done
Event: 3.252 loading class java/util/concurrent/locks/ReentrantReadWriteLock$WriteLock
Event: 3.252 loading class java/util/concurrent/locks/ReentrantReadWriteLock$WriteLock done
Event: 3.257 loading class java/util/Base64
Event: 3.257 loading class java/util/Base64 done
Event: 3.257 loading class java/util/Base64$Encoder
Event: 3.258 loading class java/util/Base64$Encoder done
Event: 3.258 Thread 0x00000193d5ebdbc0 Thread added: 0x00000193d5ebdbc0
Event: 3.260 loading class java/util/concurrent/CompletableFuture$UniExceptionally
Event: 3.260 loading class java/util/concurrent/CompletableFuture$UniCompletion
Event: 3.260 loading class java/util/concurrent/CompletableFuture$UniCompletion done
Event: 3.260 loading class java/util/concurrent/CompletableFuture$UniExceptionally done
Event: 3.411 Thread 0x00000193d9092030 Thread exited: 0x00000193d9092030
Event: 3.921 loading class java/util/concurrent/ConcurrentLinkedDeque$Itr
Event: 3.921 loading class java/util/concurrent/ConcurrentLinkedDeque$AbstractItr
Event: 3.922 loading class java/util/concurrent/ConcurrentLinkedDeque$AbstractItr done
Event: 3.922 loading class java/util/concurrent/ConcurrentLinkedDeque$Itr done
Event: 6.814 loading class java/time/Instant$1
Event: 6.815 loading class java/time/Instant$1 done


Dynamic libraries:
0x00007ff6f75c0000 - 0x00007ff6f75ce000 	E:\Software\eclipse-jee-2022-06-R-win32-x86_64\eclipse\plugins\org.eclipse.justj.openjdk.hotspot.jre.full.win32.x86_64_17.0.3.v20220515-1416\jre\bin\javaw.exe
0x00007ffb62340000 - 0x00007ffb62549000 	C:\Windows\SYSTEM32\ntdll.dll
0x00007ffb62090000 - 0x00007ffb6214d000 	C:\Windows\System32\KERNEL32.DLL
0x00007ffb5f820000 - 0x00007ffb5fb9d000 	C:\Windows\System32\KERNELBASE.dll
0x00007ffb5fef0000 - 0x00007ffb60001000 	C:\Windows\System32\ucrtbase.dll
0x00007ffb4e140000 - 0x00007ffb4e159000 	E:\Software\eclipse-jee-2022-06-R-win32-x86_64\eclipse\plugins\org.eclipse.justj.openjdk.hotspot.jre.full.win32.x86_64_17.0.3.v20220515-1416\jre\bin\VCRUNTIME140.dll
0x00007ffb4db00000 - 0x00007ffb4db18000 	E:\Software\eclipse-jee-2022-06-R-win32-x86_64\eclipse\plugins\org.eclipse.justj.openjdk.hotspot.jre.full.win32.x86_64_17.0.3.v20220515-1416\jre\bin\jli.dll
0x00007ffb61530000 - 0x00007ffb616dd000 	C:\Windows\System32\USER32.dll
0x00007ffb5fcd0000 - 0x00007ffb5fcf6000 	C:\Windows\System32\win32u.dll
0x00007ffb61490000 - 0x00007ffb614b9000 	C:\Windows\System32\GDI32.dll
0x00007ffb60010000 - 0x00007ffb60128000 	C:\Windows\System32\gdi32full.dll
0x00007ffb4a190000 - 0x00007ffb4a435000 	C:\Windows\WinSxS\amd64_microsoft.windows.common-controls_6595b64144ccf1df_6.0.22000.120_none_9d947278b86cc467\COMCTL32.dll
0x00007ffb60130000 - 0x00007ffb601cd000 	C:\Windows\System32\msvcp_win.dll
0x00007ffb616e0000 - 0x00007ffb61783000 	C:\Windows\System32\msvcrt.dll
0x00007ffb61fb0000 - 0x00007ffb61fe1000 	C:\Windows\System32\IMM32.DLL
0x00007ffb54300000 - 0x00007ffb5430c000 	E:\Software\eclipse-jee-2022-06-R-win32-x86_64\eclipse\plugins\org.eclipse.justj.openjdk.hotspot.jre.full.win32.x86_64_17.0.3.v20220515-1416\jre\bin\vcruntime140_1.dll
0x00007ffb31dc0000 - 0x00007ffb31e51000 	E:\Software\eclipse-jee-2022-06-R-win32-x86_64\eclipse\plugins\org.eclipse.justj.openjdk.hotspot.jre.full.win32.x86_64_17.0.3.v20220515-1416\jre\bin\msvcp140.dll
0x00007ffaf5660000 - 0x00007ffaf62a8000 	E:\Software\eclipse-jee-2022-06-R-win32-x86_64\eclipse\plugins\org.eclipse.justj.openjdk.hotspot.jre.full.win32.x86_64_17.0.3.v20220515-1416\jre\bin\server\jvm.dll
0x00007ffb60740000 - 0x00007ffb607ee000 	C:\Windows\System32\ADVAPI32.dll
0x00007ffb60580000 - 0x00007ffb6061e000 	C:\Windows\System32\sechost.dll
0x00007ffb601d0000 - 0x00007ffb602f0000 	C:\Windows\System32\RPCRT4.dll
0x00007ffb61820000 - 0x00007ffb61828000 	C:\Windows\System32\PSAPI.DLL
0x00007ffb44ea0000 - 0x00007ffb44ea9000 	C:\Windows\SYSTEM32\WSOCK32.dll
0x00007ffb614c0000 - 0x00007ffb6152f000 	C:\Windows\System32\WS2_32.dll
0x00007ffb5d320000 - 0x00007ffb5d353000 	C:\Windows\SYSTEM32\WINMM.dll
0x00007ffb54ed0000 - 0x00007ffb54eda000 	C:\Windows\SYSTEM32\VERSION.dll
0x00007ffb5e990000 - 0x00007ffb5e9a8000 	C:\Windows\SYSTEM32\kernel.appcore.dll
0x00007ffb5c310000 - 0x00007ffb5c31a000 	E:\Software\eclipse-jee-2022-06-R-win32-x86_64\eclipse\plugins\org.eclipse.justj.openjdk.hotspot.jre.full.win32.x86_64_17.0.3.v20220515-1416\jre\bin\jimage.dll
0x00007ffb5d090000 - 0x00007ffb5d2b1000 	C:\Windows\SYSTEM32\DBGHELP.DLL
0x00007ffb5d2c0000 - 0x00007ffb5d2f1000 	C:\Windows\SYSTEM32\dbgcore.DLL
0x00007ffb5fe70000 - 0x00007ffb5feef000 	C:\Windows\System32\bcryptPrimitives.dll
0x00007ffb4cbd0000 - 0x00007ffb4cbf5000 	E:\Software\eclipse-jee-2022-06-R-win32-x86_64\eclipse\plugins\org.eclipse.justj.openjdk.hotspot.jre.full.win32.x86_64_17.0.3.v20220515-1416\jre\bin\java.dll
0x00007ffb54a70000 - 0x00007ffb54a88000 	E:\Software\eclipse-jee-2022-06-R-win32-x86_64\eclipse\plugins\org.eclipse.justj.openjdk.hotspot.jre.full.win32.x86_64_17.0.3.v20220515-1416\jre\bin\zip.dll
0x00007ffb60940000 - 0x00007ffb610f8000 	C:\Windows\System32\SHELL32.dll
0x00007ffb5d990000 - 0x00007ffb5e1f8000 	C:\Windows\SYSTEM32\windows.storage.dll
0x00007ffb61100000 - 0x00007ffb61479000 	C:\Windows\System32\combase.dll
0x00007ffb5d820000 - 0x00007ffb5d986000 	C:\Windows\SYSTEM32\wintypes.dll
0x00007ffb60490000 - 0x00007ffb6057a000 	C:\Windows\System32\SHCORE.dll
0x00007ffb62260000 - 0x00007ffb622bd000 	C:\Windows\System32\shlwapi.dll
0x00007ffb5f750000 - 0x00007ffb5f771000 	C:\Windows\SYSTEM32\profapi.dll
0x00007ffb53ec0000 - 0x00007ffb53ed9000 	E:\Software\eclipse-jee-2022-06-R-win32-x86_64\eclipse\plugins\org.eclipse.justj.openjdk.hotspot.jre.full.win32.x86_64_17.0.3.v20220515-1416\jre\bin\net.dll
0x00007ffb58850000 - 0x00007ffb5895c000 	C:\Windows\SYSTEM32\WINHTTP.dll
0x00007ffb5edc0000 - 0x00007ffb5ee27000 	C:\Windows\system32\mswsock.dll
0x00007ffb53000000 - 0x00007ffb53015000 	E:\Software\eclipse-jee-2022-06-R-win32-x86_64\eclipse\plugins\org.eclipse.justj.openjdk.hotspot.jre.full.win32.x86_64_17.0.3.v20220515-1416\jre\bin\nio.dll
0x00007ffb5e4c0000 - 0x00007ffb5e4ed000 	C:\Windows\SYSTEM32\IPHLPAPI.DLL
0x00007ffb61480000 - 0x00007ffb61489000 	C:\Windows\System32\NSI.dll
0x00007ffb58830000 - 0x00007ffb58849000 	C:\Windows\SYSTEM32\dhcpcsvc6.DLL
0x00007ffb58a60000 - 0x00007ffb58a7e000 	C:\Windows\SYSTEM32\dhcpcsvc.DLL
0x00007ffb5e530000 - 0x00007ffb5e618000 	C:\Windows\SYSTEM32\DNSAPI.dll
0x00007ffb5c120000 - 0x00007ffb5c130000 	E:\Software\eclipse-jee-2022-06-R-win32-x86_64\eclipse\plugins\org.eclipse.justj.openjdk.hotspot.jre.full.win32.x86_64_17.0.3.v20220515-1416\jre\bin\verify.dll
0x00007ffb5f080000 - 0x00007ffb5f098000 	C:\Windows\SYSTEM32\CRYPTSP.dll
0x00007ffb5e8f0000 - 0x00007ffb5e925000 	C:\Windows\system32\rsaenh.dll
0x00007ffb5ef30000 - 0x00007ffb5ef59000 	C:\Windows\SYSTEM32\USERENV.dll
0x00007ffb5f200000 - 0x00007ffb5f227000 	C:\Windows\SYSTEM32\bcrypt.dll
0x00007ffb5f0a0000 - 0x00007ffb5f0ac000 	C:\Windows\SYSTEM32\CRYPTBASE.dll
0x0000000067b90000 - 0x0000000067bb6000 	C:\Program Files\Bonjour\mdnsNSP.dll
0x00007ffb549a0000 - 0x00007ffb549aa000 	C:\Windows\System32\rasadhlp.dll
0x00007ffb54c60000 - 0x00007ffb54ce1000 	C:\Windows\System32\fwpuclnt.dll
0x00007ffb55c70000 - 0x00007ffb55c79000 	E:\Software\eclipse-jee-2022-06-R-win32-x86_64\eclipse\plugins\org.eclipse.justj.openjdk.hotspot.jre.full.win32.x86_64_17.0.3.v20220515-1416\jre\bin\management.dll
0x00007ffb55c40000 - 0x00007ffb55c4b000 	E:\Software\eclipse-jee-2022-06-R-win32-x86_64\eclipse\plugins\org.eclipse.justj.openjdk.hotspot.jre.full.win32.x86_64_17.0.3.v20220515-1416\jre\bin\management_ext.dll
0x00007ffb5aef0000 - 0x00007ffb5aefe000 	E:\Software\eclipse-jee-2022-06-R-win32-x86_64\eclipse\plugins\org.eclipse.justj.openjdk.hotspot.jre.full.win32.x86_64_17.0.3.v20220515-1416\jre\bin\sunmscapi.dll
0x00007ffb5fd00000 - 0x00007ffb5fe62000 	C:\Windows\System32\CRYPT32.dll
0x00007ffb5f1d0000 - 0x00007ffb5f1f8000 	C:\Windows\SYSTEM32\ncrypt.dll
0x00007ffb5f190000 - 0x00007ffb5f1c7000 	C:\Windows\SYSTEM32\NTASN1.dll
0x00007ffb53850000 - 0x00007ffb53858000 	C:\Windows\system32\wshunix.dll
0x00007ffb313f0000 - 0x00007ffb31407000 	C:\Windows\system32\napinsp.dll
0x00007ffb313d0000 - 0x00007ffb313eb000 	C:\Windows\system32\pnrpnsp.dll
0x00007ffb313b0000 - 0x00007ffb313c2000 	C:\Windows\System32\winrnr.dll
0x00007ffb31390000 - 0x00007ffb313a5000 	C:\Windows\system32\wshbth.dll
0x00007ffb31370000 - 0x00007ffb3138f000 	C:\Windows\system32\nlansp_c.dll

dbghelp: loaded successfully - version: 4.0.5 - missing functions: none
symbol engine: initialized successfully - sym options: 0x614 - pdb path: .;E:\Software\eclipse-jee-2022-06-R-win32-x86_64\eclipse\plugins\org.eclipse.justj.openjdk.hotspot.jre.full.win32.x86_64_17.0.3.v20220515-1416\jre\bin;C:\Windows\SYSTEM32;C:\Windows\WinSxS\amd64_microsoft.windows.common-controls_6595b64144ccf1df_6.0.22000.120_none_9d947278b86cc467;E:\Software\eclipse-jee-2022-06-R-win32-x86_64\eclipse\plugins\org.eclipse.justj.openjdk.hotspot.jre.full.win32.x86_64_17.0.3.v20220515-1416\jre\bin\server;C:\Program Files\Bonjour

VM Arguments:
jvm_args: -ea -Dfile.encoding=UTF-8 -XX:+ShowCodeDetailsInExceptionMessages 
java_command: org.eclipse.jdt.internal.junit.runner.RemoteTestRunner -version 3 -port 61861 -testLoaderClass org.eclipse.jdt.internal.junit4.runner.JUnit4TestLoader -loaderpluginname org.eclipse.jdt.junit4.runtime -test com.bmf.automation.runner.TestRunner:verify user can Reload his Card with valid kit number mapped to his credentials
java_class_path (initial): E:\Software\eclipse-jee-2022-06-R-win32-x86_64\workspace\test-automation-www\target\test-classes;E:\Software\eclipse-jee-2022-06-R-win32-x86_64\workspace\test-automation-www\target\classes;C:\Users\dbisw\.m2\repository\junit\junit\4.13.2\junit-4.13.2.jar;C:\Users\dbisw\.m2\repository\org\hamcrest\hamcrest-core\1.3\hamcrest-core-1.3.jar;C:\Users\dbisw\.m2\repository\io\cucumber\cucumber-java\7.4.1\cucumber-java-7.4.1.jar;C:\Users\dbisw\.m2\repository\org\apiguardian\apiguardian-api\1.1.2\apiguardian-api-1.1.2.jar;C:\Users\dbisw\.m2\repository\io\cucumber\cucumber-junit\7.4.1\cucumber-junit-7.4.1.jar;C:\Users\dbisw\.m2\repository\io\cucumber\cucumber-core\7.4.1\cucumber-core-7.4.1.jar;C:\Users\dbisw\.m2\repository\io\cucumber\cucumber-gherkin-messages\7.4.1\cucumber-gherkin-messages-7.4.1.jar;C:\Users\dbisw\.m2\repository\io\cucumber\gherkin\23.0.1\gherkin-23.0.1.jar;C:\Users\dbisw\.m2\repository\io\cucumber\messages\18.0.0\messages-18.0.0.jar;C:\Users\dbisw\.m2\repository\io\cucumber\tag-expressions\4.1.0\tag-expressions-4.1.0.jar;C:\Users\dbisw\.m2\repository\io\cucumber\cucumber-expressions\16.0.0\cucumber-expressions-16.0.0.jar;C:\Users\dbisw\.m2\repository\io\cucumber\datatable\7.4.1\datatable-7.4.1.jar;C:\Users\dbisw\.m2\repository\io\cucumber\cucumber-plugin\7.4.1\cucumber-plugin-7.4.1.jar;C:\Users\dbisw\.m2\repository\io\cucumber\docstring\7.4.1\docstring-7.4.1.jar;C:\Users\dbisw\.m2\repository\io\cucumber\html-formatter\19.2.0\html-formatter-19.2.0.jar;C:\Users\dbisw\.m2\repository\io\cucumber\ci-environment\9.0.4\ci-environment-9.0.4.jar;C:\Users\dbisw\.m2\repository\io\cucumber\cucumber-gherkin\7.4.1\cucumber-gherkin-7.4.1.jar;C:\Users\dbisw\.m2\repository\org\seleniumhq\selenium\selenium-java\4.3.0\selenium-java-4.3.0.jar;C:\Users\dbisw\.m2\repository\org\seleniumhq\selenium\selenium-api\4.3.0\selenium-api-4.3.0.jar;C:\Users\dbisw\.m2\repository\org\seleniumhq\selenium\selenium-chrome-driver\4.3.0\selenium-chrome-driver-4.3.0.j
Launcher Type: SUN_STANDARD

[Global flags]
     intx CICompilerCount                          = 3                                         {product} {ergonomic}
     uint ConcGCThreads                            = 1                                         {product} {ergonomic}
     uint G1ConcRefinementThreads                  = 4                                         {product} {ergonomic}
   size_t G1HeapRegionSize                         = 1048576                                   {product} {ergonomic}
    uintx GCDrainStackTargetSize                   = 64                                        {product} {ergonomic}
   size_t InitialHeapSize                          = 132120576                                 {product} {ergonomic}
   size_t MarkStackSize                            = 4194304                                   {product} {ergonomic}
   size_t MaxHeapSize                              = 2095054848                                {product} {ergonomic}
   size_t MaxNewSize                               = 1256194048                                {product} {ergonomic}
   size_t MinHeapDeltaBytes                        = 1048576                                   {product} {ergonomic}
   size_t MinHeapSize                              = 8388608                                   {product} {ergonomic}
    uintx NonNMethodCodeHeapSize                   = 5832780                                {pd product} {ergonomic}
    uintx NonProfiledCodeHeapSize                  = 122912730                              {pd product} {ergonomic}
    uintx ProfiledCodeHeapSize                     = 122912730                              {pd product} {ergonomic}
    uintx ReservedCodeCacheSize                    = 251658240                              {pd product} {ergonomic}
     bool SegmentedCodeCache                       = true                                      {product} {ergonomic}
     bool ShowCodeDetailsInExceptionMessages       = true                                   {manageable} {command line}
   size_t SoftMaxHeapSize                          = 2095054848                             {manageable} {ergonomic}
     bool UseCompressedClassPointers               = true                           {product lp64_product} {ergonomic}
     bool UseCompressedOops                        = true                           {product lp64_product} {ergonomic}
     bool UseG1GC                                  = true                                      {product} {ergonomic}
     bool UseLargePagesIndividualAllocation        = false                                  {pd product} {ergonomic}

Logging:
Log output configuration:
 #0: stdout all=warning uptime,level,tags
 #1: stderr all=off uptime,level,tags

Environment Variables:
PATH=E:/Software/eclipse-jee-2022-06-R-win32-x86_64/eclipse//plugins/org.eclipse.justj.openjdk.hotspot.jre.full.win32.x86_64_17.0.3.v20220515-1416/jre/bin/server;E:/Software/eclipse-jee-2022-06-R-win32-x86_64/eclipse//plugins/org.eclipse.justj.openjdk.hotspot.jre.full.win32.x86_64_17.0.3.v20220515-1416/jre/bin;C:\Windows\system32;C:\Windows;C:\Windows\System32\Wbem;C:\Windows\System32\WindowsPowerShell\v1.0\;C:\Windows\System32\OpenSSH\;C:\Users\dbisw\AppData\Local\Microsoft\WindowsApps;C:\Users\dbisw\AppData\Local\GitHubDesktop\bin;E:\Software\eclipse-jee-2022-06-R-win32-x86_64\eclipse;
USERNAME=dbisw
OS=Windows_NT
PROCESSOR_IDENTIFIER=Intel64 Family 6 Model 140 Stepping 1, GenuineIntel



---------------  S Y S T E M  ---------------

OS:
 Windows 11 , 64 bit Build 22000 (10.0.22000.708)
OS uptime: 11 days 0:53 hours

CPU: total 4 (initial active 4) (2 cores per cpu, 2 threads per core) family 6 model 140 stepping 1 microcode 0x9a, cx8, cmov, fxsr, ht, mmx, 3dnowpref, sse, sse2, sse3, ssse3, sse4.1, sse4.2, popcnt, lzcnt, tsc, tscinvbit, avx, avx2, aes, erms, clmul, bmi1, bmi2, adx, avx512f, avx512dq, avx512cd, avx512bw, avx512vl, sha, fma, vzeroupper, avx512_vpopcntdq, avx512_vpclmulqdq, avx512_vaes, avx512_vnni, clflush, clflushopt, clwb, avx512_vbmi2, avx512_vbmi

Memory: 4k page, system-wide physical 7991M (419M free)
TotalPageFile size 26688M (AvailPageFile size 1M)
current process WorkingSet (physical memory assigned to process): 136M, peak: 166M
current process commit charge ("private bytes"): 161M, peak: 253M

vm_info: OpenJDK 64-Bit Server VM (17.0.3+7) for windows-amd64 JRE (17.0.3+7), built on Apr 19 2022 16:55:35 by "" with MS VC++ 16.7 (VS2019)

END.
