#
# There is insufficient memory for the Java Runtime Environment to continue.
# Native memory allocation (mmap) failed to map 50331648 bytes for G1 virtual space
# Possible reasons:
#   The system is out of physical RAM or swap space
#   The process is running with CompressedOops enabled, and the Java Heap may be blocking the growth of the native heap
# Possible solutions:
#   Reduce memory load on the system
#   Increase physical memory or swap space
#   Check if swap backing store is full
#   Decrease Java heap size (-Xmx/-Xms)
#   Decrease number of Java threads
#   Decrease Java thread stack sizes (-Xss)
#   Set larger code cache with -XX:ReservedCodeCacheSize=
#   JVM is running with Unscaled Compressed Oops mode in which the Java heap is
#     placed in the first 4GB address space. The Java Heap base address is the
#     maximum limit for the native heap growth. Please use -XX:HeapBaseMinAddress
#     to set the Java Heap base and to place the Java Heap above 4GB virtual address.
# This output file may be truncated or incomplete.
#
#  Out of Memory Error (os_windows.cpp:3535), pid=125020, tid=115764
#
# JRE version: OpenJDK Runtime Environment Temurin-17.0.3+7 (17.0.3+7) (build 17.0.3+7)
# Java VM: OpenJDK 64-Bit Server VM Temurin-17.0.3+7 (17.0.3+7, mixed mode, tiered, compressed oops, compressed class ptrs, g1 gc, windows-amd64)
# No core dump will be written. Minidumps are not enabled by default on client versions of Windows
#

---------------  S U M M A R Y ------------

Command Line: -XX:+ShowCodeDetailsInExceptionMessages -agentlib:jdwp=transport=dt_socket,suspend=y,address=localhost:53063 -ea -javaagent:E:\Software\eclipse-jee-2022-06-R-win32-x86_64\eclipse\configuration\org.eclipse.osgi\407\0\.cp\lib\javaagent-shaded.jar -Dfile.encoding=UTF-8 org.eclipse.jdt.internal.junit.runner.RemoteTestRunner -version 3 -port 53061 -testLoaderClass org.eclipse.jdt.internal.junit4.runner.JUnit4TestLoader -loaderpluginname org.eclipse.jdt.junit4.runtime -classNames com.bmf.automation.runner.TestRunner

Host: 11th Gen Intel(R) Core(TM) i3-1115G4 @ 3.00GHz, 4 cores, 7G,  Windows 11 , 64 bit Build 22000 (10.0.22000.708)
Time: Tue Oct  4 14:13:56 2022 India Standard Time elapsed time: 13.717460 seconds (0d 0h 0m 13s)

---------------  T H R E A D  ---------------

Current thread (0x000001e31bae6b40):  VMThread "VM Thread" [stack: 0x000000ade5a00000,0x000000ade5b00000] [id=115764]

Stack: [0x000000ade5a00000,0x000000ade5b00000]
Native frames: (J=compiled Java code, j=interpreted, Vv=VM code, C=native code)
V  [jvm.dll+0x675efa]
V  [jvm.dll+0x830a24]
V  [jvm.dll+0x8321ce]
V  [jvm.dll+0x832833]
V  [jvm.dll+0x2454b5]
V  [jvm.dll+0x672de9]
V  [jvm.dll+0x667732]
V  [jvm.dll+0x3043ab]
V  [jvm.dll+0x30b8f6]
V  [jvm.dll+0x35b62e]
V  [jvm.dll+0x35b85f]
V  [jvm.dll+0x2db248]
V  [jvm.dll+0x2d94fc]
V  [jvm.dll+0x2d8acc]
V  [jvm.dll+0x32c51c]
V  [jvm.dll+0x836cdb]
V  [jvm.dll+0x837a14]
V  [jvm.dll+0x837f2c]
V  [jvm.dll+0x838304]
V  [jvm.dll+0x8383d0]
V  [jvm.dll+0x7e0cfa]
V  [jvm.dll+0x674d85]
C  [ucrtbase.dll+0x26c0c]
C  [KERNEL32.DLL+0x154e0]
C  [ntdll.dll+0x485b]

VM_Operation (0x000000ade54fb180): CollectForMetadataAllocation, mode: safepoint, requested by thread 0x000001e3005512c0


---------------  P R O C E S S  ---------------

Threads class SMR info:
_java_thread_list=0x000001e31fef41c0, length=27, elements={
0x000001e3005512c0, 0x000001e31bab8190, 0x000001e31bab9fd0, 0x000001e31bb06bd0,
0x000001e31bb07490, 0x000001e31c5060b0, 0x000001e31c50a400, 0x000001e31c50cb60,
0x000001e31c50d550, 0x000001e31c50df40, 0x000001e31c5b67d0, 0x000001e31c79d800,
0x000001e31c7d6010, 0x000001e31c7d6500, 0x000001e31cfbec40, 0x000001e31d2a3470,
0x000001e31f057050, 0x000001e31efc8870, 0x000001e31efae030, 0x000001e31efae500,
0x000001e31f3ff5a0, 0x000001e31f16ae30, 0x000001e31e3a3070, 0x000001e31e3a26d0,
0x000001e31e3a3540, 0x000001e31e3a09f0, 0x000001e31e3a0050
}

Java Threads: ( => current thread )
  0x000001e3005512c0 JavaThread "Forwarding newSession on session null to remote" [_thread_blocked, id=126532, stack(0x000000ade5400000,0x000000ade5500000)]
  0x000001e31bab8190 JavaThread "Reference Handler" daemon [_thread_blocked, id=125968, stack(0x000000ade5b00000,0x000000ade5c00000)]
  0x000001e31bab9fd0 JavaThread "Finalizer" daemon [_thread_blocked, id=98560, stack(0x000000ade5c00000,0x000000ade5d00000)]
  0x000001e31bb06bd0 JavaThread "Signal Dispatcher" daemon [_thread_blocked, id=117640, stack(0x000000ade5d00000,0x000000ade5e00000)]
  0x000001e31bb07490 JavaThread "Attach Listener" daemon [_thread_blocked, id=103544, stack(0x000000ade5e00000,0x000000ade5f00000)]
  0x000001e31c5060b0 JavaThread "Service Thread" daemon [_thread_blocked, id=100428, stack(0x000000ade5f00000,0x000000ade6000000)]
  0x000001e31c50a400 JavaThread "Monitor Deflation Thread" daemon [_thread_blocked, id=122416, stack(0x000000ade6000000,0x000000ade6100000)]
  0x000001e31c50cb60 JavaThread "C2 CompilerThread0" daemon [_thread_blocked, id=85248, stack(0x000000ade6100000,0x000000ade6200000)]
  0x000001e31c50d550 JavaThread "C1 CompilerThread0" daemon [_thread_blocked, id=126728, stack(0x000000ade6200000,0x000000ade6300000)]
  0x000001e31c50df40 JavaThread "Sweeper thread" daemon [_thread_blocked, id=91340, stack(0x000000ade6300000,0x000000ade6400000)]
  0x000001e31c5b67d0 JavaThread "Common-Cleaner" daemon [_thread_blocked, id=127860, stack(0x000000ade6400000,0x000000ade6500000)]
  0x000001e31c79d800 JavaThread "JDWP Transport Listener: dt_socket" daemon [_thread_blocked, id=115316, stack(0x000000ade6500000,0x000000ade6600000)]
  0x000001e31c7d6010 JavaThread "JDWP Event Helper Thread" daemon [_thread_blocked, id=125384, stack(0x000000ade6600000,0x000000ade6700000)]
  0x000001e31c7d6500 JavaThread "JDWP Command Reader" daemon [_thread_in_native, id=120784, stack(0x000000ade6700000,0x000000ade6800000)]
  0x000001e31cfbec40 JavaThread "Notification Thread" daemon [_thread_blocked, id=101640, stack(0x000000ade6800000,0x000000ade6900000)]
  0x000001e31d2a3470 JavaThread "ReaderThread" [_thread_in_native, id=79496, stack(0x000000ade6a00000,0x000000ade6b00000)]
  0x000001e31f057050 JavaThread "ForkJoinPool.commonPool-worker-1" daemon [_thread_blocked, id=119264, stack(0x000000ade6e00000,0x000000ade6f00000)]
  0x000001e31efc8870 JavaThread "AsyncHttpClient-1-1" daemon [_thread_blocked, id=116672, stack(0x000000ade6f00000,0x000000ade7000000)]
  0x000001e31efae030 JavaThread "ForkJoinPool.commonPool-worker-2" daemon [_thread_blocked, id=113696, stack(0x000000ade7000000,0x000000ade7100000)]
  0x000001e31efae500 JavaThread "ForkJoinPool.commonPool-worker-3" daemon [_thread_blocked, id=122012, stack(0x000000ade7100000,0x000000ade7200000)]
  0x000001e31f3ff5a0 JavaThread "Exec Default Executor" daemon [_thread_in_native, id=128784, stack(0x000000ade7200000,0x000000ade7300000)]
  0x000001e31f16ae30 JavaThread "Driver Service Executor" daemon [_thread_blocked, id=20092, stack(0x000000ade7300000,0x000000ade7400000)]
  0x000001e31e3a3070 JavaThread "Driver Service Executor" daemon [_thread_blocked, id=123908, stack(0x000000ade7400000,0x000000ade7500000)]
  0x000001e31e3a26d0 JavaThread "UrlChecker-2" daemon [_thread_blocked, id=126840, stack(0x000000ade7500000,0x000000ade7600000)]
  0x000001e31e3a3540 JavaThread "Exec Stream Pumper" daemon [_thread_in_native, id=126620, stack(0x000000ade7700000,0x000000ade7800000)]
  0x000001e31e3a09f0 JavaThread "Exec Stream Pumper" daemon [_thread_in_native, id=92308, stack(0x000000ade7800000,0x000000ade7900000)]
  0x000001e31e3a0050 JavaThread "AsyncHttpClient-1-2" daemon [_thread_in_native, id=89560, stack(0x000000ade7a00000,0x000000ade7b00000)]

Other Threads:
=>0x000001e31bae6b40 VMThread "VM Thread" [stack: 0x000000ade5a00000,0x000000ade5b00000] [id=115764]
  0x000001e31cce8550 WatcherThread [stack: 0x000000ade6900000,0x000000ade6a00000] [id=123980]
  0x000001e3005ab2a0 GCTaskThread "GC Thread#0" [stack: 0x000000ade5500000,0x000000ade5600000] [id=102504]
  0x000001e31d12eb40 GCTaskThread "GC Thread#1" [stack: 0x000000ade6b00000,0x000000ade6c00000] [id=127824]
  0x000001e31e0680b0 GCTaskThread "GC Thread#2" [stack: 0x000000ade6c00000,0x000000ade6d00000] [id=123576]
  0x000001e31e068360 GCTaskThread "GC Thread#3" [stack: 0x000000ade6d00000,0x000000ade6e00000] [id=126948]
  0x000001e3005bca50 ConcurrentGCThread "G1 Main Marker" [stack: 0x000000ade5600000,0x000000ade5700000] [id=123056]
  0x000001e3005bdaa0 ConcurrentGCThread "G1 Conc#0" [stack: 0x000000ade5700000,0x000000ade5800000] [id=31268]
  0x000001e3006139d0 ConcurrentGCThread "G1 Refine#0" [stack: 0x000000ade5800000,0x000000ade5900000] [id=106756]
  0x000001e300614290 ConcurrentGCThread "G1 Service" [stack: 0x000000ade5900000,0x000000ade5a00000] [id=123088]

Threads with active compile tasks:

VM state: at safepoint (normal execution)

VM Mutex/Monitor currently owned by a thread:  ([mutex/lock_event])
[0x000001e30054dfe0] Threads_lock - owner thread: 0x000001e31bae6b40
[0x000001e30054d530] Heap_lock - owner thread: 0x000001e3005512c0

Heap address: 0x0000000083200000, size: 1998 MB, Compressed Oops mode: 32-bit

CDS archive(s) not mapped
Compressed class space mapped at: 0x0000000100000000-0x0000000140000000, reserved size: 1073741824
Narrow klass base: 0x0000000000000000, Narrow klass shift: 3, Narrow klass range: 0x140000000

GC Precious Log:
 CPUs: 4 total, 4 available
 Memory: 7991M
 Large Page Support: Disabled
 NUMA Support: Disabled
 Compressed Oops: Enabled (32-bit)
 Heap Region Size: 1M
 Heap Min Capacity: 8M
 Heap Initial Capacity: 126M
 Heap Max Capacity: 1998M
 Pre-touch: Disabled
 Parallel Workers: 4
 Concurrent Workers: 1
 Concurrent Refinement Workers: 4
 Periodic GC: Disabled

Heap:
 garbage-first heap   total 30720K, used 17110K [0x0000000083200000, 0x0000000100000000)
  region size 1024K, 2 young (2048K), 2 survivors (2048K)
 Metaspace       used 35718K, committed 35968K, reserved 1081344K
  class space    used 4000K, committed 4096K, reserved 1048576K

Heap Regions: E=young(eden), S=young(survivor), O=old, HS=humongous(starts), HC=humongous(continues), CS=collection set, F=free, OA=open archive, CA=closed archive, TAMS=top-at-mark-start (previous, next)
|   0|0x0000000083200000, 0x0000000083300000, 0x0000000083300000|100%| O|  |TAMS 0x0000000083300000, 0x0000000083300000| Untracked 
|   1|0x0000000083300000, 0x0000000083400000, 0x0000000083400000|100%| O|  |TAMS 0x0000000083400000, 0x0000000083400000| Untracked 
|   2|0x0000000083400000, 0x0000000083500000, 0x0000000083500000|100%| O|  |TAMS 0x0000000083500000, 0x0000000083500000| Untracked 
|   3|0x0000000083500000, 0x0000000083600000, 0x0000000083600000|100%| O|  |TAMS 0x0000000083600000, 0x0000000083600000| Untracked 
|   4|0x0000000083600000, 0x0000000083700000, 0x0000000083700000|100%| O|  |TAMS 0x0000000083600000, 0x0000000083700000| Untracked 
|   5|0x0000000083700000, 0x0000000083800000, 0x0000000083800000|100%| O|  |TAMS 0x0000000083700000, 0x0000000083800000| Untracked 
|   6|0x0000000083800000, 0x0000000083900000, 0x0000000083900000|100%| O|  |TAMS 0x0000000083800000, 0x0000000083900000| Untracked 
|   7|0x0000000083900000, 0x0000000083a00000, 0x0000000083a00000|100%| O|  |TAMS 0x0000000083900000, 0x0000000083a00000| Untracked 
|   8|0x0000000083a00000, 0x0000000083b00000, 0x0000000083b00000|100%| O|  |TAMS 0x0000000083a00000, 0x0000000083b00000| Untracked 
|   9|0x0000000083b00000, 0x0000000083ba9800, 0x0000000083c00000| 66%| O|  |TAMS 0x0000000083b00000, 0x0000000083ba9800| Untracked 
|  10|0x0000000083c00000, 0x0000000083d00000, 0x0000000083d00000|100%| O|  |TAMS 0x0000000083c00000, 0x0000000083d00000| Untracked 
|  11|0x0000000083d00000, 0x0000000083e00000, 0x0000000083e00000|100%|HS|  |TAMS 0x0000000083d00000, 0x0000000083e00000| Complete 
|  12|0x0000000083e00000, 0x0000000083f00000, 0x0000000083f00000|100%|HC|  |TAMS 0x0000000083e00000, 0x0000000083f00000| Complete 
|  13|0x0000000083f00000, 0x0000000084000000, 0x0000000084000000|100%|HC|  |TAMS 0x0000000083f00000, 0x0000000084000000| Complete 
|  14|0x0000000084000000, 0x0000000084100000, 0x0000000084100000|100%|HC|  |TAMS 0x0000000084000000, 0x0000000084100000| Complete 
|  15|0x0000000084100000, 0x0000000084200000, 0x0000000084200000|100%|HC|  |TAMS 0x0000000084100000, 0x0000000084200000| Complete 
|  16|0x0000000084200000, 0x0000000084200000, 0x0000000084300000|  0%| F|  |TAMS 0x0000000084200000, 0x0000000084200000| Untracked 
|  17|0x0000000084300000, 0x0000000084300000, 0x0000000084400000|  0%| F|  |TAMS 0x0000000084300000, 0x0000000084300000| Untracked 
|  18|0x0000000084400000, 0x0000000084400000, 0x0000000084500000|  0%| F|  |TAMS 0x0000000084400000, 0x0000000084400000| Untracked 
|  19|0x0000000084500000, 0x0000000084500000, 0x0000000084600000|  0%| F|  |TAMS 0x0000000084500000, 0x0000000084500000| Untracked 
|  20|0x0000000084600000, 0x0000000084600000, 0x0000000084700000|  0%| F|  |TAMS 0x0000000084600000, 0x0000000084600000| Untracked 
|  21|0x0000000084700000, 0x0000000084700000, 0x0000000084800000|  0%| F|  |TAMS 0x0000000084700000, 0x0000000084700000| Untracked 
|  22|0x0000000084800000, 0x0000000084800000, 0x0000000084900000|  0%| F|  |TAMS 0x0000000084800000, 0x0000000084800000| Untracked 
|  23|0x0000000084900000, 0x000000008490c0b0, 0x0000000084a00000|  4%| S|CS|TAMS 0x0000000084900000, 0x0000000084900000| Complete 
|  24|0x0000000084a00000, 0x0000000084b00000, 0x0000000084b00000|100%| S|CS|TAMS 0x0000000084a00000, 0x0000000084a00000| Complete 
|  77|0x0000000087f00000, 0x0000000087f00000, 0x0000000088000000|  0%| F|  |TAMS 0x0000000087f00000, 0x0000000087f00000| Untracked 
|  78|0x0000000088000000, 0x0000000088000000, 0x0000000088100000|  0%| F|  |TAMS 0x0000000088000000, 0x0000000088000000| Untracked 
|  79|0x0000000088100000, 0x0000000088100000, 0x0000000088200000|  0%| F|  |TAMS 0x0000000088100000, 0x0000000088100000| Untracked 
|  80|0x0000000088200000, 0x0000000088200000, 0x0000000088300000|  0%| F|  |TAMS 0x0000000088200000, 0x0000000088200000| Untracked 
| 125|0x000000008af00000, 0x000000008af00000, 0x000000008b000000|  0%| F|  |TAMS 0x000000008af00000, 0x000000008af00000| Untracked 

Card table byte_map: [0x000001e314e20000,0x000001e315210000] _byte_map_base: 0x000001e314a07000

Marking Bits (Prev, Next): (CMBitMap*) 0x000001e3005ac7a0, (CMBitMap*) 0x000001e3005ac760
 Prev Bits: [0x000001e317540000, 0x000001e319478000)
 Next Bits: [0x000001e315600000, 0x000001e317538000)

Polling page: 0x000001e300410000

Metaspace:

Usage:
  Non-class:     30.97 MB used.
      Class:      3.91 MB used.
       Both:     34.88 MB used.

Virtual space:
  Non-class space:       32.00 MB reserved,      31.12 MB ( 97%) committed,  4 nodes.
      Class space:        1.00 GB reserved,       4.00 MB ( <1%) committed,  1 nodes.
             Both:        1.03 GB reserved,      35.12 MB (  3%) committed. 

Chunk freelists:
   Non-Class:  240.00 KB
       Class:  3.91 MB
        Both:  4.14 MB

MaxMetaspaceSize: unlimited
CompressedClassSpaceSize: 1.00 GB
Initial GC threshold: 21.00 MB
Current GC threshold: 35.12 MB
CDS: off
MetaspaceReclaimPolicy: balanced
 - commit_granule_bytes: 65536.
 - commit_granule_words: 8192.
 - virtual_space_node_default_size: 1048576.
 - enlarge_chunks_in_place: 1.
 - new_chunks_are_fully_committed: 0.
 - uncommit_free_chunks: 1.
 - use_allocation_guard: 0.
 - handle_deallocations: 1.


Internal statistics:

num_allocs_failed_limit: 6.
num_arena_births: 236.
num_arena_deaths: 0.
num_vsnodes_births: 5.
num_vsnodes_deaths: 0.
num_space_committed: 562.
num_space_uncommitted: 0.
num_chunks_returned_to_freelist: 6.
num_chunks_taken_from_freelist: 941.
num_chunk_merges: 3.
num_chunk_splits: 663.
num_chunks_enlarged: 523.
num_purges: 0.
num_inconsistent_stats: 0.

CodeHeap 'non-profiled nmethods': size=120000Kb used=1824Kb max_used=1824Kb free=118175Kb
 bounds [0x000001e30ced0000, 0x000001e30d140000, 0x000001e314400000]
CodeHeap 'profiled nmethods': size=120000Kb used=6537Kb max_used=6537Kb free=113462Kb
 bounds [0x000001e3059a0000, 0x000001e306010000, 0x000001e30ced0000]
CodeHeap 'non-nmethods': size=5760Kb used=1349Kb max_used=1406Kb free=4411Kb
 bounds [0x000001e305400000, 0x000001e305670000, 0x000001e3059a0000]
 total_blobs=3632 nmethods=3045 adapters=499
 compilation: enabled
              stopped_count=0, restarted_count=0
 full_count=0

Compilation events (20 events):
Event: 7.052 Thread 0x000001e31c50cb60 3047   !   4       java.util.zip.Inflater::inflate (418 bytes)
Event: 7.057 Thread 0x000001e31c50cb60 nmethod 3047 0x000001e30d093410 code [0x000001e30d0935c0, 0x000001e30d093df8]
Event: 7.057 Thread 0x000001e31c50cb60 3046       4       jdk.internal.util.jar.JarIndex::get (49 bytes)
Event: 7.092 Thread 0x000001e31c50cb60 nmethod 3046 0x000001e30d094490 code [0x000001e30d0946a0, 0x000001e30d096238]
Event: 10.274 Thread 0x000001e31c50d550 3050       1       io.netty.util.HashedWheelTimer::access$200 (5 bytes)
Event: 10.274 Thread 0x000001e31c50d550 nmethod 3050 0x000001e30d097090 code [0x000001e30d097220, 0x000001e30d0972d8]
Event: 10.574 Thread 0x000001e31c50d550 3051       1       io.netty.util.internal.shaded.org.jctools.queues.BaseMpscLinkedArrayQueueProducerFields::lvProducerIndex (5 bytes)
Event: 10.574 Thread 0x000001e31c50d550 nmethod 3051 0x000001e30d097390 code [0x000001e30d097520, 0x000001e30d0975f8]
Event: 13.417 Thread 0x000001e31c50cb60 3052       4       java.util.HashMap::getNode (150 bytes)
Event: 13.418 Thread 0x000001e31c50d550 3053       3       java.util.LinkedList::<init> (10 bytes)
Event: 13.418 Thread 0x000001e31c50d550 nmethod 3053 0x000001e305fff890 code [0x000001e305fffa40, 0x000001e305fffcd8]
Event: 13.418 Thread 0x000001e31c50d550 3054       3       java.util.AbstractSequentialList::<init> (5 bytes)
Event: 13.419 Thread 0x000001e31c50d550 nmethod 3054 0x000001e305fffe10 code [0x000001e305ffffc0, 0x000001e3060001f8]
Event: 13.420 Thread 0x000001e31c50cb60 nmethod 3052 0x000001e30d097690 code [0x000001e30d097820, 0x000001e30d097ba8]
Event: 13.425 Thread 0x000001e31c50d550 3055       3       java.lang.NamedPackage::<init> (59 bytes)
Event: 13.425 Thread 0x000001e31c50d550 nmethod 3055 0x000001e306000310 code [0x000001e3060005a0, 0x000001e306001098]
Event: 13.433 Thread 0x000001e31c50d550 3056       1       io.netty.channel.DefaultChannelPipeline::channel (5 bytes)
Event: 13.433 Thread 0x000001e31c50d550 nmethod 3056 0x000001e30d097e10 code [0x000001e30d097fa0, 0x000001e30d098078]
Event: 13.456 Thread 0x000001e31c50d550 3057       3       org.openqa.selenium.internal.Require::nonNull (27 bytes)
Event: 13.456 Thread 0x000001e31c50d550 nmethod 3057 0x000001e306001490 code [0x000001e306001700, 0x000001e306002218]

GC Heap History (20 events):
Event: 4.401 GC heap after
{Heap after GC invocations=4 (full 0):
 garbage-first heap   total 129024K, used 7263K [0x0000000083200000, 0x0000000100000000)
  region size 1024K, 4 young (4096K), 4 survivors (4096K)
 Metaspace       used 21364K, committed 21504K, reserved 1073152K
  class space    used 2132K, committed 2176K, reserved 1048576K
}
Event: 4.853 GC heap before
{Heap before GC invocations=5 (full 0):
 garbage-first heap   total 30720K, used 22623K [0x0000000083200000, 0x0000000100000000)
  region size 1024K, 20 young (20480K), 4 survivors (4096K)
 Metaspace       used 23592K, committed 23872K, reserved 1073152K
  class space    used 2430K, committed 2560K, reserved 1048576K
}
Event: 4.857 GC heap after
{Heap after GC invocations=6 (full 0):
 garbage-first heap   total 30720K, used 7971K [0x0000000083200000, 0x0000000100000000)
  region size 1024K, 4 young (4096K), 4 survivors (4096K)
 Metaspace       used 23592K, committed 23872K, reserved 1073152K
  class space    used 2430K, committed 2560K, reserved 1048576K
}
Event: 5.249 GC heap before
{Heap before GC invocations=6 (full 0):
 garbage-first heap   total 30720K, used 21283K [0x0000000083200000, 0x0000000100000000)
  region size 1024K, 17 young (17408K), 4 survivors (4096K)
 Metaspace       used 25158K, committed 25408K, reserved 1073152K
  class space    used 2630K, committed 2752K, reserved 1048576K
}
Event: 5.253 GC heap after
{Heap after GC invocations=7 (full 0):
 garbage-first heap   total 30720K, used 8338K [0x0000000083200000, 0x0000000100000000)
  region size 1024K, 2 young (2048K), 2 survivors (2048K)
 Metaspace       used 25158K, committed 25408K, reserved 1073152K
  class space    used 2630K, committed 2752K, reserved 1048576K
}
Event: 5.685 GC heap before
{Heap before GC invocations=7 (full 0):
 garbage-first heap   total 30720K, used 21650K [0x0000000083200000, 0x0000000100000000)
  region size 1024K, 15 young (15360K), 2 survivors (2048K)
 Metaspace       used 27418K, committed 27648K, reserved 1081344K
  class space    used 2904K, committed 3008K, reserved 1048576K
}
Event: 5.687 GC heap after
{Heap after GC invocations=8 (full 0):
 garbage-first heap   total 30720K, used 9436K [0x0000000083200000, 0x0000000100000000)
  region size 1024K, 2 young (2048K), 2 survivors (2048K)
 Metaspace       used 27418K, committed 27648K, reserved 1081344K
  class space    used 2904K, committed 3008K, reserved 1048576K
}
Event: 5.885 GC heap before
{Heap before GC invocations=8 (full 0):
 garbage-first heap   total 30720K, used 20700K [0x0000000083200000, 0x0000000100000000)
  region size 1024K, 14 young (14336K), 2 survivors (2048K)
 Metaspace       used 29385K, committed 29632K, reserved 1081344K
  class space    used 3117K, committed 3264K, reserved 1048576K
}
Event: 5.887 GC heap after
{Heap after GC invocations=9 (full 0):
 garbage-first heap   total 30720K, used 10603K [0x0000000083200000, 0x0000000100000000)
  region size 1024K, 2 young (2048K), 2 survivors (2048K)
 Metaspace       used 29385K, committed 29632K, reserved 1081344K
  class space    used 3117K, committed 3264K, reserved 1048576K
}
Event: 6.000 GC heap before
{Heap before GC invocations=9 (full 0):
 garbage-first heap   total 30720K, used 22891K [0x0000000083200000, 0x0000000100000000)
  region size 1024K, 14 young (14336K), 2 survivors (2048K)
 Metaspace       used 30941K, committed 31168K, reserved 1081344K
  class space    used 3296K, committed 3392K, reserved 1048576K
}
Event: 6.002 GC heap after
{Heap after GC invocations=10 (full 0):
 garbage-first heap   total 30720K, used 11157K [0x0000000083200000, 0x0000000100000000)
  region size 1024K, 1 young (1024K), 1 survivors (1024K)
 Metaspace       used 30941K, committed 31168K, reserved 1081344K
  class space    used 3296K, committed 3392K, reserved 1048576K
}
Event: 6.618 GC heap before
{Heap before GC invocations=10 (full 0):
 garbage-first heap   total 30720K, used 22421K [0x0000000083200000, 0x0000000100000000)
  region size 1024K, 12 young (12288K), 1 survivors (1024K)
 Metaspace       used 32483K, committed 32704K, reserved 1081344K
  class space    used 3529K, committed 3648K, reserved 1048576K
}
Event: 6.620 GC heap after
{Heap after GC invocations=11 (full 0):
 garbage-first heap   total 30720K, used 11375K [0x0000000083200000, 0x0000000100000000)
  region size 1024K, 1 young (1024K), 1 survivors (1024K)
 Metaspace       used 32483K, committed 32704K, reserved 1081344K
  class space    used 3529K, committed 3648K, reserved 1048576K
}
Event: 6.737 GC heap before
{Heap before GC invocations=11 (full 0):
 garbage-first heap   total 30720K, used 23663K [0x0000000083200000, 0x0000000100000000)
  region size 1024K, 13 young (13312K), 1 survivors (1024K)
 Metaspace       used 33735K, committed 34048K, reserved 1081344K
  class space    used 3716K, committed 3840K, reserved 1048576K
}
Event: 6.738 GC heap after
{Heap after GC invocations=12 (full 0):
 garbage-first heap   total 30720K, used 11577K [0x0000000083200000, 0x0000000100000000)
  region size 1024K, 1 young (1024K), 1 survivors (1024K)
 Metaspace       used 33735K, committed 34048K, reserved 1081344K
  class space    used 3716K, committed 3840K, reserved 1048576K
}
Event: 6.941 GC heap before
{Heap before GC invocations=12 (full 0):
 garbage-first heap   total 30720K, used 23865K [0x0000000083200000, 0x0000000100000000)
  region size 1024K, 13 young (13312K), 1 survivors (1024K)
 Metaspace       used 35116K, committed 35392K, reserved 1081344K
  class space    used 3910K, committed 4032K, reserved 1048576K
}
Event: 6.943 GC heap after
{Heap after GC invocations=13 (full 0):
 garbage-first heap   total 30720K, used 11803K [0x0000000083200000, 0x0000000100000000)
  region size 1024K, 2 young (2048K), 2 survivors (2048K)
 Metaspace       used 35116K, committed 35392K, reserved 1081344K
  class space    used 3910K, committed 4032K, reserved 1048576K
}
Event: 6.957 GC heap before
{Heap before GC invocations=13 (full 0):
 garbage-first heap   total 30720K, used 12827K [0x0000000083200000, 0x0000000100000000)
  region size 1024K, 4 young (4096K), 2 survivors (2048K)
 Metaspace       used 35276K, committed 35520K, reserved 1081344K
  class space    used 3931K, committed 4032K, reserved 1048576K
}
Event: 6.961 GC heap after
{Heap after GC invocations=14 (full 0):
 garbage-first heap   total 30720K, used 11933K [0x0000000083200000, 0x0000000100000000)
  region size 1024K, 1 young (1024K), 1 survivors (1024K)
 Metaspace       used 35276K, committed 35520K, reserved 1081344K
  class space    used 3931K, committed 4032K, reserved 1048576K
}
Event: 13.709 GC heap before
{Heap before GC invocations=14 (full 0):
 garbage-first heap   total 30720K, used 20125K [0x0000000083200000, 0x0000000100000000)
  region size 1024K, 5 young (5120K), 1 survivors (1024K)
 Metaspace       used 35718K, committed 35968K, reserved 1081344K
  class space    used 4000K, committed 4096K, reserved 1048576K
}

Deoptimization events (20 events):
Event: 6.097 Thread 0x000001e3005512c0 DEOPT PACKING pc=0x000001e30cf91d04 sp=0x000000ade54fce60
Event: 6.097 Thread 0x000001e3005512c0 DEOPT UNPACKING pc=0x000001e305455c23 sp=0x000000ade54fce30 mode 2
Event: 6.118 Thread 0x000001e31f16ae30 Uncommon trap: trap_request=0xffffffc6 fr.pc=0x000001e30cfe1bd4 relative=0x0000000000001a34
Event: 6.118 Thread 0x000001e31f16ae30 Uncommon trap: reason=bimorphic_or_optimized_type_check action=maybe_recompile pc=0x000001e30cfe1bd4 method=java.net.URL.<init>(Ljava/net/URL;Ljava/lang/String;Ljava/net/URLStreamHandler;)V @ 504 c2
Event: 6.118 Thread 0x000001e31f16ae30 DEOPT PACKING pc=0x000001e30cfe1bd4 sp=0x000000ade73fee70
Event: 6.118 Thread 0x000001e31f16ae30 DEOPT UNPACKING pc=0x000001e305455c23 sp=0x000000ade73fee40 mode 2
Event: 6.155 Thread 0x000001e31e3a26d0 Uncommon trap: trap_request=0xffffff45 fr.pc=0x000001e30cef0e60 relative=0x00000000000000c0
Event: 6.155 Thread 0x000001e31e3a26d0 Uncommon trap: reason=unstable_if action=reinterpret pc=0x000001e30cef0e60 method=java.lang.CharacterDataLatin1.digit(II)I @ 12 c2
Event: 6.155 Thread 0x000001e31e3a26d0 DEOPT PACKING pc=0x000001e30cef0e60 sp=0x000000ade75fe900
Event: 6.155 Thread 0x000001e31e3a26d0 DEOPT UNPACKING pc=0x000001e305455c23 sp=0x000000ade75fe888 mode 2
Event: 6.622 Thread 0x000001e3005512c0 DEOPT PACKING pc=0x000001e305baf264 sp=0x000000ade54fbbd0
Event: 6.622 Thread 0x000001e3005512c0 DEOPT UNPACKING pc=0x000001e305456763 sp=0x000000ade54fb068 mode 1
Event: 6.622 Thread 0x000001e3005512c0 DEOPT PACKING pc=0x000001e305bae754 sp=0x000000ade54fbca0
Event: 6.622 Thread 0x000001e3005512c0 DEOPT UNPACKING pc=0x000001e305456763 sp=0x000000ade54fb158 mode 1
Event: 13.418 Thread 0x000001e31e3a0050 DEOPT PACKING pc=0x000001e305baf264 sp=0x000000ade7afcd90
Event: 13.418 Thread 0x000001e31e3a0050 DEOPT UNPACKING pc=0x000001e305456763 sp=0x000000ade7afc228 mode 1
Event: 13.418 Thread 0x000001e31e3a0050 DEOPT PACKING pc=0x000001e305bae754 sp=0x000000ade7afce60
Event: 13.418 Thread 0x000001e31e3a0050 DEOPT UNPACKING pc=0x000001e305456763 sp=0x000000ade7afc318 mode 1
Event: 13.418 Thread 0x000001e31e3a0050 DEOPT PACKING pc=0x000001e305de7224 sp=0x000000ade7afd850
Event: 13.418 Thread 0x000001e31e3a0050 DEOPT UNPACKING pc=0x000001e305456763 sp=0x000000ade7afcd40 mode 1

Classes unloaded (0 events):
No events

Classes redefined (0 events):
No events

Internal exceptions (20 events):
Event: 6.156 Thread 0x000001e31e3a26d0 Exception <a 'java/net/SocketException'{0x00000000847458a0}: Socket is not connected: shutdown> (0x00000000847458a0) 
thrown [e:\jenkins\tmp\workspace\build\src\src\hotspot\share\prims\jni.cpp, line 535]
Event: 6.177 Thread 0x000001e31e3a26d0 Exception <a 'java/net/ConnectException'{0x0000000084747330}: Connection refused: no further information> (0x0000000084747330) 
thrown [e:\jenkins\tmp\workspace\build\src\src\hotspot\share\prims\jni.cpp, line 535]
Event: 6.177 Thread 0x000001e31e3a26d0 Exception <a 'java/net/SocketException'{0x0000000084747668}: Socket is not connected: shutdown> (0x0000000084747668) 
thrown [e:\jenkins\tmp\workspace\build\src\src\hotspot\share\prims\jni.cpp, line 535]
Event: 6.184 Thread 0x000001e31f3ff5a0 Exception <a 'java/lang/NoSuchMethodError'{0x00000000848e2848}: 'void java.lang.invoke.DirectMethodHandle$Holder.invokeStatic(java.lang.Object, long)'> (0x00000000848e2848) 
thrown [e:\jenkins\tmp\workspace\build\src\src\hotspot\share\interpreter\linkResolver.cpp, line 766]
Event: 6.187 Thread 0x000001e31f3ff5a0 Exception <a 'java/lang/NoSuchMethodError'{0x00000000848e7bf0}: 'java.lang.Object java.lang.invoke.DirectMethodHandle$Holder.newInvokeSpecial(java.lang.Object, long)'> (0x00000000848e7bf0) 
thrown [e:\jenkins\tmp\workspace\build\src\src\hotspot\share\interpreter\linkResolver.cpp, line 766]
Event: 6.189 Thread 0x000001e31f3ff5a0 Exception <a 'java/lang/NoSuchMethodError'{0x00000000848f51f8}: 'java.lang.Object java.lang.invoke.DirectMethodHandle$Holder.invokeStaticInit(java.lang.Object, java.lang.Object, long, java.lang.Object)'> (0x00000000848f51f8) 
thrown [e:\jenkins\tmp\workspace\build\src\src\hotspot\share\interpreter\linkResolver.cpp, line 766]
Event: 6.190 Thread 0x000001e31f3ff5a0 Exception <a 'java/lang/NoSuchMethodError'{0x000000008475b538}: 'java.lang.Object java.lang.invoke.DirectMethodHandle$Holder.newInvokeSpecial(java.lang.Object, java.lang.Object, long)'> (0x000000008475b538) 
thrown [e:\jenkins\tmp\workspace\build\src\src\hotspot\share\interpreter\linkResolver.cpp, line 766]
Event: 6.191 Thread 0x000001e31f3ff5a0 Exception <a 'java/lang/NoSuchMethodError'{0x000000008475f0a8}: 'java.lang.Object java.lang.invoke.Invokers$Holder.linkToTargetMethod(java.lang.Object, long, java.lang.Object)'> (0x000000008475f0a8) 
thrown [e:\jenkins\tmp\workspace\build\src\src\hotspot\share\interpreter\linkResolver.cpp, line 766]
Event: 6.241 Thread 0x000001e31e3a26d0 Exception <a 'java/net/ConnectException'{0x0000000084748600}: Connection refused: no further information> (0x0000000084748600) 
thrown [e:\jenkins\tmp\workspace\build\src\src\hotspot\share\prims\jni.cpp, line 535]
Event: 6.242 Thread 0x000001e31e3a26d0 Exception <a 'java/net/SocketException'{0x0000000084748938}: Socket is not connected: shutdown> (0x0000000084748938) 
thrown [e:\jenkins\tmp\workspace\build\src\src\hotspot\share\prims\jni.cpp, line 535]
Event: 6.292 Thread 0x000001e31e3a26d0 Exception <a 'java/net/ConnectException'{0x00000000847498d0}: Connection refused: no further information> (0x00000000847498d0) 
thrown [e:\jenkins\tmp\workspace\build\src\src\hotspot\share\prims\jni.cpp, line 535]
Event: 6.292 Thread 0x000001e31e3a26d0 Exception <a 'java/net/SocketException'{0x0000000084749c08}: Socket is not connected: shutdown> (0x0000000084749c08) 
thrown [e:\jenkins\tmp\workspace\build\src\src\hotspot\share\prims\jni.cpp, line 535]
Event: 6.377 Thread 0x000001e31e3a26d0 Exception <a 'java/net/ConnectException'{0x000000008474aba0}: Connection refused: no further information> (0x000000008474aba0) 
thrown [e:\jenkins\tmp\workspace\build\src\src\hotspot\share\prims\jni.cpp, line 535]
Event: 6.377 Thread 0x000001e31e3a26d0 Exception <a 'java/net/SocketException'{0x000000008474aed8}: Socket is not connected: shutdown> (0x000000008474aed8) 
thrown [e:\jenkins\tmp\workspace\build\src\src\hotspot\share\prims\jni.cpp, line 535]
Event: 6.606 Thread 0x000001e3005512c0 Exception <a 'java/lang/NoSuchMethodError'{0x0000000084510d38}: 'double java.lang.invoke.DirectMethodHandle$Holder.invokeVirtual(java.lang.Object, java.lang.Object)'> (0x0000000084510d38) 
thrown [e:\jenkins\tmp\workspace\build\src\src\hotspot\share\interpreter\linkResolver.cpp, line 766]
Event: 6.606 Thread 0x000001e3005512c0 Exception <a 'java/lang/NoSuchMethodError'{0x0000000084517598}: 'float java.lang.invoke.DirectMethodHandle$Holder.invokeVirtual(java.lang.Object, java.lang.Object)'> (0x0000000084517598) 
thrown [e:\jenkins\tmp\workspace\build\src\src\hotspot\share\interpreter\linkResolver.cpp, line 766]
Event: 6.607 Thread 0x000001e3005512c0 Exception <a 'java/lang/NoSuchMethodError'{0x0000000084520820}: 'long java.lang.invoke.DirectMethodHandle$Holder.invokeVirtual(java.lang.Object, java.lang.Object)'> (0x0000000084520820) 
thrown [e:\jenkins\tmp\workspace\build\src\src\hotspot\share\interpreter\linkResolver.cpp, line 766]
Event: 6.646 Thread 0x000001e3005512c0 Exception <a 'java/lang/NoSuchMethodError'{0x00000000882aa790}: 'void java.lang.invoke.DirectMethodHandle$Holder.invokeStatic(java.lang.Object, java.lang.Object, int)'> (0x00000000882aa790) 
thrown [e:\jenkins\tmp\workspace\build\src\src\hotspot\share\interpreter\linkResolver.cpp, line 766]
Event: 6.680 Thread 0x000001e3005512c0 Exception <a 'java/lang/NoSuchMethodError'{0x0000000084a12720}: 'int java.lang.invoke.DirectMethodHandle$Holder.invokeSpecialIFC(java.lang.Object, java.lang.Object, java.lang.Object)'> (0x0000000084a12720) 
thrown [e:\jenkins\tmp\workspace\build\src\src\hotspot\share\interpreter\linkResolver.cpp, line 766]
Event: 6.741 Thread 0x000001e3005512c0 Exception <a 'java/lang/NoSuchMethodError'{0x000000008af49250}: 'void java.lang.invoke.DirectMethodHandle$Holder.invokeSpecial(java.lang.Object, java.lang.Object, java.lang.Object, java.lang.Object, java.lang.Object, java.lang.Object)'> (0x000000008af49250) 
thrown [e:\jenkins\tmp\workspace\build\src\src\hotspot\share\interpreter\linkResolver.cpp, line 766]

VM Operations (20 events):
Event: 6.002 Executing VM operation: G1CollectForAllocation done
Event: 6.057 Executing VM operation: HandshakeAllThreads
Event: 6.058 Executing VM operation: HandshakeAllThreads done
Event: 6.573 Executing VM operation: HandshakeAllThreads
Event: 6.573 Executing VM operation: HandshakeAllThreads done
Event: 6.574 Executing VM operation: HandshakeAllThreads
Event: 6.574 Executing VM operation: HandshakeAllThreads done
Event: 6.580 Executing VM operation: HandshakeAllThreads
Event: 6.580 Executing VM operation: HandshakeAllThreads done
Event: 6.617 Executing VM operation: G1CollectForAllocation
Event: 6.620 Executing VM operation: G1CollectForAllocation done
Event: 6.737 Executing VM operation: G1CollectForAllocation
Event: 6.738 Executing VM operation: G1CollectForAllocation done
Event: 6.941 Executing VM operation: G1CollectForAllocation
Event: 6.943 Executing VM operation: G1CollectForAllocation done
Event: 6.957 Executing VM operation: G1TryInitiateConcMark
Event: 6.961 Executing VM operation: G1TryInitiateConcMark done
Event: 7.966 Executing VM operation: Cleanup
Event: 7.966 Executing VM operation: Cleanup done
Event: 13.709 Executing VM operation: CollectForMetadataAllocation

Events (20 events):
Event: 6.934 loading class java/io/PushbackInputStream
Event: 6.934 loading class java/io/PushbackInputStream done
Event: 6.954 loading class java/nio/charset/IllegalCharsetNameException
Event: 6.954 loading class java/nio/charset/IllegalCharsetNameException done
Event: 6.954 loading class java/nio/charset/UnsupportedCharsetException
Event: 6.954 loading class java/nio/charset/UnsupportedCharsetException done
Event: 6.963 loading class sun/nio/ch/IOVecWrapper
Event: 6.963 loading class sun/nio/ch/IOVecWrapper done
Event: 6.963 loading class sun/nio/ch/AllocatedNativeObject
Event: 6.963 loading class sun/nio/ch/NativeObject
Event: 6.963 loading class sun/nio/ch/NativeObject done
Event: 6.963 loading class sun/nio/ch/AllocatedNativeObject done
Event: 6.963 loading class sun/nio/ch/IOVecWrapper$Deallocator
Event: 6.963 loading class sun/nio/ch/IOVecWrapper$Deallocator done
Event: 11.592 Thread 0x000001e31e3a3a10 Thread exited: 0x000001e31e3a3a10
Event: 13.702 loading class java/util/concurrent/ConcurrentLinkedDeque$Itr
Event: 13.702 loading class java/util/concurrent/ConcurrentLinkedDeque$AbstractItr
Event: 13.702 loading class java/util/concurrent/ConcurrentLinkedDeque$AbstractItr done
Event: 13.702 loading class java/util/concurrent/ConcurrentLinkedDeque$Itr done
Event: 13.709 loading class java/util/DualPivotQuicksort


Dynamic libraries:
0x00007ff7070c0000 - 0x00007ff7070ce000 	E:\Software\eclipse-jee-2022-06-R-win32-x86_64\eclipse\plugins\org.eclipse.justj.openjdk.hotspot.jre.full.win32.x86_64_17.0.3.v20220515-1416\jre\bin\javaw.exe
0x00007ffa91d60000 - 0x00007ffa91f69000 	C:\Windows\SYSTEM32\ntdll.dll
0x00007ffa91110000 - 0x00007ffa911cd000 	C:\Windows\System32\KERNEL32.DLL
0x00007ffa8f4c0000 - 0x00007ffa8f83c000 	C:\Windows\System32\KERNELBASE.dll
0x00007ffa8f240000 - 0x00007ffa8f351000 	C:\Windows\System32\ucrtbase.dll
0x00007ffa82ea0000 - 0x00007ffa82eb8000 	E:\Software\eclipse-jee-2022-06-R-win32-x86_64\eclipse\plugins\org.eclipse.justj.openjdk.hotspot.jre.full.win32.x86_64_17.0.3.v20220515-1416\jre\bin\jli.dll
0x00007ffa909c0000 - 0x00007ffa90b6d000 	C:\Windows\System32\USER32.dll
0x00007ffa8f9d0000 - 0x00007ffa8f9f6000 	C:\Windows\System32\win32u.dll
0x00007ffa90810000 - 0x00007ffa90839000 	C:\Windows\System32\GDI32.dll
0x00007ffa8f840000 - 0x00007ffa8f959000 	C:\Windows\System32\gdi32full.dll
0x00007ffa8f360000 - 0x00007ffa8f3fd000 	C:\Windows\System32\msvcp_win.dll
0x00007ffa74df0000 - 0x00007ffa75095000 	C:\Windows\WinSxS\amd64_microsoft.windows.common-controls_6595b64144ccf1df_6.0.22000.120_none_9d947278b86cc467\COMCTL32.dll
0x00007ffa91c70000 - 0x00007ffa91d13000 	C:\Windows\System32\msvcrt.dll
0x00007ffa81e70000 - 0x00007ffa81e89000 	E:\Software\eclipse-jee-2022-06-R-win32-x86_64\eclipse\plugins\org.eclipse.justj.openjdk.hotspot.jre.full.win32.x86_64_17.0.3.v20220515-1416\jre\bin\VCRUNTIME140.dll
0x00007ffa907d0000 - 0x00007ffa90801000 	C:\Windows\System32\IMM32.DLL
0x00007ffa87ad0000 - 0x00007ffa87adc000 	E:\Software\eclipse-jee-2022-06-R-win32-x86_64\eclipse\plugins\org.eclipse.justj.openjdk.hotspot.jre.full.win32.x86_64_17.0.3.v20220515-1416\jre\bin\vcruntime140_1.dll
0x00007ffa5ef10000 - 0x00007ffa5efa1000 	E:\Software\eclipse-jee-2022-06-R-win32-x86_64\eclipse\plugins\org.eclipse.justj.openjdk.hotspot.jre.full.win32.x86_64_17.0.3.v20220515-1416\jre\bin\msvcp140.dll
0x00007ffa43e20000 - 0x00007ffa44a68000 	E:\Software\eclipse-jee-2022-06-R-win32-x86_64\eclipse\plugins\org.eclipse.justj.openjdk.hotspot.jre.full.win32.x86_64_17.0.3.v20220515-1416\jre\bin\server\jvm.dll
0x00007ffa911d0000 - 0x00007ffa9127e000 	C:\Windows\System32\ADVAPI32.dll
0x00007ffa8fc60000 - 0x00007ffa8fcfe000 	C:\Windows\System32\sechost.dll
0x00007ffa91280000 - 0x00007ffa913a0000 	C:\Windows\System32\RPCRT4.dll
0x00007ffa90600000 - 0x00007ffa90608000 	C:\Windows\System32\PSAPI.DLL
0x00007ffa8cef0000 - 0x00007ffa8cf23000 	C:\Windows\SYSTEM32\WINMM.dll
0x00007ffa87370000 - 0x00007ffa8737a000 	C:\Windows\SYSTEM32\VERSION.dll
0x00007ffa722d0000 - 0x00007ffa722d9000 	C:\Windows\SYSTEM32\WSOCK32.dll
0x00007ffa8fbf0000 - 0x00007ffa8fc5f000 	C:\Windows\System32\ws2_32.DLL
0x00007ffa8e420000 - 0x00007ffa8e438000 	C:\Windows\SYSTEM32\kernel.appcore.dll
0x00007ffa7b970000 - 0x00007ffa7b97a000 	E:\Software\eclipse-jee-2022-06-R-win32-x86_64\eclipse\plugins\org.eclipse.justj.openjdk.hotspot.jre.full.win32.x86_64_17.0.3.v20220515-1416\jre\bin\jimage.dll
0x00007ffa8cc60000 - 0x00007ffa8ce81000 	C:\Windows\SYSTEM32\DBGHELP.DLL
0x00007ffa8ce90000 - 0x00007ffa8cec1000 	C:\Windows\SYSTEM32\dbgcore.DLL
0x00007ffa8fb70000 - 0x00007ffa8fbef000 	C:\Windows\System32\bcryptPrimitives.dll
0x00007ffa78050000 - 0x00007ffa7808b000 	E:\Software\eclipse-jee-2022-06-R-win32-x86_64\eclipse\plugins\org.eclipse.justj.openjdk.hotspot.jre.full.win32.x86_64_17.0.3.v20220515-1416\jre\bin\jdwp.dll
0x00007ffa8bc20000 - 0x00007ffa8bc2e000 	E:\Software\eclipse-jee-2022-06-R-win32-x86_64\eclipse\plugins\org.eclipse.justj.openjdk.hotspot.jre.full.win32.x86_64_17.0.3.v20220515-1416\jre\bin\instrument.dll
0x00007ffa66d30000 - 0x00007ffa66d55000 	E:\Software\eclipse-jee-2022-06-R-win32-x86_64\eclipse\plugins\org.eclipse.justj.openjdk.hotspot.jre.full.win32.x86_64_17.0.3.v20220515-1416\jre\bin\java.dll
0x00007ffa68b70000 - 0x00007ffa68b88000 	E:\Software\eclipse-jee-2022-06-R-win32-x86_64\eclipse\plugins\org.eclipse.justj.openjdk.hotspot.jre.full.win32.x86_64_17.0.3.v20220515-1416\jre\bin\zip.dll
0x00007ffa8fe40000 - 0x00007ffa905f8000 	C:\Windows\System32\SHELL32.dll
0x00007ffa8d3a0000 - 0x00007ffa8dc08000 	C:\Windows\SYSTEM32\windows.storage.dll
0x00007ffa90bd0000 - 0x00007ffa90f49000 	C:\Windows\System32\combase.dll
0x00007ffa8d230000 - 0x00007ffa8d396000 	C:\Windows\SYSTEM32\wintypes.dll
0x00007ffa91640000 - 0x00007ffa9172a000 	C:\Windows\System32\SHCORE.dll
0x00007ffa90b70000 - 0x00007ffa90bcd000 	C:\Windows\System32\shlwapi.dll
0x00007ffa8f170000 - 0x00007ffa8f191000 	C:\Windows\SYSTEM32\profapi.dll
0x00007ffa8bc10000 - 0x00007ffa8bc1c000 	E:\Software\eclipse-jee-2022-06-R-win32-x86_64\eclipse\plugins\org.eclipse.justj.openjdk.hotspot.jre.full.win32.x86_64_17.0.3.v20220515-1416\jre\bin\dt_socket.dll
0x00007ffa8df50000 - 0x00007ffa8df7d000 	C:\Windows\SYSTEM32\IPHLPAPI.DLL
0x00007ffa8e850000 - 0x00007ffa8e8b7000 	C:\Windows\system32\mswsock.dll
0x00007ffa8df80000 - 0x00007ffa8e068000 	C:\Windows\SYSTEM32\DNSAPI.dll
0x00007ffa908b0000 - 0x00007ffa908b9000 	C:\Windows\System32\NSI.dll
0x0000000076180000 - 0x00000000761a6000 	C:\Program Files\Bonjour\mdnsNSP.dll
0x00007ffa84510000 - 0x00007ffa8451a000 	C:\Windows\System32\rasadhlp.dll
0x00007ffa845e0000 - 0x00007ffa84661000 	C:\Windows\System32\fwpuclnt.dll
0x00007ffa674e0000 - 0x00007ffa674f9000 	E:\Software\eclipse-jee-2022-06-R-win32-x86_64\eclipse\plugins\org.eclipse.justj.openjdk.hotspot.jre.full.win32.x86_64_17.0.3.v20220515-1416\jre\bin\net.dll
0x00007ffa87cc0000 - 0x00007ffa87dcc000 	C:\Windows\SYSTEM32\WINHTTP.dll
0x00007ffa67380000 - 0x00007ffa67395000 	E:\Software\eclipse-jee-2022-06-R-win32-x86_64\eclipse\plugins\org.eclipse.justj.openjdk.hotspot.jre.full.win32.x86_64_17.0.3.v20220515-1416\jre\bin\nio.dll
0x00007ffa725f0000 - 0x00007ffa72600000 	E:\Software\eclipse-jee-2022-06-R-win32-x86_64\eclipse\plugins\org.eclipse.justj.openjdk.hotspot.jre.full.win32.x86_64_17.0.3.v20220515-1416\jre\bin\verify.dll
0x00007ffa87ab0000 - 0x00007ffa87ac9000 	C:\Windows\SYSTEM32\dhcpcsvc6.DLL
0x00007ffa87f10000 - 0x00007ffa87f2e000 	C:\Windows\SYSTEM32\dhcpcsvc.DLL
0x00007ffa8ea90000 - 0x00007ffa8eaa8000 	C:\Windows\SYSTEM32\CRYPTSP.dll
0x00007ffa8e380000 - 0x00007ffa8e3b5000 	C:\Windows\system32\rsaenh.dll
0x00007ffa8e940000 - 0x00007ffa8e969000 	C:\Windows\SYSTEM32\USERENV.dll
0x00007ffa8ec20000 - 0x00007ffa8ec47000 	C:\Windows\SYSTEM32\bcrypt.dll
0x00007ffa8eab0000 - 0x00007ffa8eabc000 	C:\Windows\SYSTEM32\CRYPTBASE.dll
0x00007ffa845b0000 - 0x00007ffa845b9000 	E:\Software\eclipse-jee-2022-06-R-win32-x86_64\eclipse\plugins\org.eclipse.justj.openjdk.hotspot.jre.full.win32.x86_64_17.0.3.v20220515-1416\jre\bin\management.dll
0x00007ffa84540000 - 0x00007ffa8454b000 	E:\Software\eclipse-jee-2022-06-R-win32-x86_64\eclipse\plugins\org.eclipse.justj.openjdk.hotspot.jre.full.win32.x86_64_17.0.3.v20220515-1416\jre\bin\management_ext.dll
0x00007ffa8bc70000 - 0x00007ffa8bc7e000 	E:\Software\eclipse-jee-2022-06-R-win32-x86_64\eclipse\plugins\org.eclipse.justj.openjdk.hotspot.jre.full.win32.x86_64_17.0.3.v20220515-1416\jre\bin\sunmscapi.dll
0x00007ffa8fa00000 - 0x00007ffa8fb62000 	C:\Windows\System32\CRYPT32.dll
0x00007ffa8ebf0000 - 0x00007ffa8ec18000 	C:\Windows\SYSTEM32\ncrypt.dll
0x00007ffa8ebb0000 - 0x00007ffa8ebe7000 	C:\Windows\SYSTEM32\NTASN1.dll
0x00007ffa82560000 - 0x00007ffa82568000 	C:\Windows\system32\wshunix.dll
0x00007ffa61160000 - 0x00007ffa61177000 	C:\Windows\system32\napinsp.dll
0x00007ffa60500000 - 0x00007ffa6051b000 	C:\Windows\system32\pnrpnsp.dll
0x00007ffa604e0000 - 0x00007ffa604f2000 	C:\Windows\System32\winrnr.dll
0x00007ffa604c0000 - 0x00007ffa604d5000 	C:\Windows\system32\wshbth.dll
0x00007ffa604a0000 - 0x00007ffa604bf000 	C:\Windows\system32\nlansp_c.dll

dbghelp: loaded successfully - version: 4.0.5 - missing functions: none
symbol engine: initialized successfully - sym options: 0x614 - pdb path: .;E:\Software\eclipse-jee-2022-06-R-win32-x86_64\eclipse\plugins\org.eclipse.justj.openjdk.hotspot.jre.full.win32.x86_64_17.0.3.v20220515-1416\jre\bin;C:\Windows\SYSTEM32;C:\Windows\WinSxS\amd64_microsoft.windows.common-controls_6595b64144ccf1df_6.0.22000.120_none_9d947278b86cc467;E:\Software\eclipse-jee-2022-06-R-win32-x86_64\eclipse\plugins\org.eclipse.justj.openjdk.hotspot.jre.full.win32.x86_64_17.0.3.v20220515-1416\jre\bin\server;C:\Program Files\Bonjour

VM Arguments:
jvm_args: -XX:+ShowCodeDetailsInExceptionMessages -agentlib:jdwp=transport=dt_socket,suspend=y,address=localhost:53063 -ea -javaagent:E:\Software\eclipse-jee-2022-06-R-win32-x86_64\eclipse\configuration\org.eclipse.osgi\407\0\.cp\lib\javaagent-shaded.jar -Dfile.encoding=UTF-8 
java_command: org.eclipse.jdt.internal.junit.runner.RemoteTestRunner -version 3 -port 53061 -testLoaderClass org.eclipse.jdt.internal.junit4.runner.JUnit4TestLoader -loaderpluginname org.eclipse.jdt.junit4.runtime -classNames com.bmf.automation.runner.TestRunner
java_class_path (initial): E:\Software\eclipse-jee-2022-06-R-win32-x86_64\workspace\test-automation-www\target\test-classes;E:\Software\eclipse-jee-2022-06-R-win32-x86_64\workspace\test-automation-www\target\classes;C:\Users\dbisw\.m2\repository\junit\junit\4.13.2\junit-4.13.2.jar;C:\Users\dbisw\.m2\repository\org\hamcrest\hamcrest-core\1.3\hamcrest-core-1.3.jar;C:\Users\dbisw\.m2\repository\io\cucumber\cucumber-java\7.6.0\cucumber-java-7.6.0.jar;C:\Users\dbisw\.m2\repository\org\apiguardian\apiguardian-api\1.1.2\apiguardian-api-1.1.2.jar;C:\Users\dbisw\.m2\repository\io\cucumber\cucumber-junit\7.6.0\cucumber-junit-7.6.0.jar;C:\Users\dbisw\.m2\repository\org\apache\commons\commons-lang3\3.12.0\commons-lang3-3.12.0.jar;C:\Users\dbisw\.m2\repository\io\cucumber\cucumber-core\7.4.1\cucumber-core-7.4.1.jar;C:\Users\dbisw\.m2\repository\io\cucumber\cucumber-gherkin-messages\7.4.1\cucumber-gherkin-messages-7.4.1.jar;C:\Users\dbisw\.m2\repository\io\cucumber\gherkin\23.0.1\gherkin-23.0.1.jar;C:\Users\dbisw\.m2\repository\io\cucumber\messages\18.0.0\messages-18.0.0.jar;C:\Users\dbisw\.m2\repository\io\cucumber\tag-expressions\4.1.0\tag-expressions-4.1.0.jar;C:\Users\dbisw\.m2\repository\io\cucumber\cucumber-expressions\16.0.0\cucumber-expressions-16.0.0.jar;C:\Users\dbisw\.m2\repository\io\cucumber\datatable\7.4.1\datatable-7.4.1.jar;C:\Users\dbisw\.m2\repository\io\cucumber\cucumber-plugin\7.4.1\cucumber-plugin-7.4.1.jar;C:\Users\dbisw\.m2\repository\io\cucumber\docstring\7.4.1\docstring-7.4.1.jar;C:\Users\dbisw\.m2\repository\io\cucumber\html-formatter\19.2.0\html-formatter-19.2.0.jar;C:\Users\dbisw\.m2\repository\io\cucumber\ci-environment\9.0.4\ci-environment-9.0.4.jar;C:\Users\dbisw\.m2\repository\io\cucumber\cucumber-gherkin\7.4.1\cucumber-gherkin-7.4.1.jar;C:\Users\dbisw\.m2\repository\org\seleniumhq\selenium\selenium-java\4.3.0\selenium-java-4.3.0.jar;C:\Users\dbisw\.m2\repository\org\seleniumhq\selenium\selenium-api\4.3.0\selenium-api-4.3.0.jar;C:\Users\dbisw\.m2
Launcher Type: SUN_STANDARD

[Global flags]
     intx CICompilerCount                          = 3                                         {product} {ergonomic}
     uint ConcGCThreads                            = 1                                         {product} {ergonomic}
     uint G1ConcRefinementThreads                  = 4                                         {product} {ergonomic}
   size_t G1HeapRegionSize                         = 1048576                                   {product} {ergonomic}
    uintx GCDrainStackTargetSize                   = 64                                        {product} {ergonomic}
   size_t InitialHeapSize                          = 132120576                                 {product} {ergonomic}
   size_t MarkStackSize                            = 4194304                                   {product} {ergonomic}
   size_t MaxHeapSize                              = 2095054848                                {product} {ergonomic}
   size_t MaxNewSize                               = 1256194048                                {product} {ergonomic}
   size_t MinHeapDeltaBytes                        = 1048576                                   {product} {ergonomic}
   size_t MinHeapSize                              = 8388608                                   {product} {ergonomic}
    uintx NonNMethodCodeHeapSize                   = 5832780                                {pd product} {ergonomic}
    uintx NonProfiledCodeHeapSize                  = 122912730                              {pd product} {ergonomic}
    uintx ProfiledCodeHeapSize                     = 122912730                              {pd product} {ergonomic}
    uintx ReservedCodeCacheSize                    = 251658240                              {pd product} {ergonomic}
     bool SegmentedCodeCache                       = true                                      {product} {ergonomic}
     bool ShowCodeDetailsInExceptionMessages       = true                                   {manageable} {command line}
   size_t SoftMaxHeapSize                          = 2095054848                             {manageable} {ergonomic}
     bool UseCompressedClassPointers               = true                           {product lp64_product} {ergonomic}
     bool UseCompressedOops                        = true                           {product lp64_product} {ergonomic}
     bool UseG1GC                                  = true                                      {product} {ergonomic}
     bool UseLargePagesIndividualAllocation        = false                                  {pd product} {ergonomic}

Logging:
Log output configuration:
 #0: stdout all=warning uptime,level,tags
 #1: stderr all=off uptime,level,tags

Environment Variables:
PATH=E:\Software\eclipse-jee-2022-06-R-win32-x86_64\eclipse\plugins\org.eclipse.justj.openjdk.hotspot.jre.full.win32.x86_64_17.0.3.v20220515-1416\jre\bin;E:/Software/eclipse-jee-2022-06-R-win32-x86_64/eclipse//plugins/org.eclipse.justj.openjdk.hotspot.jre.full.win32.x86_64_17.0.3.v20220515-1416/jre/bin/server;E:/Software/eclipse-jee-2022-06-R-win32-x86_64/eclipse//plugins/org.eclipse.justj.openjdk.hotspot.jre.full.win32.x86_64_17.0.3.v20220515-1416/jre/bin;C:\Windows\system32;C:\Windows;C:\Windows\System32\Wbem;C:\Windows\System32\WindowsPowerShell\v1.0\;C:\Windows\System32\OpenSSH\;C:\Users\dbisw\AppData\Local\Microsoft\WindowsApps;C:\Users\dbisw\AppData\Local\GitHubDesktop\bin;E:\Software\eclipse-jee-2022-06-R-win32-x86_64\eclipse;
USERNAME=dbisw
OS=Windows_NT
PROCESSOR_IDENTIFIER=Intel64 Family 6 Model 140 Stepping 1, GenuineIntel



---------------  S Y S T E M  ---------------

OS:
 Windows 11 , 64 bit Build 22000 (10.0.22000.708)
OS uptime: 19 days 3:23 hours

CPU: total 4 (initial active 4) (2 cores per cpu, 2 threads per core) family 6 model 140 stepping 1 microcode 0x9a, cx8, cmov, fxsr, ht, mmx, 3dnowpref, sse, sse2, sse3, ssse3, sse4.1, sse4.2, popcnt, lzcnt, tsc, tscinvbit, avx, avx2, aes, erms, clmul, bmi1, bmi2, adx, avx512f, avx512dq, avx512cd, avx512bw, avx512vl, sha, fma, vzeroupper, avx512_vpopcntdq, avx512_vpclmulqdq, avx512_vaes, avx512_vnni, clflush, clflushopt, clwb, avx512_vbmi2, avx512_vbmi

Memory: 4k page, system-wide physical 7991M (137M free)
TotalPageFile size 26688M (AvailPageFile size 1M)
current process WorkingSet (physical memory assigned to process): 130M, peak: 160M
current process commit charge ("private bytes"): 152M, peak: 240M

vm_info: OpenJDK 64-Bit Server VM (17.0.3+7) for windows-amd64 JRE (17.0.3+7), built on Apr 19 2022 16:55:35 by "" with MS VC++ 16.7 (VS2019)

END.
