#
# There is insufficient memory for the Java Runtime Environment to continue.
# Native memory allocation (malloc) failed to allocate 110016 bytes for Chunk::new
# Possible reasons:
#   The system is out of physical RAM or swap space
#   The process is running with CompressedOops enabled, and the Java Heap may be blocking the growth of the native heap
# Possible solutions:
#   Reduce memory load on the system
#   Increase physical memory or swap space
#   Check if swap backing store is full
#   Decrease Java heap size (-Xmx/-Xms)
#   Decrease number of Java threads
#   Decrease Java thread stack sizes (-Xss)
#   Set larger code cache with -XX:ReservedCodeCacheSize=
#   JVM is running with Unscaled Compressed Oops mode in which the Java heap is
#     placed in the first 4GB address space. The Java Heap base address is the
#     maximum limit for the native heap growth. Please use -XX:HeapBaseMinAddress
#     to set the Java Heap base and to place the Java Heap above 4GB virtual address.
# This output file may be truncated or incomplete.
#
#  Out of Memory Error (arena.cpp:189), pid=85408, tid=110880
#
# JRE version: OpenJDK Runtime Environment Temurin-17.0.3+7 (17.0.3+7) (build 17.0.3+7)
# Java VM: OpenJDK 64-Bit Server VM Temurin-17.0.3+7 (17.0.3+7, mixed mode, tiered, compressed oops, compressed class ptrs, g1 gc, windows-amd64)
# No core dump will be written. Minidumps are not enabled by default on client versions of Windows
#

---------------  S U M M A R Y ------------

Command Line: -ea -Dfile.encoding=UTF-8 -XX:+ShowCodeDetailsInExceptionMessages org.eclipse.jdt.internal.junit.runner.RemoteTestRunner -version 3 -port 61678 -testLoaderClass org.eclipse.jdt.internal.junit4.runner.JUnit4TestLoader -loaderpluginname org.eclipse.jdt.junit4.runtime -test com.bmf.automation.runner.TestRunner:verify user can Reload his Card with valid kit number mapped to his credentials

Host: 11th Gen Intel(R) Core(TM) i3-1115G4 @ 3.00GHz, 4 cores, 7G,  Windows 11 , 64 bit Build 22000 (10.0.22000.708)
Time: Mon Aug 22 15:12:31 2022 India Standard Time elapsed time: 8.203951 seconds (0d 0h 0m 8s)

---------------  T H R E A D  ---------------

Current thread (0x00000198d0847fc0):  JavaThread "C2 CompilerThread0" daemon [_thread_in_native, id=110880, stack(0x0000006c91d00000,0x0000006c91e00000)]


Current CompileTask:
C2:   8203 2737       4       org.openqa.selenium.json.JsonOutput$$Lambda$541/0x0000000100380668::accept (9 bytes)

Stack: [0x0000006c91d00000,0x0000006c91e00000]
Native frames: (J=compiled Java code, j=interpreted, Vv=VM code, C=native code)
V  [jvm.dll+0x675efa]
V  [jvm.dll+0x830a24]
V  [jvm.dll+0x8321ce]
V  [jvm.dll+0x832833]
V  [jvm.dll+0x2454b5]
V  [jvm.dll+0xabd7b]
V  [jvm.dll+0xac30c]
V  [jvm.dll+0x363627]
V  [jvm.dll+0x1bb882]
V  [jvm.dll+0x2184b9]
V  [jvm.dll+0x217781]
V  [jvm.dll+0x1a3ccd]
V  [jvm.dll+0x227178]
V  [jvm.dll+0x2252bc]
V  [jvm.dll+0x7e673b]
V  [jvm.dll+0x7e0cfa]
V  [jvm.dll+0x674d85]
C  [ucrtbase.dll+0x26c0c]
C  [KERNEL32.DLL+0x154e0]
C  [ntdll.dll+0x485b]


---------------  P R O C E S S  ---------------

Threads class SMR info:
_java_thread_list=0x00000198d44165c0, length=26, elements={
0x00000198b68cd380, 0x00000198cff0c260, 0x00000198cff0de20, 0x00000198d0832b10,
0x00000198d08425e0, 0x00000198d0842ea0, 0x00000198d0845860, 0x00000198d0847fc0,
0x00000198d0856510, 0x00000198d0860f00, 0x00000198d09d4470, 0x00000198d0a04340,
0x00000198d0eede30, 0x00000198d2e08890, 0x00000198d3dd3030, 0x00000198d2e16030,
0x00000198d2c4e7e0, 0x00000198d2924040, 0x00000198d294bb60, 0x00000198d28c1a70,
0x00000198d28c10d0, 0x00000198d28c15a0, 0x00000198d28c1f40, 0x00000198d28c2410,
0x00000198d291d3e0, 0x00000198d291ad60
}

Java Threads: ( => current thread )
  0x00000198b68cd380 JavaThread "Forwarding isElementDisplayed on session 97165c0c6091c95ef2f8e69800d0d250 to remote" [_thread_in_Java, id=109112, stack(0x0000006c90f00000,0x0000006c91000000)]
  0x00000198cff0c260 JavaThread "Reference Handler" daemon [_thread_blocked, id=101296, stack(0x0000006c91600000,0x0000006c91700000)]
  0x00000198cff0de20 JavaThread "Finalizer" daemon [_thread_blocked, id=80532, stack(0x0000006c91700000,0x0000006c91800000)]
  0x00000198d0832b10 JavaThread "Signal Dispatcher" daemon [_thread_blocked, id=106556, stack(0x0000006c91900000,0x0000006c91a00000)]
  0x00000198d08425e0 JavaThread "Attach Listener" daemon [_thread_blocked, id=114232, stack(0x0000006c91a00000,0x0000006c91b00000)]
  0x00000198d0842ea0 JavaThread "Service Thread" daemon [_thread_blocked, id=113916, stack(0x0000006c91b00000,0x0000006c91c00000)]
  0x00000198d0845860 JavaThread "Monitor Deflation Thread" daemon [_thread_blocked, id=109088, stack(0x0000006c91c00000,0x0000006c91d00000)]
=>0x00000198d0847fc0 JavaThread "C2 CompilerThread0" daemon [_thread_in_native, id=110880, stack(0x0000006c91d00000,0x0000006c91e00000)]
  0x00000198d0856510 JavaThread "C1 CompilerThread0" daemon [_thread_in_native, id=104268, stack(0x0000006c91e00000,0x0000006c91f00000)]
  0x00000198d0860f00 JavaThread "Sweeper thread" daemon [_thread_blocked, id=92440, stack(0x0000006c91f00000,0x0000006c92000000)]
  0x00000198d09d4470 JavaThread "Notification Thread" daemon [_thread_blocked, id=110288, stack(0x0000006c92000000,0x0000006c92100000)]
  0x00000198d0a04340 JavaThread "Common-Cleaner" daemon [_thread_blocked, id=114680, stack(0x0000006c92200000,0x0000006c92300000)]
  0x00000198d0eede30 JavaThread "ReaderThread" [_thread_in_native, id=106856, stack(0x0000006c92400000,0x0000006c92500000)]
  0x00000198d2e08890 JavaThread "ForkJoinPool.commonPool-worker-1" daemon [_thread_blocked, id=113720, stack(0x0000006c92800000,0x0000006c92900000)]
  0x00000198d3dd3030 JavaThread "AsyncHttpClient-1-1" daemon [_thread_blocked, id=109144, stack(0x0000006c92900000,0x0000006c92a00000)]
  0x00000198d2e16030 JavaThread "Exec Default Executor" daemon [_thread_in_native, id=94672, stack(0x0000006c92a00000,0x0000006c92b00000)]
  0x00000198d2c4e7e0 JavaThread "Driver Service Executor" daemon [_thread_blocked, id=99340, stack(0x0000006c92b00000,0x0000006c92c00000)]
  0x00000198d2924040 JavaThread "Driver Service Executor" daemon [_thread_blocked, id=112984, stack(0x0000006c92c00000,0x0000006c92d00000)]
  0x00000198d294bb60 JavaThread "UrlChecker-2" daemon [_thread_blocked, id=87960, stack(0x0000006c92d00000,0x0000006c92e00000)]
  0x00000198d28c1a70 JavaThread "Exec Stream Pumper" daemon [_thread_in_native, id=114244, stack(0x0000006c92f00000,0x0000006c93000000)]
  0x00000198d28c10d0 JavaThread "Exec Stream Pumper" daemon [_thread_in_native, id=103720, stack(0x0000006c93000000,0x0000006c93100000)]
  0x00000198d28c15a0 JavaThread "ForkJoinPool.commonPool-worker-2" daemon [_thread_blocked, id=110780, stack(0x0000006c93200000,0x0000006c93300000)]
  0x00000198d28c1f40 JavaThread "ForkJoinPool.commonPool-worker-3" daemon [_thread_blocked, id=100580, stack(0x0000006c93300000,0x0000006c93400000)]
  0x00000198d28c2410 JavaThread "AsyncHttpClient-1-2" daemon [_thread_in_native, id=108816, stack(0x0000006c93400000,0x0000006c93500000)]
  0x00000198d291d3e0 JavaThread "AsyncHttpClient-1-3" daemon [_thread_in_native, id=106552, stack(0x0000006c93500000,0x0000006c93600000)]
  0x00000198d291ad60 JavaThread "AsyncHttpClient-1-4" daemon [_thread_in_native, id=68524, stack(0x0000006c93600000,0x0000006c93700000)]

Other Threads:
  0x00000198cfee9140 VMThread "VM Thread" [stack: 0x0000006c91500000,0x0000006c91600000] [id=113656]
  0x00000198d09d4940 WatcherThread [stack: 0x0000006c92100000,0x0000006c92200000] [id=114520]
  0x00000198b692a120 GCTaskThread "GC Thread#0" [stack: 0x0000006c91000000,0x0000006c91100000] [id=89860]
  0x00000198d1491300 GCTaskThread "GC Thread#1" [stack: 0x0000006c92500000,0x0000006c92600000] [id=112596]
  0x00000198d148e320 GCTaskThread "GC Thread#2" [stack: 0x0000006c92600000,0x0000006c92700000] [id=87864]
  0x00000198d148e5d0 GCTaskThread "GC Thread#3" [stack: 0x0000006c92700000,0x0000006c92800000] [id=111344]
  0x00000198b693b0d0 ConcurrentGCThread "G1 Main Marker" [stack: 0x0000006c91100000,0x0000006c91200000] [id=40864]
  0x00000198b693b980 ConcurrentGCThread "G1 Conc#0" [stack: 0x0000006c91200000,0x0000006c91300000] [id=79164]
  0x00000198b699d9b0 ConcurrentGCThread "G1 Refine#0" [stack: 0x0000006c91300000,0x0000006c91400000] [id=105572]
  0x00000198b699e270 ConcurrentGCThread "G1 Service" [stack: 0x0000006c91400000,0x0000006c91500000] [id=113032]

Threads with active compile tasks:
C2 CompilerThread0     8256 2737       4       org.openqa.selenium.json.JsonOutput$$Lambda$541/0x0000000100380668::accept (9 bytes)
C1 CompilerThread0     8256 2778       3       java.util.concurrent.atomic.AtomicIntegerFieldUpdater$AtomicIntegerFieldUpdaterImpl::compareAndSet (19 bytes)

VM state: not at safepoint (normal execution)

VM Mutex/Monitor currently owned by a thread:  ([mutex/lock_event])
[0x00000198b68c7730] CodeCache_lock - owner thread: 0x00000198d0856510

Heap address: 0x0000000083200000, size: 1998 MB, Compressed Oops mode: 32-bit

CDS archive(s) not mapped
Compressed class space mapped at: 0x0000000100000000-0x0000000140000000, reserved size: 1073741824
Narrow klass base: 0x0000000000000000, Narrow klass shift: 3, Narrow klass range: 0x140000000

GC Precious Log:
 CPUs: 4 total, 4 available
 Memory: 7991M
 Large Page Support: Disabled
 NUMA Support: Disabled
 Compressed Oops: Enabled (32-bit)
 Heap Region Size: 1M
 Heap Min Capacity: 8M
 Heap Initial Capacity: 126M
 Heap Max Capacity: 1998M
 Pre-touch: Disabled
 Parallel Workers: 4
 Concurrent Workers: 1
 Concurrent Refinement Workers: 4
 Periodic GC: Disabled

Heap:
 garbage-first heap   total 79872K, used 28666K [0x0000000083200000, 0x0000000100000000)
  region size 1024K, 14 young (14336K), 1 survivors (1024K)
 Metaspace       used 35406K, committed 35712K, reserved 1081344K
  class space    used 4108K, committed 4224K, reserved 1048576K

Heap Regions: E=young(eden), S=young(survivor), O=old, HS=humongous(starts), HC=humongous(continues), CS=collection set, F=free, OA=open archive, CA=closed archive, TAMS=top-at-mark-start (previous, next)
|   0|0x0000000083200000, 0x0000000083300000, 0x0000000083300000|100%| O|  |TAMS 0x0000000083300000, 0x0000000083300000| Untracked 
|   1|0x0000000083300000, 0x0000000083400000, 0x0000000083400000|100%| O|  |TAMS 0x0000000083400000, 0x0000000083400000| Untracked 
|   2|0x0000000083400000, 0x0000000083500000, 0x0000000083500000|100%| O|  |TAMS 0x0000000083500000, 0x0000000083500000| Untracked 
|   3|0x0000000083500000, 0x0000000083600000, 0x0000000083600000|100%| O|  |TAMS 0x0000000083600000, 0x0000000083600000| Untracked 
|   4|0x0000000083600000, 0x0000000083700000, 0x0000000083700000|100%| O|  |TAMS 0x0000000083600000, 0x0000000083700000| Untracked 
|   5|0x0000000083700000, 0x0000000083800000, 0x0000000083800000|100%| O|  |TAMS 0x0000000083700000, 0x0000000083800000| Untracked 
|   6|0x0000000083800000, 0x0000000083900000, 0x0000000083900000|100%| O|  |TAMS 0x0000000083800000, 0x0000000083900000| Untracked 
|   7|0x0000000083900000, 0x0000000083915200, 0x0000000083a00000|  8%| O|  |TAMS 0x0000000083900000, 0x0000000083915200| Untracked 
|   8|0x0000000083a00000, 0x0000000083a00000, 0x0000000083b00000|  0%| F|  |TAMS 0x0000000083a00000, 0x0000000083a00000| Untracked 
|   9|0x0000000083b00000, 0x0000000083b00000, 0x0000000083c00000|  0%| F|  |TAMS 0x0000000083b00000, 0x0000000083b00000| Untracked 
|  10|0x0000000083c00000, 0x0000000083c00000, 0x0000000083d00000|  0%| F|  |TAMS 0x0000000083c00000, 0x0000000083c00000| Untracked 
|  11|0x0000000083d00000, 0x0000000083d00000, 0x0000000083e00000|  0%| F|  |TAMS 0x0000000083d00000, 0x0000000083d00000| Untracked 
|  12|0x0000000083e00000, 0x0000000083f00000, 0x0000000083f00000|100%| O|  |TAMS 0x0000000083e00000, 0x0000000083f00000| Untracked 
|  13|0x0000000083f00000, 0x0000000084000000, 0x0000000084000000|100%| O|  |TAMS 0x0000000083f00000, 0x0000000084000000| Untracked 
|  14|0x0000000084000000, 0x0000000084100000, 0x0000000084100000|100%| O|  |TAMS 0x0000000084000000, 0x0000000084100000| Untracked 
|  15|0x0000000084100000, 0x0000000084200000, 0x0000000084200000|100%|HS|  |TAMS 0x0000000084100000, 0x0000000084100000| Complete 
|  16|0x0000000084200000, 0x0000000084300000, 0x0000000084300000|100%|HC|  |TAMS 0x0000000084200000, 0x0000000084200000| Complete 
|  17|0x0000000084300000, 0x0000000084400000, 0x0000000084400000|100%|HC|  |TAMS 0x0000000084300000, 0x0000000084300000| Complete 
|  18|0x0000000084400000, 0x0000000084500000, 0x0000000084500000|100%|HC|  |TAMS 0x0000000084400000, 0x0000000084400000| Complete 
|  19|0x0000000084500000, 0x0000000084600000, 0x0000000084600000|100%|HC|  |TAMS 0x0000000084500000, 0x0000000084500000| Complete 
|  20|0x0000000084600000, 0x0000000084600000, 0x0000000084700000|  0%| F|  |TAMS 0x0000000084600000, 0x0000000084600000| Untracked 
|  21|0x0000000084700000, 0x0000000084700000, 0x0000000084800000|  0%| F|  |TAMS 0x0000000084700000, 0x0000000084700000| Untracked 
|  22|0x0000000084800000, 0x0000000084800000, 0x0000000084900000|  0%| F|  |TAMS 0x0000000084800000, 0x0000000084800000| Untracked 
|  23|0x0000000084900000, 0x0000000084900000, 0x0000000084a00000|  0%| F|  |TAMS 0x0000000084900000, 0x0000000084900000| Untracked 
|  24|0x0000000084a00000, 0x0000000084ae9610, 0x0000000084b00000| 91%| S|CS|TAMS 0x0000000084a00000, 0x0000000084a00000| Complete 
|  25|0x0000000084b00000, 0x0000000084b00000, 0x0000000084c00000|  0%| F|  |TAMS 0x0000000084b00000, 0x0000000084b00000| Untracked 
|  26|0x0000000084c00000, 0x0000000084c00000, 0x0000000084d00000|  0%| F|  |TAMS 0x0000000084c00000, 0x0000000084c00000| Untracked 
|  27|0x0000000084d00000, 0x0000000084d00000, 0x0000000084e00000|  0%| F|  |TAMS 0x0000000084d00000, 0x0000000084d00000| Untracked 
|  28|0x0000000084e00000, 0x0000000084e00000, 0x0000000084f00000|  0%| F|  |TAMS 0x0000000084e00000, 0x0000000084e00000| Untracked 
|  29|0x0000000084f00000, 0x0000000084f00000, 0x0000000085000000|  0%| F|  |TAMS 0x0000000084f00000, 0x0000000084f00000| Untracked 
|  30|0x0000000085000000, 0x0000000085000000, 0x0000000085100000|  0%| F|  |TAMS 0x0000000085000000, 0x0000000085000000| Untracked 
|  31|0x0000000085100000, 0x0000000085100000, 0x0000000085200000|  0%| F|  |TAMS 0x0000000085100000, 0x0000000085100000| Untracked 
|  32|0x0000000085200000, 0x0000000085200000, 0x0000000085300000|  0%| F|  |TAMS 0x0000000085200000, 0x0000000085200000| Untracked 
|  33|0x0000000085300000, 0x0000000085300000, 0x0000000085400000|  0%| F|  |TAMS 0x0000000085300000, 0x0000000085300000| Untracked 
|  34|0x0000000085400000, 0x0000000085400000, 0x0000000085500000|  0%| F|  |TAMS 0x0000000085400000, 0x0000000085400000| Untracked 
|  35|0x0000000085500000, 0x0000000085500000, 0x0000000085600000|  0%| F|  |TAMS 0x0000000085500000, 0x0000000085500000| Untracked 
|  36|0x0000000085600000, 0x0000000085600000, 0x0000000085700000|  0%| F|  |TAMS 0x0000000085600000, 0x0000000085600000| Untracked 
|  37|0x0000000085700000, 0x0000000085700000, 0x0000000085800000|  0%| F|  |TAMS 0x0000000085700000, 0x0000000085700000| Untracked 
|  38|0x0000000085800000, 0x0000000085800000, 0x0000000085900000|  0%| F|  |TAMS 0x0000000085800000, 0x0000000085800000| Untracked 
|  39|0x0000000085900000, 0x0000000085900000, 0x0000000085a00000|  0%| F|  |TAMS 0x0000000085900000, 0x0000000085900000| Untracked 
|  40|0x0000000085a00000, 0x0000000085a00000, 0x0000000085b00000|  0%| F|  |TAMS 0x0000000085a00000, 0x0000000085a00000| Untracked 
|  41|0x0000000085b00000, 0x0000000085b00000, 0x0000000085c00000|  0%| F|  |TAMS 0x0000000085b00000, 0x0000000085b00000| Untracked 
|  42|0x0000000085c00000, 0x0000000085c00000, 0x0000000085d00000|  0%| F|  |TAMS 0x0000000085c00000, 0x0000000085c00000| Untracked 
|  43|0x0000000085d00000, 0x0000000085d00000, 0x0000000085e00000|  0%| F|  |TAMS 0x0000000085d00000, 0x0000000085d00000| Untracked 
|  44|0x0000000085e00000, 0x0000000085e00000, 0x0000000085f00000|  0%| F|  |TAMS 0x0000000085e00000, 0x0000000085e00000| Untracked 
|  45|0x0000000085f00000, 0x0000000085f00000, 0x0000000086000000|  0%| F|  |TAMS 0x0000000085f00000, 0x0000000085f00000| Untracked 
|  46|0x0000000086000000, 0x0000000086000000, 0x0000000086100000|  0%| F|  |TAMS 0x0000000086000000, 0x0000000086000000| Untracked 
|  47|0x0000000086100000, 0x0000000086100000, 0x0000000086200000|  0%| F|  |TAMS 0x0000000086100000, 0x0000000086100000| Untracked 
|  48|0x0000000086200000, 0x0000000086200000, 0x0000000086300000|  0%| F|  |TAMS 0x0000000086200000, 0x0000000086200000| Untracked 
|  49|0x0000000086300000, 0x0000000086300000, 0x0000000086400000|  0%| F|  |TAMS 0x0000000086300000, 0x0000000086300000| Untracked 
|  50|0x0000000086400000, 0x0000000086400000, 0x0000000086500000|  0%| F|  |TAMS 0x0000000086400000, 0x0000000086400000| Untracked 
|  51|0x0000000086500000, 0x0000000086500000, 0x0000000086600000|  0%| F|  |TAMS 0x0000000086500000, 0x0000000086500000| Untracked 
|  52|0x0000000086600000, 0x0000000086600000, 0x0000000086700000|  0%| F|  |TAMS 0x0000000086600000, 0x0000000086600000| Untracked 
|  53|0x0000000086700000, 0x0000000086700000, 0x0000000086800000|  0%| F|  |TAMS 0x0000000086700000, 0x0000000086700000| Untracked 
|  54|0x0000000086800000, 0x0000000086800000, 0x0000000086900000|  0%| F|  |TAMS 0x0000000086800000, 0x0000000086800000| Untracked 
|  55|0x0000000086900000, 0x0000000086900000, 0x0000000086a00000|  0%| F|  |TAMS 0x0000000086900000, 0x0000000086900000| Untracked 
|  56|0x0000000086a00000, 0x0000000086a00000, 0x0000000086b00000|  0%| F|  |TAMS 0x0000000086a00000, 0x0000000086a00000| Untracked 
|  57|0x0000000086b00000, 0x0000000086b00000, 0x0000000086c00000|  0%| F|  |TAMS 0x0000000086b00000, 0x0000000086b00000| Untracked 
|  58|0x0000000086c00000, 0x0000000086c00000, 0x0000000086d00000|  0%| F|  |TAMS 0x0000000086c00000, 0x0000000086c00000| Untracked 
|  59|0x0000000086d00000, 0x0000000086d00000, 0x0000000086e00000|  0%| F|  |TAMS 0x0000000086d00000, 0x0000000086d00000| Untracked 
|  60|0x0000000086e00000, 0x0000000086e00000, 0x0000000086f00000|  0%| F|  |TAMS 0x0000000086e00000, 0x0000000086e00000| Untracked 
|  61|0x0000000086f00000, 0x0000000086f00000, 0x0000000087000000|  0%| F|  |TAMS 0x0000000086f00000, 0x0000000086f00000| Untracked 
|  62|0x0000000087000000, 0x0000000087000000, 0x0000000087100000|  0%| F|  |TAMS 0x0000000087000000, 0x0000000087000000| Untracked 
|  63|0x0000000087100000, 0x0000000087100000, 0x0000000087200000|  0%| F|  |TAMS 0x0000000087100000, 0x0000000087100000| Untracked 
|  64|0x0000000087200000, 0x0000000087200000, 0x0000000087300000|  0%| F|  |TAMS 0x0000000087200000, 0x0000000087200000| Untracked 
|  65|0x0000000087300000, 0x0000000087380800, 0x0000000087400000| 50%| E|  |TAMS 0x0000000087300000, 0x0000000087300000| Complete 
|  66|0x0000000087400000, 0x0000000087500000, 0x0000000087500000|100%| E|CS|TAMS 0x0000000087400000, 0x0000000087400000| Complete 
|  67|0x0000000087500000, 0x0000000087600000, 0x0000000087600000|100%| E|CS|TAMS 0x0000000087500000, 0x0000000087500000| Complete 
|  68|0x0000000087600000, 0x0000000087700000, 0x0000000087700000|100%| E|CS|TAMS 0x0000000087600000, 0x0000000087600000| Complete 
|  69|0x0000000087700000, 0x0000000087800000, 0x0000000087800000|100%| E|CS|TAMS 0x0000000087700000, 0x0000000087700000| Complete 
|  70|0x0000000087800000, 0x0000000087900000, 0x0000000087900000|100%| E|CS|TAMS 0x0000000087800000, 0x0000000087800000| Complete 
|  71|0x0000000087900000, 0x0000000087a00000, 0x0000000087a00000|100%| E|CS|TAMS 0x0000000087900000, 0x0000000087900000| Complete 
|  72|0x0000000087a00000, 0x0000000087b00000, 0x0000000087b00000|100%| E|CS|TAMS 0x0000000087a00000, 0x0000000087a00000| Complete 
|  73|0x0000000087b00000, 0x0000000087c00000, 0x0000000087c00000|100%| E|CS|TAMS 0x0000000087b00000, 0x0000000087b00000| Complete 
| 101|0x0000000089700000, 0x0000000089800000, 0x0000000089800000|100%| E|CS|TAMS 0x0000000089700000, 0x0000000089700000| Complete 
| 102|0x0000000089800000, 0x0000000089900000, 0x0000000089900000|100%| E|CS|TAMS 0x0000000089800000, 0x0000000089800000| Complete 
| 103|0x0000000089900000, 0x0000000089a00000, 0x0000000089a00000|100%| E|CS|TAMS 0x0000000089900000, 0x0000000089900000| Complete 
| 125|0x000000008af00000, 0x000000008b000000, 0x000000008b000000|100%| E|CS|TAMS 0x000000008af00000, 0x000000008af00000| Complete 

Card table byte_map: [0x00000198c9370000,0x00000198c9760000] _byte_map_base: 0x00000198c8f57000

Marking Bits (Prev, Next): (CMBitMap*) 0x00000198b692a610, (CMBitMap*) 0x00000198b692a5d0
 Prev Bits: [0x00000198cba90000, 0x00000198cd9c8000)
 Next Bits: [0x00000198c9b50000, 0x00000198cba88000)

Polling page: 0x00000198b4a70000

Metaspace:

Usage:
  Non-class:     30.57 MB used.
      Class:      4.01 MB used.
       Both:     34.58 MB used.

Virtual space:
  Non-class space:       32.00 MB reserved,      30.75 MB ( 96%) committed,  4 nodes.
      Class space:        1.00 GB reserved,       4.12 MB ( <1%) committed,  1 nodes.
             Both:        1.03 GB reserved,      34.88 MB (  3%) committed. 

Chunk freelists:
   Non-Class:  944.00 KB
       Class:  3.91 MB
        Both:  4.83 MB

MaxMetaspaceSize: unlimited
CompressedClassSpaceSize: 1.00 GB
Initial GC threshold: 21.00 MB
Current GC threshold: 35.12 MB
CDS: off
MetaspaceReclaimPolicy: balanced
 - commit_granule_bytes: 65536.
 - commit_granule_words: 8192.
 - virtual_space_node_default_size: 1048576.
 - enlarge_chunks_in_place: 1.
 - new_chunks_are_fully_committed: 0.
 - uncommit_free_chunks: 1.
 - use_allocation_guard: 0.
 - handle_deallocations: 1.


Internal statistics:

num_allocs_failed_limit: 3.
num_arena_births: 230.
num_arena_deaths: 0.
num_vsnodes_births: 5.
num_vsnodes_deaths: 0.
num_space_committed: 558.
num_space_uncommitted: 0.
num_chunks_returned_to_freelist: 3.
num_chunks_taken_from_freelist: 953.
num_chunk_merges: 0.
num_chunk_splits: 667.
num_chunks_enlarged: 537.
num_purges: 0.
num_inconsistent_stats: 0.

CodeHeap 'non-profiled nmethods': size=120000Kb used=1265Kb max_used=1265Kb free=118734Kb
 bounds [0x00000198c1a50000, 0x00000198c1cc0000, 0x00000198c8f80000]
CodeHeap 'profiled nmethods': size=120000Kb used=5449Kb max_used=5449Kb free=114551Kb
 bounds [0x00000198ba520000, 0x00000198baa80000, 0x00000198c1a50000]
CodeHeap 'non-nmethods': size=5760Kb used=1286Kb max_used=1342Kb free=4473Kb
 bounds [0x00000198b9f80000, 0x00000198ba1f0000, 0x00000198ba520000]
 total_blobs=3366 nmethods=2779 adapters=499
 compilation: enabled
              stopped_count=0, restarted_count=0
 full_count=0

Compilation events (20 events):
Event: 8.190 Thread 0x00000198d0847fc0 nmethod 2736 0x00000198c1b8ac10 code [0x00000198c1b8ad80, 0x00000198c1b8adf8]
Event: 8.190 Thread 0x00000198d0847fc0 2737       4       org.openqa.selenium.json.JsonOutput$$Lambda$541/0x0000000100380668::accept (9 bytes)
Event: 8.200 Thread 0x00000198d0856510 2739       1       org.openqa.selenium.json.JsonOutput::access$400 (5 bytes)
Event: 8.201 Thread 0x00000198d0856510 nmethod 2739 0x00000198c1b8af10 code [0x00000198c1b8b0a0, 0x00000198c1b8b158]
Event: 8.201 Thread 0x00000198d0856510 2740       3       java.lang.Throwable::<init> (34 bytes)
Event: 8.201 Thread 0x00000198d0856510 nmethod 2740 0x00000198baa5f390 code [0x00000198baa5f560, 0x00000198baa5f928]
Event: 8.201 Thread 0x00000198d0856510 2741       3       org.openqa.selenium.json.JsonOutput$$Lambda$536/0x000000010035e310::test (12 bytes)
Event: 8.201 Thread 0x00000198d0856510 nmethod 2741 0x00000198baa5fa10 code [0x00000198baa5fbe0, 0x00000198baa60158]
Event: 8.201 Thread 0x00000198d0856510 2742       3       org.openqa.selenium.json.JsonOutput::lambda$write$32 (27 bytes)
Event: 8.201 Thread 0x00000198d0856510 nmethod 2742 0x00000198baa60310 code [0x00000198baa604e0, 0x00000198baa608d8]
Event: 8.201 Thread 0x00000198d0856510 2743       1       com.google.common.collect.CollectSpliterators$FlatMapSpliterator::characteristics (5 bytes)
Event: 8.201 Thread 0x00000198d0856510 nmethod 2743 0x00000198c1b8b210 code [0x00000198c1b8b3a0, 0x00000198c1b8b478]
Event: 8.201 Thread 0x00000198d0856510 2744       3       io.netty.handler.codec.DefaultHeaders::index (7 bytes)
Event: 8.202 Thread 0x00000198d0856510 nmethod 2744 0x00000198baa60a10 code [0x00000198baa60ba0, 0x00000198baa60cb8]
Event: 8.202 Thread 0x00000198d0856510 2745       3       io.netty.handler.codec.http.DefaultHttpHeaders$1::process (6 bytes)
Event: 8.202 Thread 0x00000198d0856510 nmethod 2745 0x00000198baa60d90 code [0x00000198baa60f40, 0x00000198baa610e8]
Event: 8.202 Thread 0x00000198d0856510 2746       3       io.netty.handler.codec.http.DefaultHttpHeaders::access$000 (5 bytes)
Event: 8.202 Thread 0x00000198d0856510 nmethod 2746 0x00000198baa61210 code [0x00000198baa613a0, 0x00000198baa614a8]
Event: 8.202 Thread 0x00000198d0856510 2747       3       io.netty.util.internal.InternalThreadLocalMap::indexedVariable (21 bytes)
Event: 8.202 Thread 0x00000198d0856510 nmethod 2747 0x00000198baa61590 code [0x00000198baa61740, 0x00000198baa618f8]

GC Heap History (16 events):
Event: 0.389 GC heap before
{Heap before GC invocations=0 (full 0):
 garbage-first heap   total 129024K, used 12288K [0x0000000083200000, 0x0000000100000000)
  region size 1024K, 13 young (13312K), 0 survivors (0K)
 Metaspace       used 10702K, committed 10880K, reserved 1064960K
  class space    used 1058K, committed 1152K, reserved 1048576K
}
Event: 0.392 GC heap after
{Heap after GC invocations=1 (full 0):
 garbage-first heap   total 129024K, used 4457K [0x0000000083200000, 0x0000000100000000)
  region size 1024K, 2 young (2048K), 2 survivors (2048K)
 Metaspace       used 10702K, committed 10880K, reserved 1064960K
  class space    used 1058K, committed 1152K, reserved 1048576K
}
Event: 0.604 GC heap before
{Heap before GC invocations=1 (full 0):
 garbage-first heap   total 129024K, used 17769K [0x0000000083200000, 0x0000000100000000)
  region size 1024K, 16 young (16384K), 2 survivors (2048K)
 Metaspace       used 14705K, committed 14912K, reserved 1064960K
  class space    used 1438K, committed 1536K, reserved 1048576K
}
Event: 0.606 GC heap after
{Heap after GC invocations=2 (full 0):
 garbage-first heap   total 129024K, used 5613K [0x0000000083200000, 0x0000000100000000)
  region size 1024K, 2 young (2048K), 2 survivors (2048K)
 Metaspace       used 14705K, committed 14912K, reserved 1064960K
  class space    used 1438K, committed 1536K, reserved 1048576K
}
Event: 0.992 GC heap before
{Heap before GC invocations=2 (full 0):
 garbage-first heap   total 129024K, used 25069K [0x0000000083200000, 0x0000000100000000)
  region size 1024K, 22 young (22528K), 2 survivors (2048K)
 Metaspace       used 21320K, committed 21504K, reserved 1073152K
  class space    used 2279K, committed 2368K, reserved 1048576K
}
Event: 0.994 GC heap after
{Heap after GC invocations=3 (full 0):
 garbage-first heap   total 129024K, used 7196K [0x0000000083200000, 0x0000000100000000)
  region size 1024K, 3 young (3072K), 3 survivors (3072K)
 Metaspace       used 21320K, committed 21504K, reserved 1073152K
  class space    used 2279K, committed 2368K, reserved 1048576K
}
Event: 1.232 GC heap before
{Heap before GC invocations=4 (full 0):
 garbage-first heap   total 30720K, used 21532K [0x0000000083200000, 0x0000000100000000)
  region size 1024K, 18 young (18432K), 3 survivors (3072K)
 Metaspace       used 25922K, committed 26176K, reserved 1073152K
  class space    used 2837K, committed 2944K, reserved 1048576K
}
Event: 1.236 GC heap after
{Heap after GC invocations=5 (full 0):
 garbage-first heap   total 30720K, used 9133K [0x0000000083200000, 0x0000000100000000)
  region size 1024K, 5 young (5120K), 5 survivors (5120K)
 Metaspace       used 25922K, committed 26176K, reserved 1073152K
  class space    used 2837K, committed 2944K, reserved 1048576K
}
Event: 1.241 GC heap before
{Heap before GC invocations=5 (full 0):
 garbage-first heap   total 30720K, used 10157K [0x0000000083200000, 0x0000000100000000)
  region size 1024K, 6 young (6144K), 5 survivors (5120K)
 Metaspace       used 25949K, committed 26176K, reserved 1073152K
  class space    used 2838K, committed 2944K, reserved 1048576K
}
Event: 1.245 GC heap after
{Heap after GC invocations=6 (full 0):
 garbage-first heap   total 30720K, used 9601K [0x0000000083200000, 0x0000000100000000)
  region size 1024K, 1 young (1024K), 1 survivors (1024K)
 Metaspace       used 25949K, committed 26176K, reserved 1073152K
  class space    used 2838K, committed 2944K, reserved 1048576K
}
Event: 1.366 GC heap before
{Heap before GC invocations=6 (full 0):
 garbage-first heap   total 30720K, used 19841K [0x0000000083200000, 0x0000000100000000)
  region size 1024K, 11 young (11264K), 1 survivors (1024K)
 Metaspace       used 29556K, committed 29760K, reserved 1081344K
  class space    used 3275K, committed 3328K, reserved 1048576K
}
Event: 1.367 GC heap after
{Heap after GC invocations=7 (full 0):
 garbage-first heap   total 30720K, used 10328K [0x0000000083200000, 0x0000000100000000)
  region size 1024K, 2 young (2048K), 2 survivors (2048K)
 Metaspace       used 29556K, committed 29760K, reserved 1081344K
  class space    used 3275K, committed 3328K, reserved 1048576K
}
Event: 1.546 GC heap before
{Heap before GC invocations=7 (full 0):
 garbage-first heap   total 30720K, used 20568K [0x0000000083200000, 0x0000000100000000)
  region size 1024K, 12 young (12288K), 2 survivors (2048K)
 Metaspace       used 32127K, committed 32384K, reserved 1081344K
  class space    used 3647K, committed 3776K, reserved 1048576K
}
Event: 1.549 GC heap after
{Heap after GC invocations=8 (full 0):
 garbage-first heap   total 30720K, used 11107K [0x0000000083200000, 0x0000000100000000)
  region size 1024K, 1 young (1024K), 1 survivors (1024K)
 Metaspace       used 32127K, committed 32384K, reserved 1081344K
  class space    used 3647K, committed 3776K, reserved 1048576K
}
Event: 1.633 GC heap before
{Heap before GC invocations=8 (full 0):
 garbage-first heap   total 30720K, used 14179K [0x0000000083200000, 0x0000000100000000)
  region size 1024K, 6 young (6144K), 1 survivors (1024K)
 Metaspace       used 33387K, committed 33664K, reserved 1081344K
  class space    used 3831K, committed 3968K, reserved 1048576K
}
Event: 1.635 GC heap after
{Heap after GC invocations=9 (full 0):
 garbage-first heap   total 79872K, used 11258K [0x0000000083200000, 0x0000000100000000)
  region size 1024K, 1 young (1024K), 1 survivors (1024K)
 Metaspace       used 33387K, committed 33664K, reserved 1081344K
  class space    used 3831K, committed 3968K, reserved 1048576K
}

Deoptimization events (20 events):
Event: 1.482 Thread 0x00000198b68cd380 Uncommon trap: trap_request=0xffffff45 fr.pc=0x00000198c1ae8904 relative=0x0000000000000084
Event: 1.482 Thread 0x00000198b68cd380 Uncommon trap: reason=unstable_if action=reinterpret pc=0x00000198c1ae8904 method=java.lang.CharacterDataLatin1.isWhitespace(I)Z @ 14 c2
Event: 1.482 Thread 0x00000198b68cd380 DEOPT PACKING pc=0x00000198c1ae8904 sp=0x0000006c90ffc8a0
Event: 1.482 Thread 0x00000198b68cd380 DEOPT UNPACKING pc=0x00000198b9fd5c23 sp=0x0000006c90ffc810 mode 2
Event: 1.638 Thread 0x00000198d28c2410 Uncommon trap: trap_request=0xffffffc6 fr.pc=0x00000198c1b25078 relative=0x0000000000000778
Event: 1.638 Thread 0x00000198d28c2410 Uncommon trap: reason=bimorphic_or_optimized_type_check action=maybe_recompile pc=0x00000198c1b25078 method=java.util.HashMap.putVal(ILjava/lang/Object;Ljava/lang/Object;ZZ)Ljava/lang/Object; @ 91 c2
Event: 1.638 Thread 0x00000198d28c2410 DEOPT PACKING pc=0x00000198c1b25078 sp=0x0000006c934fed90
Event: 1.638 Thread 0x00000198d28c2410 DEOPT UNPACKING pc=0x00000198b9fd5c23 sp=0x0000006c934fed40 mode 2
Event: 1.638 Thread 0x00000198d28c2410 Uncommon trap: trap_request=0xffffffc6 fr.pc=0x00000198c1b25078 relative=0x0000000000000778
Event: 1.638 Thread 0x00000198d28c2410 Uncommon trap: reason=bimorphic_or_optimized_type_check action=maybe_recompile pc=0x00000198c1b25078 method=java.util.HashMap.putVal(ILjava/lang/Object;Ljava/lang/Object;ZZ)Ljava/lang/Object; @ 91 c2
Event: 1.638 Thread 0x00000198d28c2410 DEOPT PACKING pc=0x00000198c1b25078 sp=0x0000006c934fed90
Event: 1.638 Thread 0x00000198d28c2410 DEOPT UNPACKING pc=0x00000198b9fd5c23 sp=0x0000006c934fed40 mode 2
Event: 2.378 Thread 0x00000198d291d3e0 Uncommon trap: trap_request=0xffffffc6 fr.pc=0x00000198c1b25078 relative=0x0000000000000778
Event: 2.378 Thread 0x00000198d291d3e0 Uncommon trap: reason=bimorphic_or_optimized_type_check action=maybe_recompile pc=0x00000198c1b25078 method=java.util.HashMap.putVal(ILjava/lang/Object;Ljava/lang/Object;ZZ)Ljava/lang/Object; @ 91 c2
Event: 2.378 Thread 0x00000198d291d3e0 DEOPT PACKING pc=0x00000198c1b25078 sp=0x0000006c935feb50
Event: 2.378 Thread 0x00000198d291d3e0 DEOPT UNPACKING pc=0x00000198b9fd5c23 sp=0x0000006c935feb00 mode 2
Event: 2.378 Thread 0x00000198d291d3e0 Uncommon trap: trap_request=0xffffffc6 fr.pc=0x00000198c1b25078 relative=0x0000000000000778
Event: 2.378 Thread 0x00000198d291d3e0 Uncommon trap: reason=bimorphic_or_optimized_type_check action=maybe_recompile pc=0x00000198c1b25078 method=java.util.HashMap.putVal(ILjava/lang/Object;Ljava/lang/Object;ZZ)Ljava/lang/Object; @ 91 c2
Event: 2.378 Thread 0x00000198d291d3e0 DEOPT PACKING pc=0x00000198c1b25078 sp=0x0000006c935feb50
Event: 2.378 Thread 0x00000198d291d3e0 DEOPT UNPACKING pc=0x00000198b9fd5c23 sp=0x0000006c935feb00 mode 2

Classes unloaded (0 events):
No events

Classes redefined (0 events):
No events

Internal exceptions (20 events):
Event: 1.354 Thread 0x00000198b68cd380 Exception <a 'java/lang/NoSuchMethodError'{0x00000000846ecf98}: 'java.lang.Object java.lang.invoke.DirectMethodHandle$Holder.invokeInterface(java.lang.Object, java.lang.Object, java.lang.Object, java.lang.Object)'> (0x00000000846ecf98) 
thrown [e:\jenkins\tmp\workspace\build\src\src\hotspot\share\interpreter\linkResolver.cpp, line 766]
Event: 1.356 Thread 0x00000198b68cd380 Exception <a 'java/lang/NoSuchMethodError'{0x00000000846f9848}: 'void java.lang.invoke.DirectMethodHandle$Holder.invokeInterface(java.lang.Object, java.lang.Object, java.lang.Object)'> (0x00000000846f9848) 
thrown [e:\jenkins\tmp\workspace\build\src\src\hotspot\share\interpreter\linkResolver.cpp, line 766]
Event: 1.360 Thread 0x00000198b68cd380 Exception <a 'java/lang/NoSuchMethodError'{0x0000000084542b28}: 'java.lang.Object java.lang.invoke.DirectMethodHandle$Holder.invokeVirtual(java.lang.Object, java.lang.Object, java.lang.Object)'> (0x0000000084542b28) 
thrown [e:\jenkins\tmp\workspace\build\src\src\hotspot\share\interpreter\linkResolver.cpp, line 766]
Event: 1.398 Thread 0x00000198d294bb60 Exception <a 'java/net/ConnectException'{0x00000000899dbc28}: Connection refused: no further information> (0x00000000899dbc28) 
thrown [e:\jenkins\tmp\workspace\build\src\src\hotspot\share\prims\jni.cpp, line 535]
Event: 1.398 Thread 0x00000198d294bb60 Exception <a 'java/net/SocketException'{0x00000000899dbf60}: Socket is not connected: shutdown> (0x00000000899dbf60) 
thrown [e:\jenkins\tmp\workspace\build\src\src\hotspot\share\prims\jni.cpp, line 535]
Event: 1.402 Thread 0x00000198d2e16030 Exception <a 'java/lang/NoSuchMethodError'{0x00000000899b0a18}: 'void java.lang.invoke.DirectMethodHandle$Holder.invokeStatic(java.lang.Object, long)'> (0x00000000899b0a18) 
thrown [e:\jenkins\tmp\workspace\build\src\src\hotspot\share\interpreter\linkResolver.cpp, line 766]
Event: 1.403 Thread 0x00000198d2e16030 Exception <a 'java/lang/NoSuchMethodError'{0x00000000899b5dc0}: 'java.lang.Object java.lang.invoke.DirectMethodHandle$Holder.newInvokeSpecial(java.lang.Object, long)'> (0x00000000899b5dc0) 
thrown [e:\jenkins\tmp\workspace\build\src\src\hotspot\share\interpreter\linkResolver.cpp, line 766]
Event: 1.404 Thread 0x00000198d2e16030 Exception <a 'java/lang/NoSuchMethodError'{0x00000000899f36d0}: 'java.lang.Object java.lang.invoke.DirectMethodHandle$Holder.invokeStaticInit(java.lang.Object, java.lang.Object, long, java.lang.Object)'> (0x00000000899f36d0) 
thrown [e:\jenkins\tmp\workspace\build\src\src\hotspot\share\interpreter\linkResolver.cpp, line 766]
Event: 1.404 Thread 0x00000198d2e16030 Exception <a 'java/lang/NoSuchMethodError'{0x00000000899f9758}: 'java.lang.Object java.lang.invoke.DirectMethodHandle$Holder.newInvokeSpecial(java.lang.Object, java.lang.Object, long)'> (0x00000000899f9758) 
thrown [e:\jenkins\tmp\workspace\build\src\src\hotspot\share\interpreter\linkResolver.cpp, line 766]
Event: 1.405 Thread 0x00000198d2e16030 Exception <a 'java/lang/NoSuchMethodError'{0x00000000899fd2c8}: 'java.lang.Object java.lang.invoke.Invokers$Holder.linkToTargetMethod(java.lang.Object, long, java.lang.Object)'> (0x00000000899fd2c8) 
thrown [e:\jenkins\tmp\workspace\build\src\src\hotspot\share\interpreter\linkResolver.cpp, line 766]
Event: 1.418 Thread 0x00000198d294bb60 Exception <a 'java/net/ConnectException'{0x00000000899dcfc8}: Connection refused: no further information> (0x00000000899dcfc8) 
thrown [e:\jenkins\tmp\workspace\build\src\src\hotspot\share\prims\jni.cpp, line 535]
Event: 1.418 Thread 0x00000198d294bb60 Exception <a 'java/net/SocketException'{0x00000000899dd300}: Socket is not connected: shutdown> (0x00000000899dd300) 
thrown [e:\jenkins\tmp\workspace\build\src\src\hotspot\share\prims\jni.cpp, line 535]
Event: 1.452 Thread 0x00000198b68cd380 Exception <a 'java/lang/NoSuchMethodError'{0x00000000898d2018}: 'double java.lang.invoke.DirectMethodHandle$Holder.invokeVirtual(java.lang.Object, java.lang.Object)'> (0x00000000898d2018) 
thrown [e:\jenkins\tmp\workspace\build\src\src\hotspot\share\interpreter\linkResolver.cpp, line 766]
Event: 1.453 Thread 0x00000198b68cd380 Exception <a 'java/lang/NoSuchMethodError'{0x00000000898d8878}: 'float java.lang.invoke.DirectMethodHandle$Holder.invokeVirtual(java.lang.Object, java.lang.Object)'> (0x00000000898d8878) 
thrown [e:\jenkins\tmp\workspace\build\src\src\hotspot\share\interpreter\linkResolver.cpp, line 766]
Event: 1.453 Thread 0x00000198b68cd380 Exception <a 'java/lang/NoSuchMethodError'{0x00000000898e1b00}: 'long java.lang.invoke.DirectMethodHandle$Holder.invokeVirtual(java.lang.Object, java.lang.Object)'> (0x00000000898e1b00) 
thrown [e:\jenkins\tmp\workspace\build\src\src\hotspot\share\interpreter\linkResolver.cpp, line 766]
Event: 1.473 Thread 0x00000198b68cd380 Exception <a 'java/lang/NoSuchMethodError'{0x0000000084b34b70}: 'void java.lang.invoke.DirectMethodHandle$Holder.invokeStatic(java.lang.Object, java.lang.Object, int)'> (0x0000000084b34b70) 
thrown [e:\jenkins\tmp\workspace\build\src\src\hotspot\share\interpreter\linkResolver.cpp, line 766]
Event: 1.496 Thread 0x00000198b68cd380 Exception <a 'java/lang/NoSuchMethodError'{0x0000000084acf8c8}: 'int java.lang.invoke.DirectMethodHandle$Holder.invokeSpecialIFC(java.lang.Object, java.lang.Object, java.lang.Object)'> (0x0000000084acf8c8) 
thrown [e:\jenkins\tmp\workspace\build\src\src\hotspot\share\interpreter\linkResolver.cpp, line 766]
Event: 1.530 Thread 0x00000198b68cd380 Exception <a 'java/lang/NoSuchMethodError'{0x000000008460e218}: 'void java.lang.invoke.DirectMethodHandle$Holder.invokeSpecial(java.lang.Object, java.lang.Object, java.lang.Object, java.lang.Object, java.lang.Object, java.lang.Object)'> (0x000000008460e218) 
thrown [e:\jenkins\tmp\workspace\build\src\src\hotspot\share\interpreter\linkResolver.cpp, line 766]
Event: 2.298 Thread 0x00000198b68cd380 Exception <a 'java/lang/NoSuchMethodError'{0x00000000898a0648}: 'java.lang.Object java.lang.invoke.DirectMethodHandle$Holder.invokeSpecialIFC(java.lang.Object, java.lang.Object, java.lang.Object)'> (0x00000000898a0648) 
thrown [e:\jenkins\tmp\workspace\build\src\src\hotspot\share\interpreter\linkResolver.cpp, line 766]
Event: 2.314 Thread 0x00000198b68cd380 Exception <a 'java/lang/ClassNotFoundException'{0x0000000089762730}: sun/util/logging/resources/spi/loggingProvider> (0x0000000089762730) 
thrown [e:\jenkins\tmp\workspace\build\src\src\hotspot\share\classfile\systemDictionary.cpp, line 256]

VM Operations (20 events):
Event: 1.241 Executing VM operation: G1CollectForAllocation
Event: 1.245 Executing VM operation: G1CollectForAllocation done
Event: 1.276 Executing VM operation: HandshakeAllThreads
Event: 1.276 Executing VM operation: HandshakeAllThreads done
Event: 1.366 Executing VM operation: G1CollectForAllocation
Event: 1.367 Executing VM operation: G1CollectForAllocation done
Event: 1.442 Executing VM operation: HandshakeAllThreads
Event: 1.442 Executing VM operation: HandshakeAllThreads done
Event: 1.442 Executing VM operation: HandshakeAllThreads
Event: 1.442 Executing VM operation: HandshakeAllThreads done
Event: 1.444 Executing VM operation: HandshakeAllThreads
Event: 1.444 Executing VM operation: HandshakeAllThreads done
Event: 1.546 Executing VM operation: G1CollectForAllocation
Event: 1.549 Executing VM operation: G1CollectForAllocation done
Event: 1.633 Executing VM operation: G1TryInitiateConcMark
Event: 1.635 Executing VM operation: G1TryInitiateConcMark done
Event: 2.636 Executing VM operation: Cleanup
Event: 2.636 Executing VM operation: Cleanup done
Event: 6.670 Executing VM operation: Cleanup
Event: 6.670 Executing VM operation: Cleanup done

Events (20 events):
Event: 2.383 loading class java/util/concurrent/locks/ReentrantReadWriteLock$FairSync done
Event: 2.383 loading class java/util/concurrent/locks/ReentrantReadWriteLock$Sync$ThreadLocalHoldCounter
Event: 2.383 loading class java/util/concurrent/locks/ReentrantReadWriteLock$Sync$ThreadLocalHoldCounter done
Event: 2.383 loading class java/util/concurrent/locks/ReentrantReadWriteLock$ReadLock
Event: 2.383 loading class java/util/concurrent/locks/ReentrantReadWriteLock$ReadLock done
Event: 2.383 loading class java/util/concurrent/locks/ReentrantReadWriteLock$WriteLock
Event: 2.383 loading class java/util/concurrent/locks/ReentrantReadWriteLock$WriteLock done
Event: 2.391 loading class java/util/Base64
Event: 2.391 loading class java/util/Base64 done
Event: 2.391 loading class java/util/Base64$Encoder
Event: 2.391 loading class java/util/Base64$Encoder done
Event: 2.392 Thread 0x00000198d291ad60 Thread added: 0x00000198d291ad60
Event: 2.393 loading class java/util/concurrent/CompletableFuture$UniExceptionally
Event: 2.394 loading class java/util/concurrent/CompletableFuture$UniCompletion
Event: 2.394 loading class java/util/concurrent/CompletableFuture$UniCompletion done
Event: 2.394 loading class java/util/concurrent/CompletableFuture$UniExceptionally done
Event: 2.577 Thread 0x00000198d4963610 Thread exited: 0x00000198d4963610
Event: 6.453 Thread 0x00000198d28c28e0 Thread exited: 0x00000198d28c28e0
Event: 7.994 loading class java/time/Instant$1
Event: 7.994 loading class java/time/Instant$1 done


Dynamic libraries:
0x00007ff6fb7d0000 - 0x00007ff6fb7de000 	E:\Software\eclipse-jee-2022-06-R-win32-x86_64\eclipse\plugins\org.eclipse.justj.openjdk.hotspot.jre.full.win32.x86_64_17.0.3.v20220515-1416\jre\bin\javaw.exe
0x00007ffb62340000 - 0x00007ffb62549000 	C:\Windows\SYSTEM32\ntdll.dll
0x00007ffb62090000 - 0x00007ffb6214d000 	C:\Windows\System32\KERNEL32.DLL
0x00007ffb5f820000 - 0x00007ffb5fb9d000 	C:\Windows\System32\KERNELBASE.dll
0x00007ffb5fef0000 - 0x00007ffb60001000 	C:\Windows\System32\ucrtbase.dll
0x00007ffb4e530000 - 0x00007ffb4e548000 	E:\Software\eclipse-jee-2022-06-R-win32-x86_64\eclipse\plugins\org.eclipse.justj.openjdk.hotspot.jre.full.win32.x86_64_17.0.3.v20220515-1416\jre\bin\jli.dll
0x00007ffb61530000 - 0x00007ffb616dd000 	C:\Windows\System32\USER32.dll
0x00007ffb5fcd0000 - 0x00007ffb5fcf6000 	C:\Windows\System32\win32u.dll
0x00007ffb61490000 - 0x00007ffb614b9000 	C:\Windows\System32\GDI32.dll
0x00007ffb60010000 - 0x00007ffb60128000 	C:\Windows\System32\gdi32full.dll
0x00007ffb60130000 - 0x00007ffb601cd000 	C:\Windows\System32\msvcp_win.dll
0x00007ffb4e140000 - 0x00007ffb4e159000 	E:\Software\eclipse-jee-2022-06-R-win32-x86_64\eclipse\plugins\org.eclipse.justj.openjdk.hotspot.jre.full.win32.x86_64_17.0.3.v20220515-1416\jre\bin\VCRUNTIME140.dll
0x00007ffb4a190000 - 0x00007ffb4a435000 	C:\Windows\WinSxS\amd64_microsoft.windows.common-controls_6595b64144ccf1df_6.0.22000.120_none_9d947278b86cc467\COMCTL32.dll
0x00007ffb616e0000 - 0x00007ffb61783000 	C:\Windows\System32\msvcrt.dll
0x00007ffb61fb0000 - 0x00007ffb61fe1000 	C:\Windows\System32\IMM32.DLL
0x00007ffb54300000 - 0x00007ffb5430c000 	E:\Software\eclipse-jee-2022-06-R-win32-x86_64\eclipse\plugins\org.eclipse.justj.openjdk.hotspot.jre.full.win32.x86_64_17.0.3.v20220515-1416\jre\bin\vcruntime140_1.dll
0x00007ffb4b260000 - 0x00007ffb4b2f1000 	E:\Software\eclipse-jee-2022-06-R-win32-x86_64\eclipse\plugins\org.eclipse.justj.openjdk.hotspot.jre.full.win32.x86_64_17.0.3.v20220515-1416\jre\bin\msvcp140.dll
0x00007ffaf5660000 - 0x00007ffaf62a8000 	E:\Software\eclipse-jee-2022-06-R-win32-x86_64\eclipse\plugins\org.eclipse.justj.openjdk.hotspot.jre.full.win32.x86_64_17.0.3.v20220515-1416\jre\bin\server\jvm.dll
0x00007ffb60740000 - 0x00007ffb607ee000 	C:\Windows\System32\ADVAPI32.dll
0x00007ffb60580000 - 0x00007ffb6061e000 	C:\Windows\System32\sechost.dll
0x00007ffb601d0000 - 0x00007ffb602f0000 	C:\Windows\System32\RPCRT4.dll
0x00007ffb61820000 - 0x00007ffb61828000 	C:\Windows\System32\PSAPI.DLL
0x00007ffb44ea0000 - 0x00007ffb44ea9000 	C:\Windows\SYSTEM32\WSOCK32.dll
0x00007ffb614c0000 - 0x00007ffb6152f000 	C:\Windows\System32\WS2_32.dll
0x00007ffb5d320000 - 0x00007ffb5d353000 	C:\Windows\SYSTEM32\WINMM.dll
0x00007ffb54ed0000 - 0x00007ffb54eda000 	C:\Windows\SYSTEM32\VERSION.dll
0x00007ffb5e990000 - 0x00007ffb5e9a8000 	C:\Windows\SYSTEM32\kernel.appcore.dll
0x00007ffb5c310000 - 0x00007ffb5c31a000 	E:\Software\eclipse-jee-2022-06-R-win32-x86_64\eclipse\plugins\org.eclipse.justj.openjdk.hotspot.jre.full.win32.x86_64_17.0.3.v20220515-1416\jre\bin\jimage.dll
0x00007ffb5d090000 - 0x00007ffb5d2b1000 	C:\Windows\SYSTEM32\DBGHELP.DLL
0x00007ffb5d2c0000 - 0x00007ffb5d2f1000 	C:\Windows\SYSTEM32\dbgcore.DLL
0x00007ffb5fe70000 - 0x00007ffb5feef000 	C:\Windows\System32\bcryptPrimitives.dll
0x00007ffb4cbd0000 - 0x00007ffb4cbf5000 	E:\Software\eclipse-jee-2022-06-R-win32-x86_64\eclipse\plugins\org.eclipse.justj.openjdk.hotspot.jre.full.win32.x86_64_17.0.3.v20220515-1416\jre\bin\java.dll
0x00007ffb54a70000 - 0x00007ffb54a88000 	E:\Software\eclipse-jee-2022-06-R-win32-x86_64\eclipse\plugins\org.eclipse.justj.openjdk.hotspot.jre.full.win32.x86_64_17.0.3.v20220515-1416\jre\bin\zip.dll
0x00007ffb60940000 - 0x00007ffb610f8000 	C:\Windows\System32\SHELL32.dll
0x00007ffb5d990000 - 0x00007ffb5e1f8000 	C:\Windows\SYSTEM32\windows.storage.dll
0x00007ffb61100000 - 0x00007ffb61479000 	C:\Windows\System32\combase.dll
0x00007ffb5d820000 - 0x00007ffb5d986000 	C:\Windows\SYSTEM32\wintypes.dll
0x00007ffb60490000 - 0x00007ffb6057a000 	C:\Windows\System32\SHCORE.dll
0x00007ffb62260000 - 0x00007ffb622bd000 	C:\Windows\System32\shlwapi.dll
0x00007ffb5f750000 - 0x00007ffb5f771000 	C:\Windows\SYSTEM32\profapi.dll
0x00007ffb53ec0000 - 0x00007ffb53ed9000 	E:\Software\eclipse-jee-2022-06-R-win32-x86_64\eclipse\plugins\org.eclipse.justj.openjdk.hotspot.jre.full.win32.x86_64_17.0.3.v20220515-1416\jre\bin\net.dll
0x00007ffb58850000 - 0x00007ffb5895c000 	C:\Windows\SYSTEM32\WINHTTP.dll
0x00007ffb5edc0000 - 0x00007ffb5ee27000 	C:\Windows\system32\mswsock.dll
0x00007ffb53000000 - 0x00007ffb53015000 	E:\Software\eclipse-jee-2022-06-R-win32-x86_64\eclipse\plugins\org.eclipse.justj.openjdk.hotspot.jre.full.win32.x86_64_17.0.3.v20220515-1416\jre\bin\nio.dll
0x00007ffb5e4c0000 - 0x00007ffb5e4ed000 	C:\Windows\SYSTEM32\IPHLPAPI.DLL
0x00007ffb61480000 - 0x00007ffb61489000 	C:\Windows\System32\NSI.dll
0x00007ffb58830000 - 0x00007ffb58849000 	C:\Windows\SYSTEM32\dhcpcsvc6.DLL
0x00007ffb58a60000 - 0x00007ffb58a7e000 	C:\Windows\SYSTEM32\dhcpcsvc.DLL
0x00007ffb5e530000 - 0x00007ffb5e618000 	C:\Windows\SYSTEM32\DNSAPI.dll
0x00007ffb5c120000 - 0x00007ffb5c130000 	E:\Software\eclipse-jee-2022-06-R-win32-x86_64\eclipse\plugins\org.eclipse.justj.openjdk.hotspot.jre.full.win32.x86_64_17.0.3.v20220515-1416\jre\bin\verify.dll
0x00007ffb5f080000 - 0x00007ffb5f098000 	C:\Windows\SYSTEM32\CRYPTSP.dll
0x00007ffb5e8f0000 - 0x00007ffb5e925000 	C:\Windows\system32\rsaenh.dll
0x00007ffb5ef30000 - 0x00007ffb5ef59000 	C:\Windows\SYSTEM32\USERENV.dll
0x00007ffb5f200000 - 0x00007ffb5f227000 	C:\Windows\SYSTEM32\bcrypt.dll
0x00007ffb5f0a0000 - 0x00007ffb5f0ac000 	C:\Windows\SYSTEM32\CRYPTBASE.dll
0x0000000067b90000 - 0x0000000067bb6000 	C:\Program Files\Bonjour\mdnsNSP.dll
0x00007ffb549a0000 - 0x00007ffb549aa000 	C:\Windows\System32\rasadhlp.dll
0x00007ffb54c60000 - 0x00007ffb54ce1000 	C:\Windows\System32\fwpuclnt.dll
0x00007ffb55c70000 - 0x00007ffb55c79000 	E:\Software\eclipse-jee-2022-06-R-win32-x86_64\eclipse\plugins\org.eclipse.justj.openjdk.hotspot.jre.full.win32.x86_64_17.0.3.v20220515-1416\jre\bin\management.dll
0x00007ffb55c40000 - 0x00007ffb55c4b000 	E:\Software\eclipse-jee-2022-06-R-win32-x86_64\eclipse\plugins\org.eclipse.justj.openjdk.hotspot.jre.full.win32.x86_64_17.0.3.v20220515-1416\jre\bin\management_ext.dll
0x00007ffb5aef0000 - 0x00007ffb5aefe000 	E:\Software\eclipse-jee-2022-06-R-win32-x86_64\eclipse\plugins\org.eclipse.justj.openjdk.hotspot.jre.full.win32.x86_64_17.0.3.v20220515-1416\jre\bin\sunmscapi.dll
0x00007ffb5fd00000 - 0x00007ffb5fe62000 	C:\Windows\System32\CRYPT32.dll
0x00007ffb5f1d0000 - 0x00007ffb5f1f8000 	C:\Windows\SYSTEM32\ncrypt.dll
0x00007ffb5f190000 - 0x00007ffb5f1c7000 	C:\Windows\SYSTEM32\NTASN1.dll
0x00007ffb53850000 - 0x00007ffb53858000 	C:\Windows\system32\wshunix.dll
0x00007ffb313f0000 - 0x00007ffb31407000 	C:\Windows\system32\napinsp.dll
0x00007ffb313d0000 - 0x00007ffb313eb000 	C:\Windows\system32\pnrpnsp.dll
0x00007ffb313b0000 - 0x00007ffb313c2000 	C:\Windows\System32\winrnr.dll
0x00007ffb31390000 - 0x00007ffb313a5000 	C:\Windows\system32\wshbth.dll
0x00007ffb31370000 - 0x00007ffb3138f000 	C:\Windows\system32\nlansp_c.dll

dbghelp: loaded successfully - version: 4.0.5 - missing functions: none
symbol engine: initialized successfully - sym options: 0x614 - pdb path: .;E:\Software\eclipse-jee-2022-06-R-win32-x86_64\eclipse\plugins\org.eclipse.justj.openjdk.hotspot.jre.full.win32.x86_64_17.0.3.v20220515-1416\jre\bin;C:\Windows\SYSTEM32;C:\Windows\WinSxS\amd64_microsoft.windows.common-controls_6595b64144ccf1df_6.0.22000.120_none_9d947278b86cc467;E:\Software\eclipse-jee-2022-06-R-win32-x86_64\eclipse\plugins\org.eclipse.justj.openjdk.hotspot.jre.full.win32.x86_64_17.0.3.v20220515-1416\jre\bin\server;C:\Program Files\Bonjour

VM Arguments:
jvm_args: -ea -Dfile.encoding=UTF-8 -XX:+ShowCodeDetailsInExceptionMessages 
java_command: org.eclipse.jdt.internal.junit.runner.RemoteTestRunner -version 3 -port 61678 -testLoaderClass org.eclipse.jdt.internal.junit4.runner.JUnit4TestLoader -loaderpluginname org.eclipse.jdt.junit4.runtime -test com.bmf.automation.runner.TestRunner:verify user can Reload his Card with valid kit number mapped to his credentials
java_class_path (initial): E:\Software\eclipse-jee-2022-06-R-win32-x86_64\workspace\test-automation-www\target\test-classes;E:\Software\eclipse-jee-2022-06-R-win32-x86_64\workspace\test-automation-www\target\classes;C:\Users\dbisw\.m2\repository\junit\junit\4.13.2\junit-4.13.2.jar;C:\Users\dbisw\.m2\repository\org\hamcrest\hamcrest-core\1.3\hamcrest-core-1.3.jar;C:\Users\dbisw\.m2\repository\io\cucumber\cucumber-java\7.4.1\cucumber-java-7.4.1.jar;C:\Users\dbisw\.m2\repository\org\apiguardian\apiguardian-api\1.1.2\apiguardian-api-1.1.2.jar;C:\Users\dbisw\.m2\repository\io\cucumber\cucumber-junit\7.4.1\cucumber-junit-7.4.1.jar;C:\Users\dbisw\.m2\repository\io\cucumber\cucumber-core\7.4.1\cucumber-core-7.4.1.jar;C:\Users\dbisw\.m2\repository\io\cucumber\cucumber-gherkin-messages\7.4.1\cucumber-gherkin-messages-7.4.1.jar;C:\Users\dbisw\.m2\repository\io\cucumber\gherkin\23.0.1\gherkin-23.0.1.jar;C:\Users\dbisw\.m2\repository\io\cucumber\messages\18.0.0\messages-18.0.0.jar;C:\Users\dbisw\.m2\repository\io\cucumber\tag-expressions\4.1.0\tag-expressions-4.1.0.jar;C:\Users\dbisw\.m2\repository\io\cucumber\cucumber-expressions\16.0.0\cucumber-expressions-16.0.0.jar;C:\Users\dbisw\.m2\repository\io\cucumber\datatable\7.4.1\datatable-7.4.1.jar;C:\Users\dbisw\.m2\repository\io\cucumber\cucumber-plugin\7.4.1\cucumber-plugin-7.4.1.jar;C:\Users\dbisw\.m2\repository\io\cucumber\docstring\7.4.1\docstring-7.4.1.jar;C:\Users\dbisw\.m2\repository\io\cucumber\html-formatter\19.2.0\html-formatter-19.2.0.jar;C:\Users\dbisw\.m2\repository\io\cucumber\ci-environment\9.0.4\ci-environment-9.0.4.jar;C:\Users\dbisw\.m2\repository\io\cucumber\cucumber-gherkin\7.4.1\cucumber-gherkin-7.4.1.jar;C:\Users\dbisw\.m2\repository\org\seleniumhq\selenium\selenium-java\4.3.0\selenium-java-4.3.0.jar;C:\Users\dbisw\.m2\repository\org\seleniumhq\selenium\selenium-api\4.3.0\selenium-api-4.3.0.jar;C:\Users\dbisw\.m2\repository\org\seleniumhq\selenium\selenium-chrome-driver\4.3.0\selenium-chrome-driver-4.3.0.j
Launcher Type: SUN_STANDARD

[Global flags]
     intx CICompilerCount                          = 3                                         {product} {ergonomic}
     uint ConcGCThreads                            = 1                                         {product} {ergonomic}
     uint G1ConcRefinementThreads                  = 4                                         {product} {ergonomic}
   size_t G1HeapRegionSize                         = 1048576                                   {product} {ergonomic}
    uintx GCDrainStackTargetSize                   = 64                                        {product} {ergonomic}
   size_t InitialHeapSize                          = 132120576                                 {product} {ergonomic}
   size_t MarkStackSize                            = 4194304                                   {product} {ergonomic}
   size_t MaxHeapSize                              = 2095054848                                {product} {ergonomic}
   size_t MaxNewSize                               = 1256194048                                {product} {ergonomic}
   size_t MinHeapDeltaBytes                        = 1048576                                   {product} {ergonomic}
   size_t MinHeapSize                              = 8388608                                   {product} {ergonomic}
    uintx NonNMethodCodeHeapSize                   = 5832780                                {pd product} {ergonomic}
    uintx NonProfiledCodeHeapSize                  = 122912730                              {pd product} {ergonomic}
    uintx ProfiledCodeHeapSize                     = 122912730                              {pd product} {ergonomic}
    uintx ReservedCodeCacheSize                    = 251658240                              {pd product} {ergonomic}
     bool SegmentedCodeCache                       = true                                      {product} {ergonomic}
     bool ShowCodeDetailsInExceptionMessages       = true                                   {manageable} {command line}
   size_t SoftMaxHeapSize                          = 2095054848                             {manageable} {ergonomic}
     bool UseCompressedClassPointers               = true                           {product lp64_product} {ergonomic}
     bool UseCompressedOops                        = true                           {product lp64_product} {ergonomic}
     bool UseG1GC                                  = true                                      {product} {ergonomic}
     bool UseLargePagesIndividualAllocation        = false                                  {pd product} {ergonomic}

Logging:
Log output configuration:
 #0: stdout all=warning uptime,level,tags
 #1: stderr all=off uptime,level,tags

Environment Variables:
PATH=E:/Software/eclipse-jee-2022-06-R-win32-x86_64/eclipse//plugins/org.eclipse.justj.openjdk.hotspot.jre.full.win32.x86_64_17.0.3.v20220515-1416/jre/bin/server;E:/Software/eclipse-jee-2022-06-R-win32-x86_64/eclipse//plugins/org.eclipse.justj.openjdk.hotspot.jre.full.win32.x86_64_17.0.3.v20220515-1416/jre/bin;C:\Windows\system32;C:\Windows;C:\Windows\System32\Wbem;C:\Windows\System32\WindowsPowerShell\v1.0\;C:\Windows\System32\OpenSSH\;C:\Users\dbisw\AppData\Local\Microsoft\WindowsApps;C:\Users\dbisw\AppData\Local\GitHubDesktop\bin;E:\Software\eclipse-jee-2022-06-R-win32-x86_64\eclipse;
USERNAME=dbisw
OS=Windows_NT
PROCESSOR_IDENTIFIER=Intel64 Family 6 Model 140 Stepping 1, GenuineIntel



---------------  S Y S T E M  ---------------

OS:
 Windows 11 , 64 bit Build 22000 (10.0.22000.708)
OS uptime: 11 days 0:49 hours

CPU: total 4 (initial active 4) (2 cores per cpu, 2 threads per core) family 6 model 140 stepping 1 microcode 0x9a, cx8, cmov, fxsr, ht, mmx, 3dnowpref, sse, sse2, sse3, ssse3, sse4.1, sse4.2, popcnt, lzcnt, tsc, tscinvbit, avx, avx2, aes, erms, clmul, bmi1, bmi2, adx, avx512f, avx512dq, avx512cd, avx512bw, avx512vl, sha, fma, vzeroupper, avx512_vpopcntdq, avx512_vpclmulqdq, avx512_vaes, avx512_vnni, clflush, clflushopt, clwb, avx512_vbmi2, avx512_vbmi

Memory: 4k page, system-wide physical 7991M (312M free)
TotalPageFile size 26688M (AvailPageFile size 3M)
current process WorkingSet (physical memory assigned to process): 145M, peak: 169M
current process commit charge ("private bytes"): 209M, peak: 238M

vm_info: OpenJDK 64-Bit Server VM (17.0.3+7) for windows-amd64 JRE (17.0.3+7), built on Apr 19 2022 16:55:35 by "" with MS VC++ 16.7 (VS2019)

END.
