#
# There is insufficient memory for the Java Runtime Environment to continue.
# Native memory allocation (malloc) failed to allocate 945296 bytes for Chunk::new
# Possible reasons:
#   The system is out of physical RAM or swap space
#   The process is running with CompressedOops enabled, and the Java Heap may be blocking the growth of the native heap
# Possible solutions:
#   Reduce memory load on the system
#   Increase physical memory or swap space
#   Check if swap backing store is full
#   Decrease Java heap size (-Xmx/-Xms)
#   Decrease number of Java threads
#   Decrease Java thread stack sizes (-Xss)
#   Set larger code cache with -XX:ReservedCodeCacheSize=
#   JVM is running with Unscaled Compressed Oops mode in which the Java heap is
#     placed in the first 4GB address space. The Java Heap base address is the
#     maximum limit for the native heap growth. Please use -XX:HeapBaseMinAddress
#     to set the Java Heap base and to place the Java Heap above 4GB virtual address.
# This output file may be truncated or incomplete.
#
#  Out of Memory Error (arena.cpp:189), pid=112228, tid=112064
#
# JRE version: OpenJDK Runtime Environment Temurin-17.0.3+7 (17.0.3+7) (build 17.0.3+7)
# Java VM: OpenJDK 64-Bit Server VM Temurin-17.0.3+7 (17.0.3+7, mixed mode, tiered, compressed oops, compressed class ptrs, g1 gc, windows-amd64)
# No core dump will be written. Minidumps are not enabled by default on client versions of Windows
#

---------------  S U M M A R Y ------------

Command Line: -ea -Dfile.encoding=UTF-8 -XX:+ShowCodeDetailsInExceptionMessages org.eclipse.jdt.internal.junit.runner.RemoteTestRunner -version 3 -port 55835 -testLoaderClass org.eclipse.jdt.internal.junit4.runner.JUnit4TestLoader -loaderpluginname org.eclipse.jdt.junit4.runtime -test com.bmf.automation.runner.TestRunner:To verify if user able to create Remit order for USA

Host: 11th Gen Intel(R) Core(TM) i3-1115G4 @ 3.00GHz, 4 cores, 7G,  Windows 11 , 64 bit Build 22000 (10.0.22000.708)
Time: Fri Aug 19 16:36:16 2022 India Standard Time elapsed time: 4.690153 seconds (0d 0h 0m 4s)

---------------  T H R E A D  ---------------

Current thread (0x0000022699008430):  JavaThread "C2 CompilerThread0" daemon [_thread_in_native, id=112064, stack(0x000000b947c00000,0x000000b947d00000)]


Current CompileTask:
C2:   4690 2743   !   4       jdk.internal.loader.BuiltinClassLoader::loadClassOrNull (143 bytes)

Stack: [0x000000b947c00000,0x000000b947d00000]
Native frames: (J=compiled Java code, j=interpreted, Vv=VM code, C=native code)
V  [jvm.dll+0x675efa]
V  [jvm.dll+0x830a24]
V  [jvm.dll+0x8321ce]
V  [jvm.dll+0x832833]
V  [jvm.dll+0x2454b5]
V  [jvm.dll+0xabd7b]
V  [jvm.dll+0xac30c]
V  [jvm.dll+0x2ac5bf]
V  [jvm.dll+0x57cd09]
V  [jvm.dll+0x22056d]
V  [jvm.dll+0x22094f]
V  [jvm.dll+0x21a1b5]
V  [jvm.dll+0x21767b]
V  [jvm.dll+0x1a3ccd]
V  [jvm.dll+0x227178]
V  [jvm.dll+0x2252bc]
V  [jvm.dll+0x7e673b]
V  [jvm.dll+0x7e0cfa]
V  [jvm.dll+0x674d85]
C  [ucrtbase.dll+0x26c0c]
C  [KERNEL32.DLL+0x154e0]
C  [ntdll.dll+0x485b]


---------------  P R O C E S S  ---------------

Threads class SMR info:
_java_thread_list=0x000002269c94a350, length=28, elements={
0x00000226feb9ce20, 0x00000226ffd12f50, 0x00000226ffd162b0, 0x0000022699000080,
0x0000022699002560, 0x00000226990036b0, 0x0000022699006810, 0x0000022699008430,
0x000002269900a6e0, 0x000002269900b480, 0x000002269919d1b0, 0x00000226991b6e70,
0x0000022699709020, 0x000002269a0b7a80, 0x000002269ab77010, 0x000002269a7dc450,
0x000002269a885130, 0x000002269a777040, 0x000002269a3f7b10, 0x000002269a73db50,
0x000002269a73d680, 0x000002269a740b70, 0x000002269a73fd00, 0x000002269a73e4f0,
0x000002269a73f360, 0x000002269a73e020, 0x000002269a73f830, 0x000002269a8fdaf0
}

Java Threads: ( => current thread )
  0x00000226feb9ce20 JavaThread "main" [_thread_blocked, id=65528, stack(0x000000b946f00000,0x000000b947000000)]
  0x00000226ffd12f50 JavaThread "Reference Handler" daemon [_thread_blocked, id=109588, stack(0x000000b947600000,0x000000b947700000)]
  0x00000226ffd162b0 JavaThread "Finalizer" daemon [_thread_blocked, id=91164, stack(0x000000b947700000,0x000000b947800000)]
  0x0000022699000080 JavaThread "Signal Dispatcher" daemon [_thread_blocked, id=83164, stack(0x000000b947800000,0x000000b947900000)]
  0x0000022699002560 JavaThread "Attach Listener" daemon [_thread_blocked, id=110700, stack(0x000000b947900000,0x000000b947a00000)]
  0x00000226990036b0 JavaThread "Service Thread" daemon [_thread_blocked, id=90780, stack(0x000000b947a00000,0x000000b947b00000)]
  0x0000022699006810 JavaThread "Monitor Deflation Thread" daemon [_thread_blocked, id=112388, stack(0x000000b947b00000,0x000000b947c00000)]
=>0x0000022699008430 JavaThread "C2 CompilerThread0" daemon [_thread_in_native, id=112064, stack(0x000000b947c00000,0x000000b947d00000)]
  0x000002269900a6e0 JavaThread "C1 CompilerThread0" daemon [_thread_blocked, id=112024, stack(0x000000b947d00000,0x000000b947e00000)]
  0x000002269900b480 JavaThread "Sweeper thread" daemon [_thread_blocked, id=87704, stack(0x000000b947e00000,0x000000b947f00000)]
  0x000002269919d1b0 JavaThread "Notification Thread" daemon [_thread_blocked, id=87840, stack(0x000000b947f00000,0x000000b948000000)]
  0x00000226991b6e70 JavaThread "Common-Cleaner" daemon [_thread_blocked, id=83024, stack(0x000000b948100000,0x000000b948200000)]
  0x0000022699709020 JavaThread "ReaderThread" [_thread_in_native, id=112352, stack(0x000000b948300000,0x000000b948400000)]
  0x000002269a0b7a80 JavaThread "ForkJoinPool.commonPool-worker-1" daemon [_thread_blocked, id=106448, stack(0x000000b948700000,0x000000b948800000)]
  0x000002269ab77010 JavaThread "AsyncHttpClient-1-1" daemon [_thread_blocked, id=112512, stack(0x000000b948800000,0x000000b948900000)]
  0x000002269a7dc450 JavaThread "Exec Default Executor" daemon [_thread_in_native, id=82704, stack(0x000000b948900000,0x000000b948a00000)]
  0x000002269a885130 JavaThread "Driver Service Executor" daemon [_thread_blocked, id=111108, stack(0x000000b948a00000,0x000000b948b00000)]
  0x000002269a777040 JavaThread "Driver Service Executor" daemon [_thread_blocked, id=89788, stack(0x000000b948b00000,0x000000b948c00000)]
  0x000002269a3f7b10 JavaThread "UrlChecker-2" daemon [_thread_blocked, id=97200, stack(0x000000b948c00000,0x000000b948d00000)]
  0x000002269a73db50 JavaThread "Exec Stream Pumper" daemon [_thread_in_native, id=101308, stack(0x000000b948d00000,0x000000b948e00000)]
  0x000002269a73d680 JavaThread "Exec Stream Pumper" daemon [_thread_in_native, id=112368, stack(0x000000b948e00000,0x000000b948f00000)]
  0x000002269a740b70 JavaThread "Keep-Alive-Timer" daemon [_thread_blocked, id=107840, stack(0x000000b949000000,0x000000b949100000)]
  0x000002269a73fd00 JavaThread "ForkJoinPool.commonPool-worker-2" daemon [_thread_blocked, id=105028, stack(0x000000b949100000,0x000000b949200000)]
  0x000002269a73e4f0 JavaThread "ForkJoinPool.commonPool-worker-3" daemon [_thread_blocked, id=82048, stack(0x000000b949200000,0x000000b949300000)]
  0x000002269a73f360 JavaThread "AsyncHttpClient-1-2" daemon [_thread_in_native, id=100552, stack(0x000000b949300000,0x000000b949400000)]
  0x000002269a73e020 JavaThread "AsyncHttpClient-1-3" daemon [_thread_in_native, id=62372, stack(0x000000b948200000,0x000000b948300000)]
  0x000002269a73f830 JavaThread "AsyncHttpClient-1-4" daemon [_thread_in_native, id=74696, stack(0x000000b949400000,0x000000b949500000)]
  0x000002269a8fdaf0 JavaThread "C2 CompilerThread1" daemon [_thread_in_native, id=101164, stack(0x000000b949500000,0x000000b949600000)]

Other Threads:
  0x00000226ffd0dbf0 VMThread "VM Thread" [stack: 0x000000b947500000,0x000000b947600000] [id=112432]
  0x000002269919dea0 WatcherThread [stack: 0x000000b948000000,0x000000b948100000] [id=110624]
  0x00000226febfb4c0 GCTaskThread "GC Thread#0" [stack: 0x000000b947000000,0x000000b947100000] [id=84512]
  0x0000022699bb9fd0 GCTaskThread "GC Thread#1" [stack: 0x000000b948400000,0x000000b948500000] [id=99816]
  0x00000226995cc2d0 GCTaskThread "GC Thread#2" [stack: 0x000000b948500000,0x000000b948600000] [id=107124]
  0x0000022699d5be20 GCTaskThread "GC Thread#3" [stack: 0x000000b948600000,0x000000b948700000] [id=61068]
  0x00000226fec0bc60 ConcurrentGCThread "G1 Main Marker" [stack: 0x000000b947100000,0x000000b947200000] [id=100048]
  0x00000226fec0c510 ConcurrentGCThread "G1 Conc#0" [stack: 0x000000b947200000,0x000000b947300000] [id=77216]
  0x00000226fec63b20 ConcurrentGCThread "G1 Refine#0" [stack: 0x000000b947300000,0x000000b947400000] [id=102744]
  0x00000226fec643e0 ConcurrentGCThread "G1 Service" [stack: 0x000000b947400000,0x000000b947500000] [id=111996]

Threads with active compile tasks:
C2 CompilerThread0     4754 2743   !   4       jdk.internal.loader.BuiltinClassLoader::loadClassOrNull (143 bytes)
C1 CompilerThread0     4754 2811       3       jdk.internal.jimage.ImageBufferCache$2::compare (13 bytes)
C2 CompilerThread1     4754 2804       4       java.util.TreeMap::put (221 bytes)

VM state: not at safepoint (normal execution)

VM Mutex/Monitor currently owned by a thread: None

Heap address: 0x0000000083200000, size: 1998 MB, Compressed Oops mode: 32-bit

CDS archive(s) not mapped
Compressed class space mapped at: 0x0000000100000000-0x0000000140000000, reserved size: 1073741824
Narrow klass base: 0x0000000000000000, Narrow klass shift: 3, Narrow klass range: 0x140000000

GC Precious Log:
 CPUs: 4 total, 4 available
 Memory: 7991M
 Large Page Support: Disabled
 NUMA Support: Disabled
 Compressed Oops: Enabled (32-bit)
 Heap Region Size: 1M
 Heap Min Capacity: 8M
 Heap Initial Capacity: 126M
 Heap Max Capacity: 1998M
 Pre-touch: Disabled
 Parallel Workers: 4
 Concurrent Workers: 1
 Concurrent Refinement Workers: 4
 Periodic GC: Disabled

Heap:
 garbage-first heap   total 61440K, used 17284K [0x0000000083200000, 0x0000000100000000)
  region size 1024K, 3 young (3072K), 2 survivors (2048K)
 Metaspace       used 35811K, committed 36096K, reserved 1081344K
  class space    used 4166K, committed 4288K, reserved 1048576K

Heap Regions: E=young(eden), S=young(survivor), O=old, HS=humongous(starts), HC=humongous(continues), CS=collection set, F=free, OA=open archive, CA=closed archive, TAMS=top-at-mark-start (previous, next)
|   0|0x0000000083200000, 0x0000000083300000, 0x0000000083300000|100%| O|  |TAMS 0x0000000083300000, 0x0000000083200000| Untracked 
|   1|0x0000000083300000, 0x0000000083400000, 0x0000000083400000|100%| O|  |TAMS 0x0000000083400000, 0x0000000083300000| Untracked 
|   2|0x0000000083400000, 0x0000000083500000, 0x0000000083500000|100%| O|  |TAMS 0x0000000083500000, 0x0000000083400000| Untracked 
|   3|0x0000000083500000, 0x0000000083600000, 0x0000000083600000|100%| O|  |TAMS 0x0000000083600000, 0x0000000083500000| Untracked 
|   4|0x0000000083600000, 0x0000000083700000, 0x0000000083700000|100%| O|  |TAMS 0x0000000083700000, 0x0000000083600000| Complete 
|   5|0x0000000083700000, 0x0000000083800000, 0x0000000083800000|100%| O|  |TAMS 0x0000000083800000, 0x0000000083700000| Untracked 
|   6|0x0000000083800000, 0x0000000083900000, 0x0000000083900000|100%| O|  |TAMS 0x0000000083900000, 0x0000000083800000| Untracked 
|   7|0x0000000083900000, 0x0000000083900000, 0x0000000083a00000|  0%| F|  |TAMS 0x0000000083900000, 0x0000000083900000| Untracked 
|   8|0x0000000083a00000, 0x0000000083a00000, 0x0000000083b00000|  0%| F|  |TAMS 0x0000000083a00000, 0x0000000083a00000| Untracked 
|   9|0x0000000083b00000, 0x0000000083b00000, 0x0000000083c00000|  0%| F|  |TAMS 0x0000000083b00000, 0x0000000083b00000| Untracked 
|  10|0x0000000083c00000, 0x0000000083c00000, 0x0000000083d00000|  0%| F|  |TAMS 0x0000000083c00000, 0x0000000083c00000| Untracked 
|  11|0x0000000083d00000, 0x0000000083d00000, 0x0000000083e00000|  0%| F|  |TAMS 0x0000000083d00000, 0x0000000083d00000| Untracked 
|  12|0x0000000083e00000, 0x0000000083f00000, 0x0000000083f00000|100%| O|  |TAMS 0x0000000083f00000, 0x0000000083e00000| Untracked 
|  13|0x0000000083f00000, 0x0000000084000000, 0x0000000084000000|100%| O|  |TAMS 0x0000000084000000, 0x0000000083f00000| Untracked 
|  14|0x0000000084000000, 0x0000000084100000, 0x0000000084100000|100%| O|  |TAMS 0x0000000084100000, 0x0000000084000000| Untracked 
|  15|0x0000000084100000, 0x0000000084200000, 0x0000000084200000|100%|HS|  |TAMS 0x0000000084200000, 0x0000000084100000| Complete 
|  16|0x0000000084200000, 0x0000000084300000, 0x0000000084300000|100%|HC|  |TAMS 0x0000000084300000, 0x0000000084200000| Complete 
|  17|0x0000000084300000, 0x0000000084400000, 0x0000000084400000|100%|HC|  |TAMS 0x0000000084400000, 0x0000000084300000| Complete 
|  18|0x0000000084400000, 0x0000000084500000, 0x0000000084500000|100%|HC|  |TAMS 0x0000000084500000, 0x0000000084400000| Complete 
|  19|0x0000000084500000, 0x0000000084600000, 0x0000000084600000|100%|HC|  |TAMS 0x0000000084600000, 0x0000000084500000| Complete 
|  20|0x0000000084600000, 0x0000000084600000, 0x0000000084700000|  0%| F|  |TAMS 0x0000000084600000, 0x0000000084600000| Untracked 
|  21|0x0000000084700000, 0x0000000084700000, 0x0000000084800000|  0%| F|  |TAMS 0x0000000084700000, 0x0000000084700000| Untracked 
|  22|0x0000000084800000, 0x0000000084800000, 0x0000000084900000|  0%| F|  |TAMS 0x0000000084800000, 0x0000000084800000| Untracked 
|  23|0x0000000084900000, 0x0000000084900000, 0x0000000084a00000|  0%| F|  |TAMS 0x0000000084900000, 0x0000000084900000| Untracked 
|  24|0x0000000084a00000, 0x0000000084a00000, 0x0000000084b00000|  0%| F|  |TAMS 0x0000000084a00000, 0x0000000084a00000| Untracked 
|  25|0x0000000084b00000, 0x0000000084b00000, 0x0000000084c00000|  0%| F|  |TAMS 0x0000000084b00000, 0x0000000084b00000| Untracked 
|  26|0x0000000084c00000, 0x0000000084c00000, 0x0000000084d00000|  0%| F|  |TAMS 0x0000000084c00000, 0x0000000084c00000| Untracked 
|  27|0x0000000084d00000, 0x0000000084d00000, 0x0000000084e00000|  0%| F|  |TAMS 0x0000000084d00000, 0x0000000084d00000| Untracked 
|  28|0x0000000084e00000, 0x0000000084e00000, 0x0000000084f00000|  0%| F|  |TAMS 0x0000000084e00000, 0x0000000084e00000| Untracked 
|  29|0x0000000084f00000, 0x0000000084f00000, 0x0000000085000000|  0%| F|  |TAMS 0x0000000084f00000, 0x0000000084f00000| Untracked 
|  30|0x0000000085000000, 0x0000000085000000, 0x0000000085100000|  0%| F|  |TAMS 0x0000000085000000, 0x0000000085000000| Untracked 
|  31|0x0000000085100000, 0x0000000085100000, 0x0000000085200000|  0%| F|  |TAMS 0x0000000085100000, 0x0000000085100000| Untracked 
|  32|0x0000000085200000, 0x0000000085200000, 0x0000000085300000|  0%| F|  |TAMS 0x0000000085200000, 0x0000000085200000| Untracked 
|  33|0x0000000085300000, 0x0000000085300000, 0x0000000085400000|  0%| F|  |TAMS 0x0000000085300000, 0x0000000085300000| Untracked 
|  34|0x0000000085400000, 0x0000000085400000, 0x0000000085500000|  0%| F|  |TAMS 0x0000000085400000, 0x0000000085400000| Untracked 
|  35|0x0000000085500000, 0x0000000085500000, 0x0000000085600000|  0%| F|  |TAMS 0x0000000085500000, 0x0000000085500000| Untracked 
|  36|0x0000000085600000, 0x0000000085600000, 0x0000000085700000|  0%| F|  |TAMS 0x0000000085600000, 0x0000000085600000| Untracked 
|  37|0x0000000085700000, 0x0000000085700000, 0x0000000085800000|  0%| F|  |TAMS 0x0000000085700000, 0x0000000085700000| Untracked 
|  38|0x0000000085800000, 0x0000000085800000, 0x0000000085900000|  0%| F|  |TAMS 0x0000000085800000, 0x0000000085800000| Untracked 
|  39|0x0000000085900000, 0x0000000085900000, 0x0000000085a00000|  0%| F|  |TAMS 0x0000000085900000, 0x0000000085900000| Untracked 
|  40|0x0000000085a00000, 0x0000000085a00000, 0x0000000085b00000|  0%| F|  |TAMS 0x0000000085a00000, 0x0000000085a00000| Untracked 
|  41|0x0000000085b00000, 0x0000000085b00000, 0x0000000085c00000|  0%| F|  |TAMS 0x0000000085b00000, 0x0000000085b00000| Untracked 
|  42|0x0000000085c00000, 0x0000000085c00000, 0x0000000085d00000|  0%| F|  |TAMS 0x0000000085c00000, 0x0000000085c00000| Untracked 
|  43|0x0000000085d00000, 0x0000000085d00000, 0x0000000085e00000|  0%| F|  |TAMS 0x0000000085d00000, 0x0000000085d00000| Untracked 
|  44|0x0000000085e00000, 0x0000000085e00000, 0x0000000085f00000|  0%| F|  |TAMS 0x0000000085e00000, 0x0000000085e00000| Untracked 
|  45|0x0000000085f00000, 0x0000000085f00000, 0x0000000086000000|  0%| F|  |TAMS 0x0000000085f00000, 0x0000000085f00000| Untracked 
|  46|0x0000000086000000, 0x0000000086000000, 0x0000000086100000|  0%| F|  |TAMS 0x0000000086000000, 0x0000000086000000| Untracked 
|  47|0x0000000086100000, 0x0000000086100000, 0x0000000086200000|  0%| F|  |TAMS 0x0000000086100000, 0x0000000086100000| Untracked 
|  48|0x0000000086200000, 0x0000000086200000, 0x0000000086300000|  0%| F|  |TAMS 0x0000000086200000, 0x0000000086200000| Untracked 
|  49|0x0000000086300000, 0x0000000086300000, 0x0000000086400000|  0%| F|  |TAMS 0x0000000086300000, 0x0000000086300000| Untracked 
|  50|0x0000000086400000, 0x0000000086400000, 0x0000000086500000|  0%| F|  |TAMS 0x0000000086400000, 0x0000000086400000| Untracked 
|  51|0x0000000086500000, 0x0000000086500000, 0x0000000086600000|  0%| F|  |TAMS 0x0000000086500000, 0x0000000086500000| Untracked 
|  52|0x0000000086600000, 0x0000000086600000, 0x0000000086700000|  0%| F|  |TAMS 0x0000000086600000, 0x0000000086600000| Untracked 
|  53|0x0000000086700000, 0x0000000086700000, 0x0000000086800000|  0%| F|  |TAMS 0x0000000086700000, 0x0000000086700000| Untracked 
|  54|0x0000000086800000, 0x0000000086800000, 0x0000000086900000|  0%| F|  |TAMS 0x0000000086800000, 0x0000000086800000| Untracked 
|  55|0x0000000086900000, 0x0000000086900000, 0x0000000086a00000|  0%| F|  |TAMS 0x0000000086900000, 0x0000000086900000| Untracked 
|  56|0x0000000086a00000, 0x0000000086a00000, 0x0000000086b00000|  0%| F|  |TAMS 0x0000000086a00000, 0x0000000086a00000| Untracked 
|  67|0x0000000087500000, 0x00000000875e1200, 0x0000000087600000| 87%| S|CS|TAMS 0x0000000087500000, 0x0000000087500000| Complete 
|  68|0x0000000087600000, 0x0000000087700000, 0x0000000087700000|100%| S|CS|TAMS 0x0000000087600000, 0x0000000087600000| Complete 
| 125|0x000000008af00000, 0x000000008b000000, 0x000000008b000000|100%| E|  |TAMS 0x000000008af00000, 0x000000008af00000| Complete 

Card table byte_map: [0x00000226ff060000,0x00000226ff450000] _byte_map_base: 0x00000226fec47000

Marking Bits (Prev, Next): (CMBitMap*) 0x00000226febfb970, (CMBitMap*) 0x00000226febfb9b0
 Prev Bits: [0x00000226925e0000, 0x0000022694518000)
 Next Bits: [0x0000022694520000, 0x0000022696458000)

Polling page: 0x00000226fc980000

Metaspace:

Usage:
  Non-class:     30.90 MB used.
      Class:      4.07 MB used.
       Both:     34.97 MB used.

Virtual space:
  Non-class space:       32.00 MB reserved,      31.06 MB ( 97%) committed,  4 nodes.
      Class space:        1.00 GB reserved,       4.19 MB ( <1%) committed,  1 nodes.
             Both:        1.03 GB reserved,      35.25 MB (  3%) committed. 

Chunk freelists:
   Non-Class:  272.00 KB
       Class:  3.66 MB
        Both:  3.92 MB

MaxMetaspaceSize: unlimited
CompressedClassSpaceSize: 1.00 GB
Initial GC threshold: 21.00 MB
Current GC threshold: 58.69 MB
CDS: off
MetaspaceReclaimPolicy: balanced
 - commit_granule_bytes: 65536.
 - commit_granule_words: 8192.
 - virtual_space_node_default_size: 1048576.
 - enlarge_chunks_in_place: 1.
 - new_chunks_are_fully_committed: 0.
 - uncommit_free_chunks: 1.
 - use_allocation_guard: 0.
 - handle_deallocations: 1.


Internal statistics:

num_allocs_failed_limit: 6.
num_arena_births: 270.
num_arena_deaths: 0.
num_vsnodes_births: 5.
num_vsnodes_deaths: 0.
num_space_committed: 564.
num_space_uncommitted: 0.
num_chunks_returned_to_freelist: 6.
num_chunks_taken_from_freelist: 985.
num_chunk_merges: 0.
num_chunk_splits: 673.
num_chunks_enlarged: 529.
num_purges: 0.
num_inconsistent_stats: 0.

CodeHeap 'non-profiled nmethods': size=120000Kb used=1173Kb max_used=1173Kb free=118827Kb
 bounds [0x000002268b0b0000, 0x000002268b320000, 0x00000226925e0000]
CodeHeap 'profiled nmethods': size=120000Kb used=5665Kb max_used=5665Kb free=114334Kb
 bounds [0x0000022683b80000, 0x0000022684110000, 0x000002268b0b0000]
CodeHeap 'non-nmethods': size=5760Kb used=1291Kb max_used=1318Kb free=4469Kb
 bounds [0x00000226835e0000, 0x0000022683850000, 0x0000022683b80000]
 total_blobs=3397 nmethods=2806 adapters=503
 compilation: enabled
              stopped_count=0, restarted_count=0
 full_count=0

Compilation events (20 events):
Event: 4.669 Thread 0x000002269900a6e0 2785       3       io.cucumber.core.internal.com.fasterxml.jackson.databind.introspect.JacksonAnnotationIntrospector::hasIgnoreMarker (6 bytes)
Event: 4.669 Thread 0x000002269900a6e0 nmethod 2785 0x00000226840f7e90 code [0x00000226840f8040, 0x00000226840f8188]
Event: 4.669 Thread 0x000002269900a6e0 2786       3       io.cucumber.core.internal.com.fasterxml.jackson.databind.introspect.JacksonAnnotationIntrospector::_isIgnorable (48 bytes)
Event: 4.669 Thread 0x000002269900a6e0 nmethod 2786 0x00000226840f8210 code [0x00000226840f8440, 0x00000226840f8db8]
Event: 4.669 Thread 0x000002269900a6e0 2787       3       io.cucumber.core.internal.com.fasterxml.jackson.databind.ext.Java7SupportImpl::findTransient (26 bytes)
Event: 4.669 Thread 0x000002269900a6e0 nmethod 2787 0x00000226840f9010 code [0x00000226840f9200, 0x00000226840f96d8]
Event: 4.669 Thread 0x000002269900a6e0 2789       3       io.cucumber.core.internal.com.fasterxml.jackson.databind.introspect.CollectorBase::collectAnnotations (52 bytes)
Event: 4.669 Thread 0x000002269900a6e0 nmethod 2789 0x00000226840f9810 code [0x00000226840f99e0, 0x00000226840f9d68]
Event: 4.669 Thread 0x000002269900a6e0 2783       3       io.cucumber.core.internal.com.fasterxml.jackson.databind.introspect.AnnotatedMethodCollector$MethodBuilder::build (33 bytes)
Event: 4.670 Thread 0x000002269900a6e0 nmethod 2783 0x00000226840f9f90 code [0x00000226840fa1a0, 0x00000226840fa8b8]
Event: 4.670 Thread 0x000002269900a6e0 2780       1       io.cucumber.core.internal.com.fasterxml.jackson.databind.SerializationFeature::getMask (5 bytes)
Event: 4.670 Thread 0x000002269900a6e0 nmethod 2780 0x000002268b1d4e10 code [0x000002268b1d4fa0, 0x000002268b1d5078]
Event: 4.670 Thread 0x000002269900a6e0 2790       3       io.cucumber.core.internal.com.fasterxml.jackson.databind.JavaType::<init> (40 bytes)
Event: 4.670 Thread 0x000002269900a6e0 nmethod 2790 0x00000226840fab10 code [0x00000226840face0, 0x00000226840fb118]
Event: 4.670 Thread 0x000002269900a6e0 2791       3       io.cucumber.core.internal.com.fasterxml.jackson.databind.introspect.JacksonAnnotationIntrospector::findInjectableValue (94 bytes)
Event: 4.671 Thread 0x000002269900a6e0 nmethod 2791 0x00000226840fb310 code [0x00000226840fb640, 0x00000226840fcbc8]
Event: 4.671 Thread 0x000002269900a6e0 2792       3       io.cucumber.core.internal.com.fasterxml.jackson.databind.introspect.POJOPropertiesCollector::_doAddInjectable (114 bytes)
Event: 4.672 Thread 0x000002269900a6e0 nmethod 2792 0x00000226840fd210 code [0x00000226840fd520, 0x00000226840fe608]
Event: 4.673 Thread 0x000002269900a6e0 2794       3       jdk.internal.loader.AbstractClassLoaderValue::map (20 bytes)
Event: 4.673 Thread 0x000002269900a6e0 nmethod 2794 0x00000226840fec10 code [0x00000226840fedc0, 0x00000226840ff088]

GC Heap History (16 events):
Event: 0.512 GC heap before
{Heap before GC invocations=0 (full 0):
 garbage-first heap   total 129024K, used 12288K [0x0000000083200000, 0x0000000100000000)
  region size 1024K, 13 young (13312K), 0 survivors (0K)
 Metaspace       used 10754K, committed 10944K, reserved 1064960K
  class space    used 1059K, committed 1152K, reserved 1048576K
}
Event: 0.516 GC heap after
{Heap after GC invocations=1 (full 0):
 garbage-first heap   total 129024K, used 4236K [0x0000000083200000, 0x0000000100000000)
  region size 1024K, 2 young (2048K), 2 survivors (2048K)
 Metaspace       used 10754K, committed 10944K, reserved 1064960K
  class space    used 1059K, committed 1152K, reserved 1048576K
}
Event: 0.735 GC heap before
{Heap before GC invocations=1 (full 0):
 garbage-first heap   total 129024K, used 18572K [0x0000000083200000, 0x0000000100000000)
  region size 1024K, 16 young (16384K), 2 survivors (2048K)
 Metaspace       used 14789K, committed 14976K, reserved 1064960K
  class space    used 1445K, committed 1536K, reserved 1048576K
}
Event: 0.738 GC heap after
{Heap after GC invocations=2 (full 0):
 garbage-first heap   total 129024K, used 5778K [0x0000000083200000, 0x0000000100000000)
  region size 1024K, 2 young (2048K), 2 survivors (2048K)
 Metaspace       used 14789K, committed 14976K, reserved 1064960K
  class space    used 1445K, committed 1536K, reserved 1048576K
}
Event: 1.147 GC heap before
{Heap before GC invocations=2 (full 0):
 garbage-first heap   total 129024K, used 24210K [0x0000000083200000, 0x0000000100000000)
  region size 1024K, 22 young (22528K), 2 survivors (2048K)
 Metaspace       used 21311K, committed 21504K, reserved 1073152K
  class space    used 2269K, committed 2368K, reserved 1048576K
}
Event: 1.152 GC heap after
{Heap after GC invocations=3 (full 0):
 garbage-first heap   total 129024K, used 7330K [0x0000000083200000, 0x0000000100000000)
  region size 1024K, 3 young (3072K), 3 survivors (3072K)
 Metaspace       used 21311K, committed 21504K, reserved 1073152K
  class space    used 2269K, committed 2368K, reserved 1048576K
}
Event: 1.482 GC heap before
{Heap before GC invocations=4 (full 0):
 garbage-first heap   total 30720K, used 21666K [0x0000000083200000, 0x0000000100000000)
  region size 1024K, 18 young (18432K), 3 survivors (3072K)
 Metaspace       used 26019K, committed 26304K, reserved 1073152K
  class space    used 2841K, committed 2944K, reserved 1048576K
}
Event: 1.486 GC heap after
{Heap after GC invocations=5 (full 0):
 garbage-first heap   total 30720K, used 9038K [0x0000000083200000, 0x0000000100000000)
  region size 1024K, 5 young (5120K), 5 survivors (5120K)
 Metaspace       used 26019K, committed 26304K, reserved 1073152K
  class space    used 2841K, committed 2944K, reserved 1048576K
}
Event: 1.497 GC heap before
{Heap before GC invocations=5 (full 0):
 garbage-first heap   total 30720K, used 10062K [0x0000000083200000, 0x0000000100000000)
  region size 1024K, 6 young (6144K), 5 survivors (5120K)
 Metaspace       used 26073K, committed 26304K, reserved 1073152K
  class space    used 2843K, committed 2944K, reserved 1048576K
}
Event: 1.502 GC heap after
{Heap after GC invocations=6 (full 0):
 garbage-first heap   total 30720K, used 9493K [0x0000000083200000, 0x0000000100000000)
  region size 1024K, 1 young (1024K), 1 survivors (1024K)
 Metaspace       used 26073K, committed 26304K, reserved 1073152K
  class space    used 2843K, committed 2944K, reserved 1048576K
}
Event: 1.640 GC heap before
{Heap before GC invocations=6 (full 0):
 garbage-first heap   total 30720K, used 18709K [0x0000000083200000, 0x0000000100000000)
  region size 1024K, 11 young (11264K), 1 survivors (1024K)
 Metaspace       used 29545K, committed 29760K, reserved 1081344K
  class space    used 3261K, committed 3328K, reserved 1048576K
}
Event: 1.641 GC heap after
{Heap after GC invocations=7 (full 0):
 garbage-first heap   total 30720K, used 10302K [0x0000000083200000, 0x0000000100000000)
  region size 1024K, 2 young (2048K), 2 survivors (2048K)
 Metaspace       used 29545K, committed 29760K, reserved 1081344K
  class space    used 3261K, committed 3328K, reserved 1048576K
}
Event: 1.902 GC heap before
{Heap before GC invocations=7 (full 0):
 garbage-first heap   total 30720K, used 20542K [0x0000000083200000, 0x0000000100000000)
  region size 1024K, 12 young (12288K), 2 survivors (2048K)
 Metaspace       used 32132K, committed 32320K, reserved 1081344K
  class space    used 3634K, committed 3712K, reserved 1048576K
}
Event: 1.905 GC heap after
{Heap after GC invocations=8 (full 0):
 garbage-first heap   total 30720K, used 11251K [0x0000000083200000, 0x0000000100000000)
  region size 1024K, 1 young (1024K), 1 survivors (1024K)
 Metaspace       used 32132K, committed 32320K, reserved 1081344K
  class space    used 3634K, committed 3712K, reserved 1048576K
}
Event: 2.033 GC heap before
{Heap before GC invocations=8 (full 0):
 garbage-first heap   total 30720K, used 16371K [0x0000000083200000, 0x0000000100000000)
  region size 1024K, 7 young (7168K), 1 survivors (1024K)
 Metaspace       used 33491K, committed 33792K, reserved 1081344K
  class space    used 3833K, committed 3968K, reserved 1048576K
}
Event: 2.035 GC heap after
{Heap after GC invocations=9 (full 0):
 garbage-first heap   total 79872K, used 11441K [0x0000000083200000, 0x0000000100000000)
  region size 1024K, 1 young (1024K), 1 survivors (1024K)
 Metaspace       used 33491K, committed 33792K, reserved 1081344K
  class space    used 3833K, committed 3968K, reserved 1048576K
}

Deoptimization events (20 events):
Event: 2.040 Thread 0x000002269a73f360 Uncommon trap: trap_request=0xffffffc6 fr.pc=0x000002268b1834f8 relative=0x0000000000000778
Event: 2.040 Thread 0x000002269a73f360 Uncommon trap: reason=bimorphic_or_optimized_type_check action=maybe_recompile pc=0x000002268b1834f8 method=java.util.HashMap.putVal(ILjava/lang/Object;Ljava/lang/Object;ZZ)Ljava/lang/Object; @ 91 c2
Event: 2.040 Thread 0x000002269a73f360 DEOPT PACKING pc=0x000002268b1834f8 sp=0x000000b9493fead0
Event: 2.040 Thread 0x000002269a73f360 DEOPT UNPACKING pc=0x0000022683635c23 sp=0x000000b9493fea80 mode 2
Event: 2.040 Thread 0x000002269a73f360 Uncommon trap: trap_request=0xffffffc6 fr.pc=0x000002268b1834f8 relative=0x0000000000000778
Event: 2.040 Thread 0x000002269a73f360 Uncommon trap: reason=bimorphic_or_optimized_type_check action=maybe_recompile pc=0x000002268b1834f8 method=java.util.HashMap.putVal(ILjava/lang/Object;Ljava/lang/Object;ZZ)Ljava/lang/Object; @ 91 c2
Event: 2.040 Thread 0x000002269a73f360 DEOPT PACKING pc=0x000002268b1834f8 sp=0x000000b9493fead0
Event: 2.040 Thread 0x000002269a73f360 DEOPT UNPACKING pc=0x0000022683635c23 sp=0x000000b9493fea80 mode 2
Event: 4.615 Thread 0x000002269a73e020 Uncommon trap: trap_request=0xffffffc6 fr.pc=0x000002268b1834f8 relative=0x0000000000000778
Event: 4.615 Thread 0x000002269a73e020 Uncommon trap: reason=bimorphic_or_optimized_type_check action=maybe_recompile pc=0x000002268b1834f8 method=java.util.HashMap.putVal(ILjava/lang/Object;Ljava/lang/Object;ZZ)Ljava/lang/Object; @ 91 c2
Event: 4.615 Thread 0x000002269a73e020 DEOPT PACKING pc=0x000002268b1834f8 sp=0x000000b9482fe8e0
Event: 4.615 Thread 0x000002269a73e020 DEOPT UNPACKING pc=0x0000022683635c23 sp=0x000000b9482fe890 mode 2
Event: 4.615 Thread 0x000002269a73e020 Uncommon trap: trap_request=0xffffffc6 fr.pc=0x000002268b1834f8 relative=0x0000000000000778
Event: 4.615 Thread 0x000002269a73e020 Uncommon trap: reason=bimorphic_or_optimized_type_check action=maybe_recompile pc=0x000002268b1834f8 method=java.util.HashMap.putVal(ILjava/lang/Object;Ljava/lang/Object;ZZ)Ljava/lang/Object; @ 91 c2
Event: 4.615 Thread 0x000002269a73e020 DEOPT PACKING pc=0x000002268b1834f8 sp=0x000000b9482fe8e0
Event: 4.615 Thread 0x000002269a73e020 DEOPT UNPACKING pc=0x0000022683635c23 sp=0x000000b9482fe890 mode 2
Event: 4.667 Thread 0x00000226feb9ce20 Uncommon trap: trap_request=0xffffffc6 fr.pc=0x000002268b1845e0 relative=0x00000000000007e0
Event: 4.667 Thread 0x00000226feb9ce20 Uncommon trap: reason=bimorphic_or_optimized_type_check action=maybe_recompile pc=0x000002268b1845e0 method=java.util.HashMap.putVal(ILjava/lang/Object;Ljava/lang/Object;ZZ)Ljava/lang/Object; @ 91 c2
Event: 4.667 Thread 0x00000226feb9ce20 DEOPT PACKING pc=0x000002268b1845e0 sp=0x000000b946ffd9f0
Event: 4.667 Thread 0x00000226feb9ce20 DEOPT UNPACKING pc=0x0000022683635c23 sp=0x000000b946ffd918 mode 2

Classes unloaded (0 events):
No events

Classes redefined (0 events):
No events

Internal exceptions (20 events):
Event: 1.633 Thread 0x00000226feb9ce20 Exception <a 'java/lang/NoSuchMethodError'{0x0000000084577db8}: 'void java.lang.invoke.DirectMethodHandle$Holder.invokeInterface(java.lang.Object, java.lang.Object, java.lang.Object)'> (0x0000000084577db8) 
thrown [e:\jenkins\tmp\workspace\build\src\src\hotspot\share\interpreter\linkResolver.cpp, line 766]
Event: 1.637 Thread 0x00000226feb9ce20 Exception <a 'java/lang/NoSuchMethodError'{0x00000000845c0150}: 'java.lang.Object java.lang.invoke.DirectMethodHandle$Holder.invokeVirtual(java.lang.Object, java.lang.Object, java.lang.Object)'> (0x00000000845c0150) 
thrown [e:\jenkins\tmp\workspace\build\src\src\hotspot\share\interpreter\linkResolver.cpp, line 766]
Event: 1.679 Thread 0x000002269a7dc450 Exception <a 'java/lang/NoSuchMethodError'{0x0000000089874cb8}: 'void java.lang.invoke.DirectMethodHandle$Holder.invokeStatic(java.lang.Object, long)'> (0x0000000089874cb8) 
thrown [e:\jenkins\tmp\workspace\build\src\src\hotspot\share\interpreter\linkResolver.cpp, line 766]
Event: 1.679 Thread 0x000002269a7dc450 Exception <a 'java/lang/NoSuchMethodError'{0x000000008987a060}: 'java.lang.Object java.lang.invoke.DirectMethodHandle$Holder.newInvokeSpecial(java.lang.Object, long)'> (0x000000008987a060) 
thrown [e:\jenkins\tmp\workspace\build\src\src\hotspot\share\interpreter\linkResolver.cpp, line 766]
Event: 1.680 Thread 0x000002269a7dc450 Exception <a 'java/lang/NoSuchMethodError'{0x00000000898b7970}: 'java.lang.Object java.lang.invoke.DirectMethodHandle$Holder.invokeStaticInit(java.lang.Object, java.lang.Object, long, java.lang.Object)'> (0x00000000898b7970) 
thrown [e:\jenkins\tmp\workspace\build\src\src\hotspot\share\interpreter\linkResolver.cpp, line 766]
Event: 1.681 Thread 0x000002269a7dc450 Exception <a 'java/lang/NoSuchMethodError'{0x00000000898bd9f8}: 'java.lang.Object java.lang.invoke.DirectMethodHandle$Holder.newInvokeSpecial(java.lang.Object, java.lang.Object, long)'> (0x00000000898bd9f8) 
thrown [e:\jenkins\tmp\workspace\build\src\src\hotspot\share\interpreter\linkResolver.cpp, line 766]
Event: 1.681 Thread 0x000002269a7dc450 Exception <a 'java/lang/NoSuchMethodError'{0x00000000898c15c8}: 'java.lang.Object java.lang.invoke.Invokers$Holder.linkToTargetMethod(java.lang.Object, long, java.lang.Object)'> (0x00000000898c15c8) 
thrown [e:\jenkins\tmp\workspace\build\src\src\hotspot\share\interpreter\linkResolver.cpp, line 766]
Event: 1.683 Thread 0x000002269a3f7b10 Exception <a 'java/net/ConnectException'{0x000000008989fec8}: Connection refused: no further information> (0x000000008989fec8) 
thrown [e:\jenkins\tmp\workspace\build\src\src\hotspot\share\prims\jni.cpp, line 535]
Event: 1.683 Thread 0x000002269a3f7b10 Exception <a 'java/net/SocketException'{0x00000000898a0200}: Socket is not connected: shutdown> (0x00000000898a0200) 
thrown [e:\jenkins\tmp\workspace\build\src\src\hotspot\share\prims\jni.cpp, line 535]
Event: 1.707 Thread 0x000002269a3f7b10 Exception <a 'java/net/ConnectException'{0x00000000898a1268}: Connection refused: no further information> (0x00000000898a1268) 
thrown [e:\jenkins\tmp\workspace\build\src\src\hotspot\share\prims\jni.cpp, line 535]
Event: 1.707 Thread 0x000002269a3f7b10 Exception <a 'java/net/SocketException'{0x00000000898a15a0}: Socket is not connected: shutdown> (0x00000000898a15a0) 
thrown [e:\jenkins\tmp\workspace\build\src\src\hotspot\share\prims\jni.cpp, line 535]
Event: 1.750 Thread 0x00000226feb9ce20 Exception <a 'java/lang/NoSuchMethodError'{0x000000008974c6d0}: 'double java.lang.invoke.DirectMethodHandle$Holder.invokeVirtual(java.lang.Object, java.lang.Object)'> (0x000000008974c6d0) 
thrown [e:\jenkins\tmp\workspace\build\src\src\hotspot\share\interpreter\linkResolver.cpp, line 766]
Event: 1.755 Thread 0x00000226feb9ce20 Exception <a 'java/lang/NoSuchMethodError'{0x0000000089752f30}: 'float java.lang.invoke.DirectMethodHandle$Holder.invokeVirtual(java.lang.Object, java.lang.Object)'> (0x0000000089752f30) 
thrown [e:\jenkins\tmp\workspace\build\src\src\hotspot\share\interpreter\linkResolver.cpp, line 766]
Event: 1.756 Thread 0x00000226feb9ce20 Exception <a 'java/lang/NoSuchMethodError'{0x000000008975c1b8}: 'long java.lang.invoke.DirectMethodHandle$Holder.invokeVirtual(java.lang.Object, java.lang.Object)'> (0x000000008975c1b8) 
thrown [e:\jenkins\tmp\workspace\build\src\src\hotspot\share\interpreter\linkResolver.cpp, line 766]
Event: 1.787 Thread 0x00000226feb9ce20 Exception <a 'java/lang/NoSuchMethodError'{0x0000000084ba41c0}: 'void java.lang.invoke.DirectMethodHandle$Holder.invokeStatic(java.lang.Object, java.lang.Object, int)'> (0x0000000084ba41c0) 
thrown [e:\jenkins\tmp\workspace\build\src\src\hotspot\share\interpreter\linkResolver.cpp, line 766]
Event: 1.834 Thread 0x00000226feb9ce20 Exception <a 'java/lang/NoSuchMethodError'{0x000000008493fd00}: 'int java.lang.invoke.DirectMethodHandle$Holder.invokeSpecialIFC(java.lang.Object, java.lang.Object, java.lang.Object)'> (0x000000008493fd00) 
thrown [e:\jenkins\tmp\workspace\build\src\src\hotspot\share\interpreter\linkResolver.cpp, line 766]
Event: 1.896 Thread 0x00000226feb9ce20 Exception <a 'java/lang/NoSuchMethodError'{0x000000008467ef58}: 'void java.lang.invoke.DirectMethodHandle$Holder.invokeSpecial(java.lang.Object, java.lang.Object, java.lang.Object, java.lang.Object, java.lang.Object, java.lang.Object)'> (0x000000008467ef58) 
thrown [e:\jenkins\tmp\workspace\build\src\src\hotspot\share\interpreter\linkResolver.cpp, line 766]
Event: 4.568 Thread 0x00000226feb9ce20 Exception <a 'java/lang/NoSuchMethodError'{0x00000000898dbe30}: 'java.lang.Object java.lang.invoke.DirectMethodHandle$Holder.invokeSpecialIFC(java.lang.Object, java.lang.Object, java.lang.Object)'> (0x00000000898dbe30) 
thrown [e:\jenkins\tmp\workspace\build\src\src\hotspot\share\interpreter\linkResolver.cpp, line 766]
Event: 4.584 Thread 0x00000226feb9ce20 Exception <a 'java/lang/ClassNotFoundException'{0x000000008979e0f8}: sun/util/logging/resources/spi/loggingProvider> (0x000000008979e0f8) 
thrown [e:\jenkins\tmp\workspace\build\src\src\hotspot\share\classfile\systemDictionary.cpp, line 256]
Event: 4.630 Thread 0x00000226feb9ce20 Exception <a 'java/lang/reflect/InvocationTargetException'{0x000000008794f5f8}> (0x000000008794f5f8) 
thrown [e:\jenkins\tmp\workspace\build\src\src\hotspot\share\runtime\reflection.cpp, line 1121]

VM Operations (20 events):
Event: 1.482 Executing VM operation: G1CollectForAllocation
Event: 1.486 Executing VM operation: G1CollectForAllocation done
Event: 1.497 Executing VM operation: G1CollectForAllocation
Event: 1.502 Executing VM operation: G1CollectForAllocation done
Event: 1.545 Executing VM operation: HandshakeAllThreads
Event: 1.545 Executing VM operation: HandshakeAllThreads done
Event: 1.640 Executing VM operation: G1CollectForAllocation
Event: 1.641 Executing VM operation: G1CollectForAllocation done
Event: 1.740 Executing VM operation: HandshakeAllThreads
Event: 1.740 Executing VM operation: HandshakeAllThreads done
Event: 1.740 Executing VM operation: HandshakeAllThreads
Event: 1.740 Executing VM operation: HandshakeAllThreads done
Event: 1.742 Executing VM operation: HandshakeAllThreads
Event: 1.742 Executing VM operation: HandshakeAllThreads done
Event: 1.902 Executing VM operation: G1CollectForAllocation
Event: 1.905 Executing VM operation: G1CollectForAllocation done
Event: 2.033 Executing VM operation: G1TryInitiateConcMark
Event: 2.035 Executing VM operation: G1TryInitiateConcMark done
Event: 3.045 Executing VM operation: Cleanup
Event: 3.045 Executing VM operation: Cleanup done

Events (20 events):
Event: 4.687 loading class org/xml/sax/ErrorHandler done
Event: 4.687 loading class com/sun/org/apache/xml/internal/serializer/DOMSerializer
Event: 4.687 loading class com/sun/org/apache/xml/internal/serializer/DOMSerializer done
Event: 4.687 loading class com/sun/org/apache/xml/internal/serializer/Serializer
Event: 4.687 loading class com/sun/org/apache/xml/internal/serializer/Serializer done
Event: 4.687 loading class com/sun/org/apache/xml/internal/serializer/SerializationHandler done
Event: 4.687 loading class com/sun/org/apache/xml/internal/serializer/SerializerConstants
Event: 4.687 loading class com/sun/org/apache/xml/internal/serializer/SerializerConstants done
Event: 4.687 loading class com/sun/org/apache/xml/internal/serializer/SerializerBase done
Event: 4.687 loading class com/sun/org/apache/xml/internal/serializer/ToUnknownStream done
Event: 4.687 loading class com/sun/org/apache/xml/internal/serializer/AttributesImplSerializer
Event: 4.687 loading class org/xml/sax/helpers/AttributesImpl
Event: 4.687 loading class org/xml/sax/Attributes
Event: 4.687 loading class org/xml/sax/Attributes done
Event: 4.687 loading class org/xml/sax/helpers/AttributesImpl done
Event: 4.687 loading class com/sun/org/apache/xml/internal/serializer/AttributesImplSerializer done
Event: 4.687 loading class com/sun/org/apache/xml/internal/serializer/ElemContext
Event: 4.687 loading class com/sun/org/apache/xml/internal/serializer/ElemContext done
Event: 4.687 loading class com/sun/org/apache/xml/internal/serializer/ToXMLStream
Event: 4.688 loading class com/sun/org/apache/xml/internal/serializer/ToStream


Dynamic libraries:
0x00007ff7e1c90000 - 0x00007ff7e1c9e000 	E:\Software\eclipse-jee-2022-06-R-win32-x86_64\eclipse\plugins\org.eclipse.justj.openjdk.hotspot.jre.full.win32.x86_64_17.0.3.v20220515-1416\jre\bin\javaw.exe
0x00007ffb62340000 - 0x00007ffb62549000 	C:\Windows\SYSTEM32\ntdll.dll
0x00007ffb62090000 - 0x00007ffb6214d000 	C:\Windows\System32\KERNEL32.DLL
0x00007ffb5f820000 - 0x00007ffb5fb9d000 	C:\Windows\System32\KERNELBASE.dll
0x00007ffb5fef0000 - 0x00007ffb60001000 	C:\Windows\System32\ucrtbase.dll
0x00007ffb53ee0000 - 0x00007ffb53ef9000 	E:\Software\eclipse-jee-2022-06-R-win32-x86_64\eclipse\plugins\org.eclipse.justj.openjdk.hotspot.jre.full.win32.x86_64_17.0.3.v20220515-1416\jre\bin\VCRUNTIME140.dll
0x00007ffb4d6a0000 - 0x00007ffb4d6b8000 	E:\Software\eclipse-jee-2022-06-R-win32-x86_64\eclipse\plugins\org.eclipse.justj.openjdk.hotspot.jre.full.win32.x86_64_17.0.3.v20220515-1416\jre\bin\jli.dll
0x00007ffb61530000 - 0x00007ffb616dd000 	C:\Windows\System32\USER32.dll
0x00007ffb5fcd0000 - 0x00007ffb5fcf6000 	C:\Windows\System32\win32u.dll
0x00007ffb4a190000 - 0x00007ffb4a435000 	C:\Windows\WinSxS\amd64_microsoft.windows.common-controls_6595b64144ccf1df_6.0.22000.120_none_9d947278b86cc467\COMCTL32.dll
0x00007ffb61490000 - 0x00007ffb614b9000 	C:\Windows\System32\GDI32.dll
0x00007ffb616e0000 - 0x00007ffb61783000 	C:\Windows\System32\msvcrt.dll
0x00007ffb60010000 - 0x00007ffb60128000 	C:\Windows\System32\gdi32full.dll
0x00007ffb60130000 - 0x00007ffb601cd000 	C:\Windows\System32\msvcp_win.dll
0x00007ffb61fb0000 - 0x00007ffb61fe1000 	C:\Windows\System32\IMM32.DLL
0x00007ffb5c480000 - 0x00007ffb5c48c000 	E:\Software\eclipse-jee-2022-06-R-win32-x86_64\eclipse\plugins\org.eclipse.justj.openjdk.hotspot.jre.full.win32.x86_64_17.0.3.v20220515-1416\jre\bin\vcruntime140_1.dll
0x00007ffb288b0000 - 0x00007ffb28941000 	E:\Software\eclipse-jee-2022-06-R-win32-x86_64\eclipse\plugins\org.eclipse.justj.openjdk.hotspot.jre.full.win32.x86_64_17.0.3.v20220515-1416\jre\bin\msvcp140.dll
0x00007ffacc790000 - 0x00007ffacd3d8000 	E:\Software\eclipse-jee-2022-06-R-win32-x86_64\eclipse\plugins\org.eclipse.justj.openjdk.hotspot.jre.full.win32.x86_64_17.0.3.v20220515-1416\jre\bin\server\jvm.dll
0x00007ffb60740000 - 0x00007ffb607ee000 	C:\Windows\System32\ADVAPI32.dll
0x00007ffb60580000 - 0x00007ffb6061e000 	C:\Windows\System32\sechost.dll
0x00007ffb601d0000 - 0x00007ffb602f0000 	C:\Windows\System32\RPCRT4.dll
0x00007ffb61820000 - 0x00007ffb61828000 	C:\Windows\System32\PSAPI.DLL
0x00007ffb44ea0000 - 0x00007ffb44ea9000 	C:\Windows\SYSTEM32\WSOCK32.dll
0x00007ffb614c0000 - 0x00007ffb6152f000 	C:\Windows\System32\WS2_32.dll
0x00007ffb5d320000 - 0x00007ffb5d353000 	C:\Windows\SYSTEM32\WINMM.dll
0x00007ffb54ed0000 - 0x00007ffb54eda000 	C:\Windows\SYSTEM32\VERSION.dll
0x00007ffb5e990000 - 0x00007ffb5e9a8000 	C:\Windows\SYSTEM32\kernel.appcore.dll
0x00007ffb5c3f0000 - 0x00007ffb5c3fa000 	E:\Software\eclipse-jee-2022-06-R-win32-x86_64\eclipse\plugins\org.eclipse.justj.openjdk.hotspot.jre.full.win32.x86_64_17.0.3.v20220515-1416\jre\bin\jimage.dll
0x00007ffb5d090000 - 0x00007ffb5d2b1000 	C:\Windows\SYSTEM32\DBGHELP.DLL
0x00007ffb5d2c0000 - 0x00007ffb5d2f1000 	C:\Windows\SYSTEM32\dbgcore.DLL
0x00007ffb5fe70000 - 0x00007ffb5feef000 	C:\Windows\System32\bcryptPrimitives.dll
0x00007ffb45350000 - 0x00007ffb45375000 	E:\Software\eclipse-jee-2022-06-R-win32-x86_64\eclipse\plugins\org.eclipse.justj.openjdk.hotspot.jre.full.win32.x86_64_17.0.3.v20220515-1416\jre\bin\java.dll
0x00007ffb3cc30000 - 0x00007ffb3cc48000 	E:\Software\eclipse-jee-2022-06-R-win32-x86_64\eclipse\plugins\org.eclipse.justj.openjdk.hotspot.jre.full.win32.x86_64_17.0.3.v20220515-1416\jre\bin\zip.dll
0x00007ffb60940000 - 0x00007ffb610f8000 	C:\Windows\System32\SHELL32.dll
0x00007ffb5d990000 - 0x00007ffb5e1f8000 	C:\Windows\SYSTEM32\windows.storage.dll
0x00007ffb61100000 - 0x00007ffb61479000 	C:\Windows\System32\combase.dll
0x00007ffb5d820000 - 0x00007ffb5d986000 	C:\Windows\SYSTEM32\wintypes.dll
0x00007ffb60490000 - 0x00007ffb6057a000 	C:\Windows\System32\SHCORE.dll
0x00007ffb62260000 - 0x00007ffb622bd000 	C:\Windows\System32\shlwapi.dll
0x00007ffb5f750000 - 0x00007ffb5f771000 	C:\Windows\SYSTEM32\profapi.dll
0x00007ffb3c4e0000 - 0x00007ffb3c4f9000 	E:\Software\eclipse-jee-2022-06-R-win32-x86_64\eclipse\plugins\org.eclipse.justj.openjdk.hotspot.jre.full.win32.x86_64_17.0.3.v20220515-1416\jre\bin\net.dll
0x00007ffb58850000 - 0x00007ffb5895c000 	C:\Windows\SYSTEM32\WINHTTP.dll
0x00007ffb5edc0000 - 0x00007ffb5ee27000 	C:\Windows\system32\mswsock.dll
0x00007ffb3bc60000 - 0x00007ffb3bc75000 	E:\Software\eclipse-jee-2022-06-R-win32-x86_64\eclipse\plugins\org.eclipse.justj.openjdk.hotspot.jre.full.win32.x86_64_17.0.3.v20220515-1416\jre\bin\nio.dll
0x00007ffb5e4c0000 - 0x00007ffb5e4ed000 	C:\Windows\SYSTEM32\IPHLPAPI.DLL
0x00007ffb61480000 - 0x00007ffb61489000 	C:\Windows\System32\NSI.dll
0x00007ffb58830000 - 0x00007ffb58849000 	C:\Windows\SYSTEM32\dhcpcsvc6.DLL
0x00007ffb58a60000 - 0x00007ffb58a7e000 	C:\Windows\SYSTEM32\dhcpcsvc.DLL
0x00007ffb5e530000 - 0x00007ffb5e618000 	C:\Windows\SYSTEM32\DNSAPI.dll
0x00007ffb4e350000 - 0x00007ffb4e360000 	E:\Software\eclipse-jee-2022-06-R-win32-x86_64\eclipse\plugins\org.eclipse.justj.openjdk.hotspot.jre.full.win32.x86_64_17.0.3.v20220515-1416\jre\bin\verify.dll
0x00007ffb5f080000 - 0x00007ffb5f098000 	C:\Windows\SYSTEM32\CRYPTSP.dll
0x00007ffb5e8f0000 - 0x00007ffb5e925000 	C:\Windows\system32\rsaenh.dll
0x00007ffb5ef30000 - 0x00007ffb5ef59000 	C:\Windows\SYSTEM32\USERENV.dll
0x00007ffb5f200000 - 0x00007ffb5f227000 	C:\Windows\SYSTEM32\bcrypt.dll
0x00007ffb5f0a0000 - 0x00007ffb5f0ac000 	C:\Windows\SYSTEM32\CRYPTBASE.dll
0x0000000067b90000 - 0x0000000067bb6000 	C:\Program Files\Bonjour\mdnsNSP.dll
0x00007ffb549a0000 - 0x00007ffb549aa000 	C:\Windows\System32\rasadhlp.dll
0x00007ffb54c60000 - 0x00007ffb54ce1000 	C:\Windows\System32\fwpuclnt.dll
0x00007ffb4b890000 - 0x00007ffb4b899000 	E:\Software\eclipse-jee-2022-06-R-win32-x86_64\eclipse\plugins\org.eclipse.justj.openjdk.hotspot.jre.full.win32.x86_64_17.0.3.v20220515-1416\jre\bin\management.dll
0x00007ffb4b6e0000 - 0x00007ffb4b6eb000 	E:\Software\eclipse-jee-2022-06-R-win32-x86_64\eclipse\plugins\org.eclipse.justj.openjdk.hotspot.jre.full.win32.x86_64_17.0.3.v20220515-1416\jre\bin\management_ext.dll
0x00007ffb4c930000 - 0x00007ffb4c93e000 	E:\Software\eclipse-jee-2022-06-R-win32-x86_64\eclipse\plugins\org.eclipse.justj.openjdk.hotspot.jre.full.win32.x86_64_17.0.3.v20220515-1416\jre\bin\sunmscapi.dll
0x00007ffb5fd00000 - 0x00007ffb5fe62000 	C:\Windows\System32\CRYPT32.dll
0x00007ffb5f1d0000 - 0x00007ffb5f1f8000 	C:\Windows\SYSTEM32\ncrypt.dll
0x00007ffb5f190000 - 0x00007ffb5f1c7000 	C:\Windows\SYSTEM32\NTASN1.dll
0x00007ffb5c350000 - 0x00007ffb5c358000 	C:\Windows\system32\wshunix.dll
0x00007ffb313f0000 - 0x00007ffb31407000 	C:\Windows\system32\napinsp.dll
0x00007ffb313d0000 - 0x00007ffb313eb000 	C:\Windows\system32\pnrpnsp.dll
0x00007ffb313b0000 - 0x00007ffb313c2000 	C:\Windows\System32\winrnr.dll
0x00007ffb31390000 - 0x00007ffb313a5000 	C:\Windows\system32\wshbth.dll
0x00007ffb31370000 - 0x00007ffb3138f000 	C:\Windows\system32\nlansp_c.dll

dbghelp: loaded successfully - version: 4.0.5 - missing functions: none
symbol engine: initialized successfully - sym options: 0x614 - pdb path: .;E:\Software\eclipse-jee-2022-06-R-win32-x86_64\eclipse\plugins\org.eclipse.justj.openjdk.hotspot.jre.full.win32.x86_64_17.0.3.v20220515-1416\jre\bin;C:\Windows\SYSTEM32;C:\Windows\WinSxS\amd64_microsoft.windows.common-controls_6595b64144ccf1df_6.0.22000.120_none_9d947278b86cc467;E:\Software\eclipse-jee-2022-06-R-win32-x86_64\eclipse\plugins\org.eclipse.justj.openjdk.hotspot.jre.full.win32.x86_64_17.0.3.v20220515-1416\jre\bin\server;C:\Program Files\Bonjour

VM Arguments:
jvm_args: -ea -Dfile.encoding=UTF-8 -XX:+ShowCodeDetailsInExceptionMessages 
java_command: org.eclipse.jdt.internal.junit.runner.RemoteTestRunner -version 3 -port 55835 -testLoaderClass org.eclipse.jdt.internal.junit4.runner.JUnit4TestLoader -loaderpluginname org.eclipse.jdt.junit4.runtime -test com.bmf.automation.runner.TestRunner:To verify if user able to create Remit order for USA
java_class_path (initial): E:\Software\eclipse-jee-2022-06-R-win32-x86_64\workspace\test-automation-www\target\test-classes;E:\Software\eclipse-jee-2022-06-R-win32-x86_64\workspace\test-automation-www\target\classes;C:\Users\dbisw\.m2\repository\junit\junit\4.13.2\junit-4.13.2.jar;C:\Users\dbisw\.m2\repository\org\hamcrest\hamcrest-core\1.3\hamcrest-core-1.3.jar;C:\Users\dbisw\.m2\repository\io\cucumber\cucumber-java\7.4.1\cucumber-java-7.4.1.jar;C:\Users\dbisw\.m2\repository\org\apiguardian\apiguardian-api\1.1.2\apiguardian-api-1.1.2.jar;C:\Users\dbisw\.m2\repository\io\cucumber\cucumber-junit\7.4.1\cucumber-junit-7.4.1.jar;C:\Users\dbisw\.m2\repository\io\cucumber\cucumber-core\7.4.1\cucumber-core-7.4.1.jar;C:\Users\dbisw\.m2\repository\io\cucumber\cucumber-gherkin-messages\7.4.1\cucumber-gherkin-messages-7.4.1.jar;C:\Users\dbisw\.m2\repository\io\cucumber\gherkin\23.0.1\gherkin-23.0.1.jar;C:\Users\dbisw\.m2\repository\io\cucumber\messages\18.0.0\messages-18.0.0.jar;C:\Users\dbisw\.m2\repository\io\cucumber\tag-expressions\4.1.0\tag-expressions-4.1.0.jar;C:\Users\dbisw\.m2\repository\io\cucumber\cucumber-expressions\16.0.0\cucumber-expressions-16.0.0.jar;C:\Users\dbisw\.m2\repository\io\cucumber\datatable\7.4.1\datatable-7.4.1.jar;C:\Users\dbisw\.m2\repository\io\cucumber\cucumber-plugin\7.4.1\cucumber-plugin-7.4.1.jar;C:\Users\dbisw\.m2\repository\io\cucumber\docstring\7.4.1\docstring-7.4.1.jar;C:\Users\dbisw\.m2\repository\io\cucumber\html-formatter\19.2.0\html-formatter-19.2.0.jar;C:\Users\dbisw\.m2\repository\io\cucumber\ci-environment\9.0.4\ci-environment-9.0.4.jar;C:\Users\dbisw\.m2\repository\io\cucumber\cucumber-gherkin\7.4.1\cucumber-gherkin-7.4.1.jar;C:\Users\dbisw\.m2\repository\org\seleniumhq\selenium\selenium-java\4.3.0\selenium-java-4.3.0.jar;C:\Users\dbisw\.m2\repository\org\seleniumhq\selenium\selenium-api\4.3.0\selenium-api-4.3.0.jar;C:\Users\dbisw\.m2\repository\org\seleniumhq\selenium\selenium-chrome-driver\4.3.0\selenium-chrome-driver-4.3.0.j
Launcher Type: SUN_STANDARD

[Global flags]
     intx CICompilerCount                          = 3                                         {product} {ergonomic}
     uint ConcGCThreads                            = 1                                         {product} {ergonomic}
     uint G1ConcRefinementThreads                  = 4                                         {product} {ergonomic}
   size_t G1HeapRegionSize                         = 1048576                                   {product} {ergonomic}
    uintx GCDrainStackTargetSize                   = 64                                        {product} {ergonomic}
   size_t InitialHeapSize                          = 132120576                                 {product} {ergonomic}
   size_t MarkStackSize                            = 4194304                                   {product} {ergonomic}
   size_t MaxHeapSize                              = 2095054848                                {product} {ergonomic}
   size_t MaxNewSize                               = 1256194048                                {product} {ergonomic}
   size_t MinHeapDeltaBytes                        = 1048576                                   {product} {ergonomic}
   size_t MinHeapSize                              = 8388608                                   {product} {ergonomic}
    uintx NonNMethodCodeHeapSize                   = 5832780                                {pd product} {ergonomic}
    uintx NonProfiledCodeHeapSize                  = 122912730                              {pd product} {ergonomic}
    uintx ProfiledCodeHeapSize                     = 122912730                              {pd product} {ergonomic}
    uintx ReservedCodeCacheSize                    = 251658240                              {pd product} {ergonomic}
     bool SegmentedCodeCache                       = true                                      {product} {ergonomic}
     bool ShowCodeDetailsInExceptionMessages       = true                                   {manageable} {command line}
   size_t SoftMaxHeapSize                          = 2095054848                             {manageable} {ergonomic}
     bool UseCompressedClassPointers               = true                           {product lp64_product} {ergonomic}
     bool UseCompressedOops                        = true                           {product lp64_product} {ergonomic}
     bool UseG1GC                                  = true                                      {product} {ergonomic}
     bool UseLargePagesIndividualAllocation        = false                                  {pd product} {ergonomic}

Logging:
Log output configuration:
 #0: stdout all=warning uptime,level,tags
 #1: stderr all=off uptime,level,tags

Environment Variables:
PATH=E:/Software/eclipse-jee-2022-06-R-win32-x86_64/eclipse//plugins/org.eclipse.justj.openjdk.hotspot.jre.full.win32.x86_64_17.0.3.v20220515-1416/jre/bin/server;E:/Software/eclipse-jee-2022-06-R-win32-x86_64/eclipse//plugins/org.eclipse.justj.openjdk.hotspot.jre.full.win32.x86_64_17.0.3.v20220515-1416/jre/bin;C:\Windows\system32;C:\Windows;C:\Windows\System32\Wbem;C:\Windows\System32\WindowsPowerShell\v1.0\;C:\Windows\System32\OpenSSH\;C:\Users\dbisw\AppData\Local\Microsoft\WindowsApps;C:\Users\dbisw\AppData\Local\GitHubDesktop\bin;E:\Software\eclipse-jee-2022-06-R-win32-x86_64\eclipse;
USERNAME=dbisw
OS=Windows_NT
PROCESSOR_IDENTIFIER=Intel64 Family 6 Model 140 Stepping 1, GenuineIntel



---------------  S Y S T E M  ---------------

OS:
 Windows 11 , 64 bit Build 22000 (10.0.22000.708)
OS uptime: 8 days 2:13 hours

CPU: total 4 (initial active 4) (2 cores per cpu, 2 threads per core) family 6 model 140 stepping 1 microcode 0x9a, cx8, cmov, fxsr, ht, mmx, 3dnowpref, sse, sse2, sse3, ssse3, sse4.1, sse4.2, popcnt, lzcnt, tsc, tscinvbit, avx, avx2, aes, erms, clmul, bmi1, bmi2, adx, avx512f, avx512dq, avx512cd, avx512bw, avx512vl, sha, fma, vzeroupper, avx512_vpopcntdq, avx512_vpclmulqdq, avx512_vaes, avx512_vnni, clflush, clflushopt, clwb, avx512_vbmi2, avx512_vbmi

Memory: 4k page, system-wide physical 7991M (610M free)
TotalPageFile size 26688M (AvailPageFile size 3M)
current process WorkingSet (physical memory assigned to process): 158M, peak: 158M
current process commit charge ("private bytes"): 223M, peak: 228M

vm_info: OpenJDK 64-Bit Server VM (17.0.3+7) for windows-amd64 JRE (17.0.3+7), built on Apr 19 2022 16:55:35 by "" with MS VC++ 16.7 (VS2019)

END.
